2021-03-11 15:57:35,570 DEBUG com.aga.logging.LogbackTest [main] Current thread: main - 1
2021-03-11 15:57:35,592 DEBUG com.aga.logging.LogbackTest [main] Current thread: main - 1
2021-03-11 15:57:35,592 DEBUG com.aga.logging.LogbackTest [main] Current thread: main - 1
2021-03-11 15:57:35,592 DEBUG com.aga.logging.LogbackTest [main] Current thread: main - 1
2021-03-11 15:57:35,592 DEBUG com.aga.logging.LogbackTest [main] Current thread: main - 1
2021-03-11 15:57:35,592 DEBUG com.aga.logging.LogbackTest [main] Current thread: main - 1
2021-03-11 15:57:35,592 DEBUG com.aga.logging.LogbackTest [main] Current thread: main - 1
2021-03-11 15:57:35,592 DEBUG com.aga.logging.LogbackTest [main] Current thread: main - 1
2021-03-11 15:57:35,592 DEBUG com.aga.logging.LogbackTest [main] Current thread: main - 1
2021-03-11 15:57:35,592 DEBUG com.aga.logging.LogbackTest [main] Current thread: main - 1
2021-03-11 15:57:35,592 DEBUG com.aga.logging.LogbackTest [main] Current thread: main - 1
2021-03-11 15:57:35,592 DEBUG com.aga.logging.LogbackTest [main] Current thread: main - 1
2021-03-11 15:57:35,592 DEBUG com.aga.logging.LogbackTest [main] Current thread: main - 1
2021-03-11 15:57:35,592 DEBUG com.aga.logging.LogbackTest [main] Current thread: main - 1
2021-03-11 15:57:35,592 DEBUG com.aga.logging.LogbackTest [main] Current thread: main - 1
2021-03-11 15:57:35,592 DEBUG com.aga.logging.LogbackTest [main] Current thread: main - 1
2021-03-11 15:57:35,592 DEBUG com.aga.logging.LogbackTest [main] Current thread: main - 1
2021-03-11 15:57:35,592 DEBUG com.aga.logging.LogbackTest [main] Current thread: main - 1
2021-03-11 15:57:35,592 DEBUG com.aga.logging.LogbackTest [main] Current thread: main - 1
2021-03-11 15:57:35,592 DEBUG com.aga.logging.LogbackTest [main] Current thread: main - 1
2021-03-11 15:57:35,592 DEBUG com.aga.logging.LogbackTest [main] Current thread: main - 1
2021-03-11 15:57:35,592 DEBUG com.aga.logging.LogbackTest [main] Current thread: main - 1
2021-03-11 15:57:35,592 DEBUG com.aga.logging.LogbackTest [main] Current thread: main - 1
2021-03-11 15:57:35,592 DEBUG com.aga.logging.LogbackTest [main] Current thread: main - 1
2021-03-11 15:57:35,592 DEBUG com.aga.logging.LogbackTest [main] Current thread: main - 1
2021-03-11 15:57:35,592 DEBUG com.aga.logging.LogbackTest [main] Current thread: main - 1
2021-03-11 15:57:35,592 DEBUG com.aga.logging.LogbackTest [main] Current thread: main - 1
2021-03-11 15:57:35,592 DEBUG com.aga.logging.LogbackTest [main] Current thread: main - 1
2021-03-11 15:57:35,592 DEBUG com.aga.logging.LogbackTest [main] Current thread: main - 1
2021-03-11 15:57:35,592 DEBUG com.aga.logging.LogbackTest [main] Current thread: main - 1
2021-03-11 15:57:35,592 DEBUG com.aga.logging.LogbackTest [main] Current thread: main - 1
2021-03-11 15:57:35,592 DEBUG com.aga.logging.LogbackTest [main] Current thread: main - 1
2021-03-11 15:57:35,592 DEBUG com.aga.logging.LogbackTest [main] Current thread: main - 1
2021-03-11 15:57:35,592 DEBUG com.aga.logging.LogbackTest [main] Current thread: main - 1
2021-03-11 15:57:35,592 DEBUG com.aga.logging.LogbackTest [main] Current thread: main - 1
2021-03-11 15:57:35,592 DEBUG com.aga.logging.LogbackTest [main] Current thread: main - 1
2021-03-11 15:57:35,592 DEBUG com.aga.logging.LogbackTest [main] Current thread: main - 1
2021-03-11 15:57:35,592 DEBUG com.aga.logging.LogbackTest [main] Current thread: main - 1
2021-03-11 15:57:35,592 DEBUG com.aga.logging.LogbackTest [main] Current thread: main - 1
2021-03-11 15:57:35,592 DEBUG com.aga.logging.LogbackTest [main] Current thread: main - 1
2021-03-11 15:57:35,592 DEBUG com.aga.logging.LogbackTest [main] Current thread: main - 1
2021-03-11 15:57:35,592 DEBUG com.aga.logging.LogbackTest [main] Current thread: main - 1
2021-03-11 15:57:35,592 DEBUG com.aga.logging.LogbackTest [main] Current thread: main - 1
2021-03-11 15:57:35,592 DEBUG com.aga.logging.LogbackTest [main] Current thread: main - 1
2021-03-11 15:57:35,592 DEBUG com.aga.logging.LogbackTest [main] Current thread: main - 1
2021-03-11 15:57:35,592 DEBUG com.aga.logging.LogbackTest [main] Current thread: main - 1
2021-03-11 15:57:35,592 DEBUG com.aga.logging.LogbackTest [main] Current thread: main - 1
2021-03-11 15:57:35,592 DEBUG com.aga.logging.LogbackTest [main] Current thread: main - 1
2021-03-11 15:57:35,592 DEBUG com.aga.logging.LogbackTest [main] Current thread: main - 1
2021-03-11 15:57:35,592 DEBUG com.aga.logging.LogbackTest [main] Current thread: main - 1
2021-03-11 15:57:35,592 DEBUG com.aga.logging.LogbackTest [main] Current thread: main - 1
2021-03-11 15:57:35,592 DEBUG com.aga.logging.LogbackTest [main] Current thread: main - 1
2021-03-11 15:57:35,592 DEBUG com.aga.logging.LogbackTest [main] Current thread: main - 1
2021-03-11 15:57:35,592 DEBUG com.aga.logging.LogbackTest [main] Current thread: main - 1
2021-03-11 15:57:35,592 DEBUG com.aga.logging.LogbackTest [main] Current thread: main - 1
2021-03-11 15:57:35,592 DEBUG com.aga.logging.LogbackTest [main] Current thread: main - 1
2021-03-11 15:57:35,592 DEBUG com.aga.logging.LogbackTest [main] Current thread: main - 1
2021-03-11 15:57:35,592 DEBUG com.aga.logging.LogbackTest [main] Current thread: main - 1
2021-03-11 15:57:35,592 DEBUG com.aga.logging.LogbackTest [main] Current thread: main - 1
2021-03-11 15:57:35,592 DEBUG com.aga.logging.LogbackTest [main] Current thread: main - 1
2021-03-11 15:57:35,592 DEBUG com.aga.logging.LogbackTest [main] Current thread: main - 1
2021-03-11 15:57:35,592 DEBUG com.aga.logging.LogbackTest [main] Current thread: main - 1
2021-03-11 15:57:35,592 DEBUG com.aga.logging.LogbackTest [main] Current thread: main - 1
2021-03-11 15:57:35,592 DEBUG com.aga.logging.LogbackTest [main] Current thread: main - 1
2021-03-11 15:57:35,592 DEBUG com.aga.logging.LogbackTest [main] Current thread: main - 1
2021-03-11 15:57:35,592 DEBUG com.aga.logging.LogbackTest [main] Current thread: main - 1
2021-03-11 15:57:35,592 DEBUG com.aga.logging.LogbackTest [main] Current thread: main - 1
2021-03-11 15:57:35,592 DEBUG com.aga.logging.LogbackTest [main] Current thread: main - 1
2021-03-11 15:57:35,592 DEBUG com.aga.logging.LogbackTest [main] Current thread: main - 1
2021-03-11 15:57:35,592 DEBUG com.aga.logging.LogbackTest [main] Current thread: main - 1
2021-03-11 15:57:35,592 DEBUG com.aga.logging.LogbackTest [main] Current thread: main - 1
2021-03-11 15:57:35,592 DEBUG com.aga.logging.LogbackTest [main] Current thread: main - 1
2021-03-11 15:57:35,592 DEBUG com.aga.logging.LogbackTest [main] Current thread: main - 1
2021-03-11 15:57:35,592 DEBUG com.aga.logging.LogbackTest [main] Current thread: main - 1
2021-03-11 15:57:35,607 DEBUG com.aga.logging.LogbackTest [main] Current thread: main - 1
2021-03-11 15:57:35,607 DEBUG com.aga.logging.LogbackTest [main] Current thread: main - 1
2021-03-11 15:57:35,607 DEBUG com.aga.logging.LogbackTest [main] Current thread: main - 1
2021-03-11 15:57:35,607 DEBUG com.aga.logging.LogbackTest [main] Current thread: main - 1
2021-03-11 15:57:35,607 DEBUG com.aga.logging.LogbackTest [main] Current thread: main - 1
2021-03-11 15:57:35,607 DEBUG com.aga.logging.LogbackTest [main] Current thread: main - 1
2021-03-11 15:57:35,607 DEBUG com.aga.logging.LogbackTest [main] Current thread: main - 1
2021-03-11 15:57:35,607 DEBUG com.aga.logging.LogbackTest [main] Current thread: main - 1
2021-03-11 15:57:35,607 DEBUG com.aga.logging.LogbackTest [main] Current thread: main - 1
2021-03-11 15:57:35,607 DEBUG com.aga.logging.LogbackTest [main] Current thread: main - 1
2021-03-11 15:57:35,607 DEBUG com.aga.logging.LogbackTest [main] Current thread: main - 1
2021-03-11 15:57:35,607 DEBUG com.aga.logging.LogbackTest [main] Current thread: main - 1
2021-03-11 15:57:35,607 DEBUG com.aga.logging.LogbackTest [main] Current thread: main - 1
2021-03-11 15:57:35,607 DEBUG com.aga.logging.LogbackTest [main] Current thread: main - 1
2021-03-11 15:57:35,607 DEBUG com.aga.logging.LogbackTest [main] Current thread: main - 1
2021-03-11 15:57:35,607 DEBUG com.aga.logging.LogbackTest [main] Current thread: main - 1
2021-03-11 15:57:35,607 DEBUG com.aga.logging.LogbackTest [main] Message logged DEBUG = DEBUG
2021-03-11 15:57:35,607 DEBUG com.aga.logging.LogbackTest [main] Message logged DEBUG == DEBUG
2021-03-11 15:57:35,607 WARN com.aga.logging.LogbackTest [main] Message logged WARN == WARN
2021-03-11 15:57:35,607 WARN com.aga.logging.LogbackTest [main] Message logged WARN == WARN
2021-03-11 15:57:35,607 ERROR com.aga.logging.LogbackTest [main] Message logged ERROR = ERROR
2021-03-11 15:57:35,607 ERROR com.aga.logging.LogbackTest [main] Message logged ERROR = ERROR
