2021-02-19 11:53:13,768 DEBUG LogbackTest [main] Current thread: main 1
2021-02-19 11:53:13,777 DEBUG LogbackTest [main] Current thread: main 1
2021-02-19 11:53:13,777 DEBUG LogbackTest [main] Current thread: main 1
2021-02-19 11:53:13,778 DEBUG LogbackTest [main] Current thread: main 1
2021-02-19 11:53:13,778 DEBUG LogbackTest [main] Current thread: main 1
2021-02-19 11:53:13,778 DEBUG LogbackTest [main] Current thread: main 1
2021-02-19 11:53:13,778 DEBUG LogbackTest [main] Current thread: main 1
2021-02-19 11:53:13,778 DEBUG LogbackTest [main] Current thread: main 1
2021-02-19 11:53:13,780 DEBUG LogbackTest [main] Current thread: main 1
2021-02-19 11:53:13,781 DEBUG LogbackTest [main] Current thread: main 1
2021-02-19 11:53:13,781 DEBUG LogbackTest [main] Current thread: main 1
2021-02-19 11:53:13,781 DEBUG LogbackTest [main] Current thread: main 1
2021-02-19 11:53:13,781 DEBUG LogbackTest [main] Current thread: main 1
2021-02-19 11:53:13,781 DEBUG LogbackTest [main] Current thread: main 1
2021-02-19 11:53:13,781 DEBUG LogbackTest [main] Current thread: main 1
2021-02-19 11:53:13,781 DEBUG LogbackTest [main] Current thread: main 1
2021-02-19 11:53:13,781 DEBUG LogbackTest [main] Current thread: main 1
2021-02-19 11:53:13,781 DEBUG LogbackTest [main] Current thread: main 1
2021-02-19 11:53:13,782 DEBUG LogbackTest [main] Current thread: main 1
2021-02-19 11:53:13,782 DEBUG LogbackTest [main] Current thread: main 1
2021-02-19 11:53:13,782 DEBUG LogbackTest [main] Current thread: main 1
2021-02-19 11:53:13,782 DEBUG LogbackTest [main] Current thread: main 1
2021-02-19 11:53:13,782 DEBUG LogbackTest [main] Current thread: main 1
2021-02-19 11:53:13,782 DEBUG LogbackTest [main] Current thread: main 1
2021-02-19 11:53:13,782 DEBUG LogbackTest [main] Current thread: main 1
2021-02-19 11:53:13,782 DEBUG LogbackTest [main] Current thread: main 1
2021-02-19 11:53:13,782 DEBUG LogbackTest [main] Current thread: main 1
2021-02-19 11:53:13,782 DEBUG LogbackTest [main] Current thread: main 1
2021-02-19 11:53:13,783 DEBUG LogbackTest [main] Current thread: main 1
2021-02-19 11:53:13,783 DEBUG LogbackTest [main] Current thread: main 1
2021-02-19 11:53:13,783 DEBUG LogbackTest [main] Current thread: main 1
2021-02-19 11:53:13,783 DEBUG LogbackTest [main] Current thread: main 1
2021-02-19 11:53:13,783 DEBUG LogbackTest [main] Current thread: main 1
2021-02-19 11:53:13,783 DEBUG LogbackTest [main] Current thread: main 1
2021-02-19 11:53:13,783 DEBUG LogbackTest [main] Current thread: main 1
2021-02-19 11:53:13,783 DEBUG LogbackTest [main] Current thread: main 1
2021-02-19 11:53:13,783 DEBUG LogbackTest [main] Current thread: main 1
2021-02-19 11:53:13,783 DEBUG LogbackTest [main] Current thread: main 1
2021-02-19 11:53:13,783 DEBUG LogbackTest [main] Current thread: main 1
2021-02-19 11:53:13,783 DEBUG LogbackTest [main] Current thread: main 1
2021-02-19 11:53:13,783 DEBUG LogbackTest [main] Current thread: main 1
2021-02-19 11:53:13,783 DEBUG LogbackTest [main] Current thread: main 1
2021-02-19 11:53:13,784 DEBUG LogbackTest [main] Current thread: main 1
2021-02-19 11:53:13,784 DEBUG LogbackTest [main] Current thread: main 1
2021-02-19 11:53:13,784 DEBUG LogbackTest [main] Current thread: main 1
2021-02-19 11:53:13,784 DEBUG LogbackTest [main] Current thread: main 1
2021-02-19 11:53:13,784 DEBUG LogbackTest [main] Current thread: main 1
2021-02-19 11:53:13,784 DEBUG LogbackTest [main] Current thread: main 1
2021-02-19 11:53:13,784 DEBUG LogbackTest [main] Current thread: main 1
2021-02-19 11:53:13,784 DEBUG LogbackTest [main] Current thread: main 1
2021-02-19 11:53:13,784 DEBUG LogbackTest [main] Current thread: main 1
2021-02-19 11:53:13,784 DEBUG LogbackTest [main] Current thread: main 1
2021-02-19 11:53:13,785 DEBUG LogbackTest [main] Current thread: main 1
2021-02-19 11:53:13,785 DEBUG LogbackTest [main] Current thread: main 1
2021-02-19 11:53:13,785 DEBUG LogbackTest [main] Current thread: main 1
2021-02-19 11:53:13,785 DEBUG LogbackTest [main] Current thread: main 1
2021-02-19 11:53:13,785 DEBUG LogbackTest [main] Current thread: main 1
2021-02-19 11:53:13,785 DEBUG LogbackTest [main] Current thread: main 1
2021-02-19 11:53:13,785 DEBUG LogbackTest [main] Current thread: main 1
2021-02-19 11:53:13,785 DEBUG LogbackTest [main] Current thread: main 1
2021-02-19 11:53:13,785 DEBUG LogbackTest [main] Current thread: main 1
2021-02-19 11:53:13,785 DEBUG LogbackTest [main] Current thread: main 1
2021-02-19 11:53:13,785 DEBUG LogbackTest [main] Current thread: main 1
2021-02-19 11:53:13,785 DEBUG LogbackTest [main] Current thread: main 1
2021-02-19 11:53:13,786 DEBUG LogbackTest [main] Current thread: main 1
2021-02-19 11:53:13,786 DEBUG LogbackTest [main] Current thread: main 1
2021-02-19 11:53:13,786 DEBUG LogbackTest [main] Current thread: main 1
2021-02-19 11:53:13,786 DEBUG LogbackTest [main] Current thread: main 1
2021-02-19 11:53:13,786 DEBUG LogbackTest [main] Current thread: main 1
2021-02-19 11:53:13,786 DEBUG LogbackTest [main] Current thread: main 1
2021-02-19 11:53:13,786 DEBUG LogbackTest [main] Current thread: main 1
2021-02-19 11:53:13,786 DEBUG LogbackTest [main] Current thread: main 1
2021-02-19 11:53:13,786 DEBUG LogbackTest [main] Current thread: main 1
2021-02-19 11:53:13,786 DEBUG LogbackTest [main] Current thread: main 1
2021-02-19 11:53:13,786 DEBUG LogbackTest [main] Current thread: main 1
2021-02-19 11:53:13,786 DEBUG LogbackTest [main] Current thread: main 1
2021-02-19 11:53:13,786 DEBUG LogbackTest [main] Current thread: main 1
2021-02-19 11:53:13,786 DEBUG LogbackTest [main] Current thread: main 1
2021-02-19 11:53:13,786 DEBUG LogbackTest [main] Current thread: main 1
2021-02-19 11:53:13,787 DEBUG LogbackTest [main] Current thread: main 1
2021-02-19 11:53:13,787 DEBUG LogbackTest [main] Current thread: main 1
2021-02-19 11:53:13,787 DEBUG LogbackTest [main] Current thread: main 1
2021-02-19 11:53:13,787 DEBUG LogbackTest [main] Current thread: main 1
2021-02-19 11:53:13,787 DEBUG LogbackTest [main] Current thread: main 1
2021-02-19 11:53:13,787 DEBUG LogbackTest [main] Current thread: main 1
2021-02-19 11:53:13,787 DEBUG LogbackTest [main] Current thread: main 1
2021-02-19 11:53:13,787 DEBUG LogbackTest [main] Current thread: main 1
2021-02-19 11:53:13,787 DEBUG LogbackTest [main] Current thread: main 1
2021-02-19 11:53:13,787 DEBUG LogbackTest [main] Current thread: main 1
2021-02-19 11:53:13,787 DEBUG LogbackTest [main] Current thread: main 1
2021-02-19 11:53:13,787 DEBUG LogbackTest [main] Message logged DEBUG = DEBUG
2021-02-19 11:53:13,788 DEBUG LogbackTest [main] Message logged DEBUG == DEBUG
2021-02-19 11:53:13,788 WARN LogbackTest [main] Message logged WARN == WARN.
2021-02-19 11:53:13,788 WARN LogbackTest [main] Message logged WARN == WARN
2021-02-19 11:53:13,788 ERROR LogbackTest [main] Message logged ERROR = ERROR
2021-02-19 11:53:13,788 ERROR LogbackTest [main] Message logged ERROR = ERROR
2021-02-19 11:54:13,520 DEBUG LogbackTest [main] Logging Logback - DEBUG - lev.2
2021-02-19 11:54:13,521 INFO LogbackTest [main] Logging Logback - INFO - lev.3
2021-02-19 11:54:13,521 WARN LogbackTest [main] Logging Logback - WARN - lev.4
2021-02-19 11:54:13,522 ERROR LogbackTest [main] Logging Logback - ERROR - lev.5
2021-02-19 11:54:13,522 DEBUG LogbackTest [main] Is trace enabled: false
2021-02-19 11:54:13,524 DEBUG LogbackTest [main] Current thread: main - 1
2021-02-19 11:54:13,524 DEBUG LogbackTest [main] Current thread: main - 1
2021-02-19 11:54:13,524 DEBUG LogbackTest [main] Current thread: main - 1
2021-02-19 11:54:13,524 DEBUG LogbackTest [main] Current thread: main - 1
2021-02-19 11:54:13,524 DEBUG LogbackTest [main] Current thread: main - 1
2021-02-19 11:54:13,524 DEBUG LogbackTest [main] Current thread: main - 1
2021-02-19 11:54:13,524 DEBUG LogbackTest [main] Current thread: main - 1
2021-02-19 11:54:13,524 DEBUG LogbackTest [main] Current thread: main - 1
2021-02-19 11:54:13,525 DEBUG LogbackTest [main] Current thread: main - 1
2021-02-19 11:54:13,525 DEBUG LogbackTest [main] Current thread: main - 1
