2021-02-19 11:54:13,525 DEBUG LogbackTest [main] Current thread: main - 1
2021-02-19 11:54:13,540 DEBUG LogbackTest [main] Current thread: main - 1
2021-02-19 11:54:13,540 DEBUG LogbackTest [main] Current thread: main - 1
2021-02-19 11:54:13,540 DEBUG LogbackTest [main] Current thread: main - 1
2021-02-19 11:54:13,540 DEBUG LogbackTest [main] Current thread: main - 1
2021-02-19 11:54:13,540 DEBUG LogbackTest [main] Current thread: main - 1
2021-02-19 11:54:13,541 DEBUG LogbackTest [main] Current thread: main - 1
2021-02-19 11:54:13,541 DEBUG LogbackTest [main] Current thread: main - 1
2021-02-19 11:54:13,541 DEBUG LogbackTest [main] Current thread: main - 1
2021-02-19 11:54:13,541 DEBUG LogbackTest [main] Current thread: main - 1
2021-02-19 11:54:13,541 DEBUG LogbackTest [main] Current thread: main - 1
2021-02-19 11:54:13,545 DEBUG LogbackTest [main] Current thread: main - 1
2021-02-19 11:54:13,545 DEBUG LogbackTest [main] Current thread: main - 1
2021-02-19 11:54:13,545 DEBUG LogbackTest [main] Current thread: main - 1
2021-02-19 11:54:13,545 DEBUG LogbackTest [main] Current thread: main - 1
2021-02-19 11:54:13,545 DEBUG LogbackTest [main] Current thread: main - 1
2021-02-19 11:54:13,545 DEBUG LogbackTest [main] Current thread: main - 1
2021-02-19 11:54:13,546 DEBUG LogbackTest [main] Current thread: main - 1
2021-02-19 11:54:13,546 DEBUG LogbackTest [main] Current thread: main - 1
2021-02-19 11:54:13,546 DEBUG LogbackTest [main] Current thread: main - 1
2021-02-19 11:54:13,546 DEBUG LogbackTest [main] Current thread: main - 1
2021-02-19 11:54:13,546 DEBUG LogbackTest [main] Current thread: main - 1
2021-02-19 11:54:13,546 DEBUG LogbackTest [main] Current thread: main - 1
2021-02-19 11:54:13,546 DEBUG LogbackTest [main] Current thread: main - 1
2021-02-19 11:54:13,546 DEBUG LogbackTest [main] Current thread: main - 1
2021-02-19 11:54:13,546 DEBUG LogbackTest [main] Current thread: main - 1
2021-02-19 11:54:13,546 DEBUG LogbackTest [main] Current thread: main - 1
2021-02-19 11:54:13,546 DEBUG LogbackTest [main] Current thread: main - 1
2021-02-19 11:54:13,546 DEBUG LogbackTest [main] Current thread: main - 1
2021-02-19 11:54:13,546 DEBUG LogbackTest [main] Current thread: main - 1
2021-02-19 11:54:13,546 DEBUG LogbackTest [main] Current thread: main - 1
2021-02-19 11:54:13,546 DEBUG LogbackTest [main] Current thread: main - 1
2021-02-19 11:54:13,547 DEBUG LogbackTest [main] Current thread: main - 1
2021-02-19 11:54:13,547 DEBUG LogbackTest [main] Current thread: main - 1
2021-02-19 11:54:13,547 DEBUG LogbackTest [main] Current thread: main - 1
2021-02-19 11:54:13,547 DEBUG LogbackTest [main] Current thread: main - 1
2021-02-19 11:54:13,547 DEBUG LogbackTest [main] Current thread: main - 1
2021-02-19 11:54:13,547 DEBUG LogbackTest [main] Current thread: main - 1
2021-02-19 11:54:13,547 DEBUG LogbackTest [main] Current thread: main - 1
2021-02-19 11:54:13,547 DEBUG LogbackTest [main] Current thread: main - 1
2021-02-19 11:54:13,547 DEBUG LogbackTest [main] Current thread: main - 1
2021-02-19 11:54:13,547 DEBUG LogbackTest [main] Current thread: main - 1
2021-02-19 11:54:13,547 DEBUG LogbackTest [main] Current thread: main - 1
2021-02-19 11:54:13,547 DEBUG LogbackTest [main] Current thread: main - 1
2021-02-19 11:54:13,547 DEBUG LogbackTest [main] Current thread: main - 1
2021-02-19 11:54:13,548 DEBUG LogbackTest [main] Current thread: main - 1
2021-02-19 11:54:13,548 DEBUG LogbackTest [main] Current thread: main - 1
2021-02-19 11:54:13,548 DEBUG LogbackTest [main] Current thread: main - 1
2021-02-19 11:54:13,548 DEBUG LogbackTest [main] Current thread: main - 1
2021-02-19 11:54:13,548 DEBUG LogbackTest [main] Current thread: main - 1
2021-02-19 11:54:13,548 DEBUG LogbackTest [main] Current thread: main - 1
2021-02-19 11:54:13,548 DEBUG LogbackTest [main] Current thread: main - 1
2021-02-19 11:54:13,548 DEBUG LogbackTest [main] Current thread: main - 1
2021-02-19 11:54:13,549 DEBUG LogbackTest [main] Current thread: main - 1
2021-02-19 11:54:13,549 DEBUG LogbackTest [main] Current thread: main - 1
2021-02-19 11:54:13,549 DEBUG LogbackTest [main] Current thread: main - 1
2021-02-19 11:54:13,549 DEBUG LogbackTest [main] Current thread: main - 1
2021-02-19 11:54:13,549 DEBUG LogbackTest [main] Current thread: main - 1
2021-02-19 11:54:13,549 DEBUG LogbackTest [main] Current thread: main - 1
2021-02-19 11:54:13,549 DEBUG LogbackTest [main] Current thread: main - 1
2021-02-19 11:54:13,549 DEBUG LogbackTest [main] Current thread: main - 1
2021-02-19 11:54:13,549 DEBUG LogbackTest [main] Current thread: main - 1
2021-02-19 11:54:13,549 DEBUG LogbackTest [main] Current thread: main - 1
2021-02-19 11:54:13,549 DEBUG LogbackTest [main] Current thread: main - 1
2021-02-19 11:54:13,549 DEBUG LogbackTest [main] Current thread: main - 1
2021-02-19 11:54:13,549 DEBUG LogbackTest [main] Current thread: main - 1
2021-02-19 11:54:13,549 DEBUG LogbackTest [main] Current thread: main - 1
2021-02-19 11:54:13,549 DEBUG LogbackTest [main] Current thread: main - 1
2021-02-19 11:54:13,550 DEBUG LogbackTest [main] Current thread: main - 1
2021-02-19 11:54:13,550 DEBUG LogbackTest [main] Current thread: main - 1
2021-02-19 11:54:13,550 DEBUG LogbackTest [main] Current thread: main - 1
2021-02-19 11:54:13,550 DEBUG LogbackTest [main] Current thread: main - 1
2021-02-19 11:54:13,550 DEBUG LogbackTest [main] Current thread: main - 1
2021-02-19 11:54:13,550 DEBUG LogbackTest [main] Current thread: main - 1
2021-02-19 11:54:13,550 DEBUG LogbackTest [main] Current thread: main - 1
2021-02-19 11:54:13,550 DEBUG LogbackTest [main] Current thread: main - 1
2021-02-19 11:54:13,550 DEBUG LogbackTest [main] Current thread: main - 1
2021-02-19 11:54:13,550 DEBUG LogbackTest [main] Current thread: main - 1
2021-02-19 11:54:13,550 DEBUG LogbackTest [main] Current thread: main - 1
2021-02-19 11:54:13,550 DEBUG LogbackTest [main] Current thread: main - 1
2021-02-19 11:54:13,550 DEBUG LogbackTest [main] Current thread: main - 1
2021-02-19 11:54:13,551 DEBUG LogbackTest [main] Current thread: main - 1
2021-02-19 11:54:13,551 DEBUG LogbackTest [main] Current thread: main - 1
2021-02-19 11:54:13,551 DEBUG LogbackTest [main] Current thread: main - 1
2021-02-19 11:54:13,551 DEBUG LogbackTest [main] Current thread: main - 1
2021-02-19 11:54:13,551 DEBUG LogbackTest [main] Current thread: main - 1
2021-02-19 11:54:13,551 DEBUG LogbackTest [main] Current thread: main - 1
2021-02-19 11:54:13,551 DEBUG LogbackTest [main] Current thread: main - 1
2021-02-19 11:54:13,551 DEBUG LogbackTest [main] Current thread: main - 1
2021-02-19 11:54:13,551 DEBUG LogbackTest [main] Current thread: main - 1
2021-02-19 11:54:13,551 DEBUG LogbackTest [main] Message logged DEBUG = DEBUG
2021-02-19 11:54:13,551 DEBUG LogbackTest [main] Message logged DEBUG == DEBUG
2021-02-19 11:54:13,551 WARN LogbackTest [main] Message logged WARN == WARN
2021-02-19 11:54:13,552 WARN LogbackTest [main] Message logged WARN == WARN
2021-02-19 11:54:13,552 ERROR LogbackTest [main] Message logged ERROR = ERROR
2021-02-19 11:54:13,552 ERROR LogbackTest [main] Message logged ERROR = ERROR
2021-03-11 15:42:44,661 DEBUG com.aga.logging.LogbackTest [main] Logging Logback - DEBUG - lev.2
2021-03-11 15:42:44,661 INFO com.aga.logging.LogbackTest [main] Logging Logback - INFO - lev.3
2021-03-11 15:42:44,661 WARN com.aga.logging.LogbackTest [main] Logging Logback - WARN - lev.4
2021-03-11 15:42:44,661 ERROR com.aga.logging.LogbackTest [main] Logging Logback - ERROR - lev.5
2021-03-11 15:42:44,661 DEBUG com.aga.logging.LogbackTest [main] Is trace enabled: false
2021-03-11 15:42:44,661 DEBUG com.aga.logging.LogbackTest [main] Current thread: main - 1
2021-03-11 15:42:44,661 DEBUG com.aga.logging.LogbackTest [main] Current thread: main - 1
2021-03-11 15:42:44,661 DEBUG com.aga.logging.LogbackTest [main] Current thread: main - 1
2021-03-11 15:42:44,661 DEBUG com.aga.logging.LogbackTest [main] Current thread: main - 1
2021-03-11 15:42:44,661 DEBUG com.aga.logging.LogbackTest [main] Current thread: main - 1
2021-03-11 15:42:44,661 DEBUG com.aga.logging.LogbackTest [main] Current thread: main - 1
2021-03-11 15:42:44,661 DEBUG com.aga.logging.LogbackTest [main] Current thread: main - 1
2021-03-11 15:42:44,661 DEBUG com.aga.logging.LogbackTest [main] Current thread: main - 1
2021-03-11 15:42:44,661 DEBUG com.aga.logging.LogbackTest [main] Current thread: main - 1
2021-03-11 15:42:44,661 DEBUG com.aga.logging.LogbackTest [main] Current thread: main - 1
