2021-02-19 11:38:33,298 DEBUG LogbackTest [main] Logging Logback - DEBUG - lev.2
2021-02-19 11:38:33,308 INFO LogbackTest [main] Logging Logback - INFO - lev.3
2021-02-19 11:38:33,309 WARN LogbackTest [main] Logging Logback - WARN - lev.4
2021-02-19 11:38:33,309 ERROR LogbackTest [main] Logging Logback - ERROR - lev.5
2021-02-19 11:38:33,312 DEBUG LogbackTest [main] Is trace enabled: false
2021-02-19 11:38:33,313 DEBUG LogbackTest [main] Current thread: main 1
2021-02-19 11:38:33,314 DEBUG LogbackTest [main] Current thread: main 1
2021-02-19 11:38:33,315 DEBUG LogbackTest [main] Current thread: main 1
2021-02-19 11:38:33,315 DEBUG LogbackTest [main] Current thread: main 1
2021-02-19 11:38:33,315 DEBUG LogbackTest [main] Current thread: main 1
2021-02-19 11:38:33,315 DEBUG LogbackTest [main] Current thread: main 1
2021-02-19 11:38:33,315 DEBUG LogbackTest [main] Current thread: main 1
2021-02-19 11:38:33,315 DEBUG LogbackTest [main] Current thread: main 1
2021-02-19 11:38:33,315 DEBUG LogbackTest [main] Current thread: main 1
2021-02-19 11:38:33,315 DEBUG LogbackTest [main] Current thread: main 1
2021-02-19 11:38:33,316 DEBUG LogbackTest [main] Current thread: main 1
2021-02-19 11:38:33,316 DEBUG LogbackTest [main] Current thread: main 1
2021-02-19 11:38:33,316 DEBUG LogbackTest [main] Current thread: main 1
2021-02-19 11:38:33,316 DEBUG LogbackTest [main] Current thread: main 1
2021-02-19 11:38:33,316 DEBUG LogbackTest [main] Current thread: main 1
2021-02-19 11:38:33,316 DEBUG LogbackTest [main] Current thread: main 1
2021-02-19 11:38:33,316 DEBUG LogbackTest [main] Current thread: main 1
2021-02-19 11:38:33,316 DEBUG LogbackTest [main] Current thread: main 1
2021-02-19 11:38:33,316 DEBUG LogbackTest [main] Current thread: main 1
2021-02-19 11:38:33,316 DEBUG LogbackTest [main] Current thread: main 1
2021-02-19 11:38:33,316 DEBUG LogbackTest [main] Current thread: main 1
2021-02-19 11:38:33,317 DEBUG LogbackTest [main] Current thread: main 1
2021-02-19 11:38:33,317 DEBUG LogbackTest [main] Current thread: main 1
2021-02-19 11:38:33,317 DEBUG LogbackTest [main] Current thread: main 1
2021-02-19 11:38:33,317 DEBUG LogbackTest [main] Current thread: main 1
2021-02-19 11:38:33,317 DEBUG LogbackTest [main] Current thread: main 1
2021-02-19 11:38:33,317 DEBUG LogbackTest [main] Current thread: main 1
2021-02-19 11:38:33,317 DEBUG LogbackTest [main] Current thread: main 1
2021-02-19 11:38:33,317 DEBUG LogbackTest [main] Current thread: main 1
2021-02-19 11:38:33,317 DEBUG LogbackTest [main] Current thread: main 1
2021-02-19 11:38:33,317 DEBUG LogbackTest [main] Current thread: main 1
2021-02-19 11:38:33,317 DEBUG LogbackTest [main] Current thread: main 1
2021-02-19 11:38:33,318 DEBUG LogbackTest [main] Current thread: main 1
2021-02-19 11:38:33,318 DEBUG LogbackTest [main] Current thread: main 1
2021-02-19 11:38:33,318 DEBUG LogbackTest [main] Current thread: main 1
2021-02-19 11:38:33,318 DEBUG LogbackTest [main] Current thread: main 1
2021-02-19 11:38:33,318 DEBUG LogbackTest [main] Current thread: main 1
2021-02-19 11:38:33,318 DEBUG LogbackTest [main] Current thread: main 1
2021-02-19 11:38:33,318 DEBUG LogbackTest [main] Current thread: main 1
2021-02-19 11:38:33,318 DEBUG LogbackTest [main] Current thread: main 1
2021-02-19 11:38:33,318 DEBUG LogbackTest [main] Current thread: main 1
2021-02-19 11:38:33,318 DEBUG LogbackTest [main] Current thread: main 1
2021-02-19 11:38:33,318 DEBUG LogbackTest [main] Current thread: main 1
2021-02-19 11:38:33,318 DEBUG LogbackTest [main] Current thread: main 1
2021-02-19 11:38:33,318 DEBUG LogbackTest [main] Current thread: main 1
2021-02-19 11:38:33,319 DEBUG LogbackTest [main] Current thread: main 1
2021-02-19 11:38:33,319 DEBUG LogbackTest [main] Current thread: main 1
2021-02-19 11:38:33,319 DEBUG LogbackTest [main] Current thread: main 1
2021-02-19 11:38:33,319 DEBUG LogbackTest [main] Current thread: main 1
2021-02-19 11:38:33,319 DEBUG LogbackTest [main] Current thread: main 1
2021-02-19 11:38:33,319 DEBUG LogbackTest [main] Current thread: main 1
2021-02-19 11:38:33,319 DEBUG LogbackTest [main] Current thread: main 1
2021-02-19 11:38:33,319 DEBUG LogbackTest [main] Current thread: main 1
2021-02-19 11:38:33,319 DEBUG LogbackTest [main] Current thread: main 1
2021-02-19 11:38:33,319 DEBUG LogbackTest [main] Current thread: main 1
2021-02-19 11:38:33,319 DEBUG LogbackTest [main] Current thread: main 1
2021-02-19 11:38:33,320 DEBUG LogbackTest [main] Current thread: main 1
2021-02-19 11:38:33,320 DEBUG LogbackTest [main] Current thread: main 1
2021-02-19 11:38:33,320 DEBUG LogbackTest [main] Current thread: main 1
