2021-02-18 13:52:05,898 DEBUG LogbackTest [main] Current thread: main 1
2021-02-18 13:52:05,917 DEBUG LogbackTest [main] Current thread: main 1
2021-02-18 13:52:05,917 DEBUG LogbackTest [main] Current thread: main 1
2021-02-18 13:52:05,917 DEBUG LogbackTest [main] Current thread: main 1
2021-02-18 13:52:05,917 DEBUG LogbackTest [main] Current thread: main 1
2021-02-18 13:52:05,917 DEBUG LogbackTest [main] Current thread: main 1
2021-02-18 13:52:05,917 DEBUG LogbackTest [main] Current thread: main 1
2021-02-18 13:52:05,917 DEBUG LogbackTest [main] Current thread: main 1
2021-02-18 13:52:05,917 DEBUG LogbackTest [main] Current thread: main 1
2021-02-18 13:52:05,918 DEBUG LogbackTest [main] Current thread: main 1
2021-02-18 13:52:05,918 DEBUG LogbackTest [main] Current thread: main 1
2021-02-18 13:52:05,918 DEBUG LogbackTest [main] Current thread: main 1
2021-02-18 13:52:05,918 DEBUG LogbackTest [main] Current thread: main 1
2021-02-18 13:52:05,918 DEBUG LogbackTest [main] Current thread: main 1
2021-02-18 13:52:05,918 DEBUG LogbackTest [main] Current thread: main 1
2021-02-18 13:52:05,918 DEBUG LogbackTest [main] Current thread: main 1
2021-02-18 13:52:05,918 DEBUG LogbackTest [main] Current thread: main 1
2021-02-18 13:52:05,918 DEBUG LogbackTest [main] Current thread: main 1
2021-02-18 13:52:05,918 DEBUG LogbackTest [main] Current thread: main 1
2021-02-18 13:52:05,918 DEBUG LogbackTest [main] Current thread: main 1
2021-02-18 13:52:05,918 DEBUG LogbackTest [main] Current thread: main 1
2021-02-18 13:52:05,918 DEBUG LogbackTest [main] Current thread: main 1
2021-02-18 13:52:05,918 DEBUG LogbackTest [main] Current thread: main 1
2021-02-18 13:52:05,918 DEBUG LogbackTest [main] Current thread: main 1
2021-02-18 13:52:05,918 DEBUG LogbackTest [main] Current thread: main 1
2021-02-18 13:52:05,918 DEBUG LogbackTest [main] Current thread: main 1
2021-02-18 13:52:05,918 DEBUG LogbackTest [main] Current thread: main 1
2021-02-18 13:52:05,918 DEBUG LogbackTest [main] Current thread: main 1
2021-02-18 13:52:05,918 DEBUG LogbackTest [main] Current thread: main 1
2021-02-18 13:52:05,918 DEBUG LogbackTest [main] Current thread: main 1
2021-02-18 13:52:05,918 DEBUG LogbackTest [main] Current thread: main 1
2021-02-18 13:52:05,918 DEBUG LogbackTest [main] Current thread: main 1
2021-02-18 13:52:05,918 DEBUG LogbackTest [main] Current thread: main 1
2021-02-18 13:52:05,919 DEBUG LogbackTest [main] Current thread: main 1
2021-02-18 13:52:05,919 DEBUG LogbackTest [main] Current thread: main 1
2021-02-18 13:52:05,919 DEBUG LogbackTest [main] Current thread: main 1
2021-02-18 13:52:05,919 DEBUG LogbackTest [main] Current thread: main 1
2021-02-18 13:52:05,919 DEBUG LogbackTest [main] Current thread: main 1
2021-02-18 13:52:05,919 DEBUG LogbackTest [main] Current thread: main 1
2021-02-18 13:52:05,919 DEBUG LogbackTest [main] Current thread: main 1
2021-02-18 13:52:05,919 DEBUG LogbackTest [main] Current thread: main 1
2021-02-18 13:52:05,919 DEBUG LogbackTest [main] Current thread: main 1
2021-02-18 13:52:05,919 DEBUG LogbackTest [main] Current thread: main 1
2021-02-18 13:52:05,919 DEBUG LogbackTest [main] Current thread: main 1
2021-02-18 13:52:05,919 DEBUG LogbackTest [main] Current thread: main 1
2021-02-18 13:52:05,919 DEBUG LogbackTest [main] Current thread: main 1
2021-02-18 13:52:05,919 DEBUG LogbackTest [main] Current thread: main 1
2021-02-18 13:52:05,919 DEBUG LogbackTest [main] Current thread: main 1
2021-02-18 13:52:05,919 DEBUG LogbackTest [main] Current thread: main 1
2021-02-18 13:52:05,919 DEBUG LogbackTest [main] Current thread: main 1
2021-02-18 13:52:05,919 DEBUG LogbackTest [main] Current thread: main 1
2021-02-18 13:52:05,919 DEBUG LogbackTest [main] Current thread: main 1
2021-02-18 13:52:05,920 DEBUG LogbackTest [main] Current thread: main 1
2021-02-18 13:52:05,920 DEBUG LogbackTest [main] Current thread: main 1
2021-02-18 13:52:05,920 DEBUG LogbackTest [main] Current thread: main 1
2021-02-18 13:52:05,920 DEBUG LogbackTest [main] Current thread: main 1
2021-02-18 13:52:05,920 DEBUG LogbackTest [main] Current thread: main 1
2021-02-18 13:52:05,920 DEBUG LogbackTest [main] Current thread: main 1
2021-02-18 13:52:05,920 DEBUG LogbackTest [main] Current thread: main 1
2021-02-18 13:52:05,920 DEBUG LogbackTest [main] Current thread: main 1
2021-02-18 13:52:05,920 DEBUG LogbackTest [main] Current thread: main 1
2021-02-18 13:52:05,920 DEBUG LogbackTest [main] Current thread: main 1
2021-02-18 13:52:05,920 DEBUG LogbackTest [main] Current thread: main 1
2021-02-18 13:52:05,920 DEBUG LogbackTest [main] Current thread: main 1
2021-02-18 13:52:05,920 DEBUG LogbackTest [main] Current thread: main 1
2021-02-18 13:52:05,920 DEBUG LogbackTest [main] Current thread: main 1
2021-02-18 13:52:05,920 DEBUG LogbackTest [main] Current thread: main 1
2021-02-18 13:52:05,920 DEBUG LogbackTest [main] Current thread: main 1
2021-02-18 13:52:05,920 DEBUG LogbackTest [main] Current thread: main 1
2021-02-18 13:52:05,921 DEBUG LogbackTest [main] Current thread: main 1
2021-02-18 13:52:05,921 DEBUG LogbackTest [main] Current thread: main 1
2021-02-18 13:52:05,921 DEBUG LogbackTest [main] Current thread: main 1
2021-02-18 13:52:05,921 DEBUG LogbackTest [main] Current thread: main 1
2021-02-18 13:52:05,921 DEBUG LogbackTest [main] Current thread: main 1
2021-02-18 13:52:05,921 DEBUG LogbackTest [main] Current thread: main 1
2021-02-18 13:52:05,921 DEBUG LogbackTest [main] Current thread: main 1
2021-02-18 13:52:05,921 DEBUG LogbackTest [main] Current thread: main 1
2021-02-18 13:52:05,921 DEBUG LogbackTest [main] Current thread: main 1
2021-02-18 13:52:05,921 DEBUG LogbackTest [main] Current thread: main 1
2021-02-18 13:52:05,921 DEBUG LogbackTest [main] Current thread: main 1
2021-02-18 13:52:05,921 DEBUG LogbackTest [main] Current thread: main 1
2021-02-18 13:52:05,921 DEBUG LogbackTest [main] Current thread: main 1
2021-02-18 13:52:05,921 DEBUG LogbackTest [main] Current thread: main 1
2021-02-18 13:52:05,921 DEBUG LogbackTest [main] Current thread: main 1
2021-02-18 13:52:05,921 DEBUG LogbackTest [main] Current thread: main 1
2021-02-18 13:52:05,922 DEBUG LogbackTest [main] Current thread: main 1
2021-02-18 13:52:05,922 DEBUG LogbackTest [main] Current thread: main 1
2021-02-18 13:52:05,922 DEBUG LogbackTest [main] Current thread: main 1
2021-02-18 13:52:05,922 DEBUG LogbackTest [main] Current thread: main 1
2021-02-18 13:52:05,922 DEBUG LogbackTest [main] Current thread: main 1
2021-02-18 13:52:05,922 DEBUG LogbackTest [main] Current thread: main 1
2021-02-18 13:52:05,922 DEBUG LogbackTest [main] Current thread: main 1
2021-02-18 13:52:05,922 DEBUG LogbackTest [main] Current thread: main 1
2021-02-18 13:52:05,922 DEBUG LogbackTest [main] Current thread: main 1
2021-02-18 13:52:05,922 DEBUG LogbackTest [main] Current thread: main 1
2021-02-18 13:52:05,922 DEBUG LogbackTest [main] Current thread: main 1
2021-02-18 13:52:05,922 DEBUG LogbackTest [main] Current thread: main 1
2021-02-18 13:52:05,922 DEBUG LogbackTest [main] Current thread: main 1
2021-02-18 13:52:05,922 DEBUG LogbackTest [main] Current thread: main 1
2021-02-18 13:52:05,922 DEBUG LogbackTest [main] Current thread: main 1
2021-02-18 13:52:05,923 DEBUG LogbackTest [main] Current thread: main 1
2021-02-18 13:52:05,923 DEBUG LogbackTest [main] Current thread: main 1
2021-02-18 13:52:05,923 DEBUG LogbackTest [main] Current thread: main 1
2021-02-18 13:52:05,923 DEBUG LogbackTest [main] Current thread: main 1
2021-02-18 13:52:05,923 DEBUG LogbackTest [main] Current thread: main 1
2021-02-18 13:52:05,923 DEBUG LogbackTest [main] Current thread: main 1
2021-02-18 13:52:05,923 DEBUG LogbackTest [main] Current thread: main 1
2021-02-18 13:52:05,923 DEBUG LogbackTest [main] Current thread: main 1
2021-02-18 13:52:05,923 DEBUG LogbackTest [main] Current thread: main 1
2021-02-18 13:52:05,923 DEBUG LogbackTest [main] Current thread: main 1
2021-02-18 13:52:05,923 DEBUG LogbackTest [main] Current thread: main 1
2021-02-18 13:52:05,924 DEBUG LogbackTest [main] Current thread: main 1
2021-02-18 13:52:05,924 DEBUG LogbackTest [main] Current thread: main 1
2021-02-18 13:52:05,924 DEBUG LogbackTest [main] Current thread: main 1
2021-02-18 13:52:05,924 DEBUG LogbackTest [main] Current thread: main 1
2021-02-18 13:52:05,925 DEBUG LogbackTest [main] Current thread: main 1
2021-02-18 13:52:05,925 DEBUG LogbackTest [main] Current thread: main 1
2021-02-18 13:52:05,925 DEBUG LogbackTest [main] Current thread: main 1
2021-02-18 13:52:05,925 DEBUG LogbackTest [main] Current thread: main 1
2021-02-18 13:52:05,925 DEBUG LogbackTest [main] Current thread: main 1
2021-02-18 13:52:05,925 DEBUG LogbackTest [main] Current thread: main 1
2021-02-18 13:52:05,925 DEBUG LogbackTest [main] Current thread: main 1
2021-02-18 13:52:05,925 DEBUG LogbackTest [main] Current thread: main 1
2021-02-18 13:52:05,925 DEBUG LogbackTest [main] Current thread: main 1
2021-02-18 13:52:05,925 DEBUG LogbackTest [main] Current thread: main 1
2021-02-18 13:52:05,925 DEBUG LogbackTest [main] Current thread: main 1
2021-02-18 13:52:05,925 DEBUG LogbackTest [main] Current thread: main 1
2021-02-18 13:52:05,925 DEBUG LogbackTest [main] Current thread: main 1
2021-02-18 13:52:05,925 DEBUG LogbackTest [main] Current thread: main 1
2021-02-18 13:52:05,925 DEBUG LogbackTest [main] Current thread: main 1
2021-02-18 13:52:05,925 DEBUG LogbackTest [main] Current thread: main 1
2021-02-18 13:52:05,925 DEBUG LogbackTest [main] Current thread: main 1
2021-02-18 13:52:05,925 DEBUG LogbackTest [main] Current thread: main 1
2021-02-18 13:52:05,925 DEBUG LogbackTest [main] Current thread: main 1
2021-02-18 13:52:05,925 DEBUG LogbackTest [main] Current thread: main 1
2021-02-18 13:52:05,925 DEBUG LogbackTest [main] Current thread: main 1
2021-02-18 13:52:05,925 DEBUG LogbackTest [main] Current thread: main 1
2021-02-18 13:52:05,925 DEBUG LogbackTest [main] Current thread: main 1
2021-02-18 13:52:05,925 DEBUG LogbackTest [main] Current thread: main 1
2021-02-18 13:52:05,925 DEBUG LogbackTest [main] Current thread: main 1
2021-02-18 13:52:05,925 DEBUG LogbackTest [main] Current thread: main 1
2021-02-18 13:52:05,926 DEBUG LogbackTest [main] Current thread: main 1
2021-02-18 13:52:05,926 DEBUG LogbackTest [main] Current thread: main 1
2021-02-18 13:52:05,926 DEBUG LogbackTest [main] Current thread: main 1
2021-02-18 13:52:05,926 DEBUG LogbackTest [main] Current thread: main 1
2021-02-18 13:52:05,926 DEBUG LogbackTest [main] Current thread: main 1
2021-02-18 13:52:05,926 DEBUG LogbackTest [main] Current thread: main 1
2021-02-18 13:52:05,926 DEBUG LogbackTest [main] Current thread: main 1
2021-02-18 13:52:05,926 DEBUG LogbackTest [main] Current thread: main 1
2021-02-18 13:52:05,926 DEBUG LogbackTest [main] Current thread: main 1
2021-02-18 13:52:05,926 DEBUG LogbackTest [main] Current thread: main 1
2021-02-18 13:52:05,926 DEBUG LogbackTest [main] Current thread: main 1
2021-02-18 13:52:05,926 DEBUG LogbackTest [main] Current thread: main 1
2021-02-18 13:52:05,926 DEBUG LogbackTest [main] Current thread: main 1
2021-02-18 13:52:05,926 DEBUG LogbackTest [main] Current thread: main 1
2021-02-18 13:52:05,926 DEBUG LogbackTest [main] Current thread: main 1
2021-02-18 13:52:05,926 DEBUG LogbackTest [main] Current thread: main 1
2021-02-18 13:52:05,926 DEBUG LogbackTest [main] Current thread: main 1
2021-02-18 13:52:05,926 DEBUG LogbackTest [main] Current thread: main 1
2021-02-18 13:52:05,926 DEBUG LogbackTest [main] Current thread: main 1
2021-02-18 13:52:05,926 DEBUG LogbackTest [main] Current thread: main 1
2021-02-18 13:52:05,927 DEBUG LogbackTest [main] Current thread: main 1
2021-02-18 13:52:05,927 DEBUG LogbackTest [main] Current thread: main 1
2021-02-18 13:52:05,927 DEBUG LogbackTest [main] Current thread: main 1
2021-02-18 13:52:05,927 DEBUG LogbackTest [main] Current thread: main 1
2021-02-18 13:52:05,927 DEBUG LogbackTest [main] Current thread: main 1
2021-02-18 13:52:05,927 DEBUG LogbackTest [main] Current thread: main 1
2021-02-18 13:52:05,927 DEBUG LogbackTest [main] Current thread: main 1
2021-02-18 13:52:05,927 DEBUG LogbackTest [main] Current thread: main 1
2021-02-18 13:52:05,927 DEBUG LogbackTest [main] Current thread: main 1
2021-02-18 13:52:05,927 DEBUG LogbackTest [main] Current thread: main 1
2021-02-18 13:52:05,927 DEBUG LogbackTest [main] Current thread: main 1
2021-02-18 13:52:05,927 DEBUG LogbackTest [main] Current thread: main 1
2021-02-18 13:52:05,927 DEBUG LogbackTest [main] Current thread: main 1
2021-02-18 13:52:05,927 DEBUG LogbackTest [main] Current thread: main 1
2021-02-18 13:52:05,927 DEBUG LogbackTest [main] Current thread: main 1
2021-02-18 13:52:05,927 DEBUG LogbackTest [main] Current thread: main 1
2021-02-18 13:52:05,927 DEBUG LogbackTest [main] Current thread: main 1
2021-02-18 13:52:05,927 DEBUG LogbackTest [main] Current thread: main 1
2021-02-18 13:52:05,927 DEBUG LogbackTest [main] Current thread: main 1
2021-02-18 13:52:05,927 DEBUG LogbackTest [main] Current thread: main 1
2021-02-18 13:52:05,927 DEBUG LogbackTest [main] Current thread: main 1
2021-02-18 13:52:05,927 DEBUG LogbackTest [main] Current thread: main 1
2021-02-18 13:52:05,928 DEBUG LogbackTest [main] Current thread: main 1
2021-02-18 13:52:05,928 DEBUG LogbackTest [main] Current thread: main 1
2021-02-18 13:52:05,928 DEBUG LogbackTest [main] Current thread: main 1
2021-02-18 13:52:05,928 DEBUG LogbackTest [main] Current thread: main 1
2021-02-18 13:52:05,928 DEBUG LogbackTest [main] Current thread: main 1
2021-02-18 13:52:05,928 DEBUG LogbackTest [main] Current thread: main 1
2021-02-18 13:52:05,928 DEBUG LogbackTest [main] Current thread: main 1
2021-02-18 13:52:05,928 DEBUG LogbackTest [main] Current thread: main 1
2021-02-18 13:52:05,928 DEBUG LogbackTest [main] Current thread: main 1
2021-02-18 13:52:05,928 DEBUG LogbackTest [main] Current thread: main 1
2021-02-18 13:52:05,928 DEBUG LogbackTest [main] Current thread: main 1
2021-02-18 13:52:05,928 DEBUG LogbackTest [main] Current thread: main 1
2021-02-18 13:52:05,928 DEBUG LogbackTest [main] Current thread: main 1
2021-02-18 13:52:05,928 DEBUG LogbackTest [main] Current thread: main 1
2021-02-18 13:52:05,928 DEBUG LogbackTest [main] Current thread: main 1
2021-02-18 13:52:05,928 DEBUG LogbackTest [main] Current thread: main 1
2021-02-18 13:52:05,928 DEBUG LogbackTest [main] Current thread: main 1
2021-02-18 13:52:05,928 DEBUG LogbackTest [main] Current thread: main 1
2021-02-18 13:52:05,928 DEBUG LogbackTest [main] Current thread: main 1
2021-02-18 13:52:05,928 DEBUG LogbackTest [main] Current thread: main 1
2021-02-18 13:52:05,928 DEBUG LogbackTest [main] Current thread: main 1
2021-02-18 13:52:05,928 DEBUG LogbackTest [main] Current thread: main 1
2021-02-18 13:52:05,928 DEBUG LogbackTest [main] Current thread: main 1
2021-02-18 13:52:05,928 DEBUG LogbackTest [main] Current thread: main 1
2021-02-18 13:52:05,928 DEBUG LogbackTest [main] Current thread: main 1
2021-02-18 13:52:05,928 DEBUG LogbackTest [main] Current thread: main 1
2021-02-18 13:52:05,928 DEBUG LogbackTest [main] Current thread: main 1
2021-02-18 13:52:05,928 DEBUG LogbackTest [main] Current thread: main 1
2021-02-18 13:52:05,928 DEBUG LogbackTest [main] Current thread: main 1
2021-02-18 13:52:05,928 DEBUG LogbackTest [main] Current thread: main 1
2021-02-18 13:52:05,928 DEBUG LogbackTest [main] Current thread: main 1
2021-02-18 13:52:05,928 DEBUG LogbackTest [main] Current thread: main 1
2021-02-18 13:52:05,928 DEBUG LogbackTest [main] Current thread: main 1
2021-02-18 13:52:05,929 DEBUG LogbackTest [main] Current thread: main 1
2021-02-18 13:52:05,929 DEBUG LogbackTest [main] Current thread: main 1
2021-02-18 13:52:05,929 DEBUG LogbackTest [main] Current thread: main 1
2021-02-18 13:52:05,929 DEBUG LogbackTest [main] Current thread: main 1
2021-02-18 13:52:05,929 DEBUG LogbackTest [main] Current thread: main 1
2021-02-18 13:52:05,929 DEBUG LogbackTest [main] Current thread: main 1
2021-02-18 13:52:05,929 DEBUG LogbackTest [main] Current thread: main 1
2021-02-18 13:52:05,929 DEBUG LogbackTest [main] Current thread: main 1
2021-02-18 13:52:05,929 DEBUG LogbackTest [main] Current thread: main 1
2021-02-18 13:52:05,929 DEBUG LogbackTest [main] Current thread: main 1
2021-02-18 13:52:05,929 DEBUG LogbackTest [main] Current thread: main 1
2021-02-18 13:52:05,929 DEBUG LogbackTest [main] Current thread: main 1
2021-02-18 13:52:05,929 DEBUG LogbackTest [main] Current thread: main 1
2021-02-18 13:52:05,929 DEBUG LogbackTest [main] Current thread: main 1
2021-02-18 13:52:05,929 DEBUG LogbackTest [main] Current thread: main 1
2021-02-18 13:52:05,929 DEBUG LogbackTest [main] Current thread: main 1
2021-02-18 13:52:05,929 DEBUG LogbackTest [main] Current thread: main 1
2021-02-18 13:52:05,930 DEBUG LogbackTest [main] Current thread: main 1
2021-02-18 13:52:05,930 DEBUG LogbackTest [main] Current thread: main 1
2021-02-18 13:52:05,930 DEBUG LogbackTest [main] Current thread: main 1
2021-02-18 13:52:05,930 DEBUG LogbackTest [main] Current thread: main 1
2021-02-18 13:52:05,930 DEBUG LogbackTest [main] Current thread: main 1
2021-02-18 13:52:05,930 DEBUG LogbackTest [main] Current thread: main 1
2021-02-18 13:52:05,930 DEBUG LogbackTest [main] Current thread: main 1
2021-02-18 13:52:05,930 DEBUG LogbackTest [main] Current thread: main 1
2021-02-18 13:52:05,930 DEBUG LogbackTest [main] Current thread: main 1
2021-02-18 13:52:05,930 DEBUG LogbackTest [main] Current thread: main 1
2021-02-18 13:52:05,930 DEBUG LogbackTest [main] Current thread: main 1
2021-02-18 13:52:05,930 DEBUG LogbackTest [main] Current thread: main 1
2021-02-18 13:52:05,930 DEBUG LogbackTest [main] Current thread: main 1
2021-02-18 13:52:05,930 DEBUG LogbackTest [main] Current thread: main 1
2021-02-18 13:52:05,930 DEBUG LogbackTest [main] Current thread: main 1
2021-02-18 13:52:05,930 DEBUG LogbackTest [main] Current thread: main 1
2021-02-18 13:52:05,930 DEBUG LogbackTest [main] Current thread: main 1
2021-02-18 13:52:05,930 DEBUG LogbackTest [main] Current thread: main 1
2021-02-18 13:52:05,930 DEBUG LogbackTest [main] Current thread: main 1
2021-02-18 13:52:05,930 DEBUG LogbackTest [main] Current thread: main 1
2021-02-18 13:52:05,930 DEBUG LogbackTest [main] Current thread: main 1
2021-02-18 13:52:05,930 DEBUG LogbackTest [main] Current thread: main 1
2021-02-18 13:52:05,930 DEBUG LogbackTest [main] Current thread: main 1
2021-02-18 13:52:05,930 DEBUG LogbackTest [main] Current thread: main 1
2021-02-18 13:52:05,930 DEBUG LogbackTest [main] Current thread: main 1
2021-02-18 13:52:05,930 DEBUG LogbackTest [main] Current thread: main 1
2021-02-18 13:52:05,931 DEBUG LogbackTest [main] Current thread: main 1
2021-02-18 13:52:05,931 DEBUG LogbackTest [main] Current thread: main 1
2021-02-18 13:52:05,931 DEBUG LogbackTest [main] Current thread: main 1
2021-02-18 13:52:05,931 DEBUG LogbackTest [main] Current thread: main 1
2021-02-18 13:52:05,931 DEBUG LogbackTest [main] Current thread: main 1
2021-02-18 13:52:05,931 DEBUG LogbackTest [main] Current thread: main 1
2021-02-18 13:52:05,931 DEBUG LogbackTest [main] Current thread: main 1
2021-02-18 13:52:05,931 DEBUG LogbackTest [main] Current thread: main 1
2021-02-18 13:52:05,931 DEBUG LogbackTest [main] Current thread: main 1
2021-02-18 13:52:05,931 DEBUG LogbackTest [main] Current thread: main 1
2021-02-18 13:52:05,931 DEBUG LogbackTest [main] Current thread: main 1
2021-02-18 13:52:05,931 DEBUG LogbackTest [main] Current thread: main 1
2021-02-18 13:52:05,931 DEBUG LogbackTest [main] Current thread: main 1
2021-02-18 13:52:05,931 DEBUG LogbackTest [main] Current thread: main 1
2021-02-18 13:52:05,931 DEBUG LogbackTest [main] Current thread: main 1
2021-02-18 13:52:05,931 DEBUG LogbackTest [main] Current thread: main 1
2021-02-18 13:52:05,931 DEBUG LogbackTest [main] Current thread: main 1
2021-02-18 13:52:05,931 DEBUG LogbackTest [main] Current thread: main 1
2021-02-18 13:52:05,931 DEBUG LogbackTest [main] Current thread: main 1
2021-02-18 13:52:05,931 DEBUG LogbackTest [main] Current thread: main 1
2021-02-18 13:52:05,931 DEBUG LogbackTest [main] Current thread: main 1
2021-02-18 13:52:05,931 DEBUG LogbackTest [main] Current thread: main 1
2021-02-18 13:52:05,931 DEBUG LogbackTest [main] Current thread: main 1
2021-02-18 13:52:05,931 DEBUG LogbackTest [main] Current thread: main 1
2021-02-18 13:52:05,931 DEBUG LogbackTest [main] Current thread: main 1
2021-02-18 13:52:05,931 DEBUG LogbackTest [main] Current thread: main 1
2021-02-18 13:52:05,932 DEBUG LogbackTest [main] Current thread: main 1
2021-02-18 13:52:05,932 DEBUG LogbackTest [main] Current thread: main 1
2021-02-18 13:52:05,932 DEBUG LogbackTest [main] Current thread: main 1
2021-02-18 13:52:05,932 DEBUG LogbackTest [main] Current thread: main 1
2021-02-18 13:52:05,932 DEBUG LogbackTest [main] Current thread: main 1
2021-02-18 13:52:05,932 DEBUG LogbackTest [main] Current thread: main 1
2021-02-18 13:52:05,932 DEBUG LogbackTest [main] Current thread: main 1
2021-02-18 13:52:05,932 DEBUG LogbackTest [main] Current thread: main 1
2021-02-18 13:52:05,932 DEBUG LogbackTest [main] Current thread: main 1
2021-02-18 13:52:05,932 DEBUG LogbackTest [main] Current thread: main 1
2021-02-18 13:52:05,932 DEBUG LogbackTest [main] Current thread: main 1
2021-02-18 13:52:05,932 DEBUG LogbackTest [main] Current thread: main 1
2021-02-18 13:52:05,932 DEBUG LogbackTest [main] Current thread: main 1
2021-02-18 13:52:05,932 DEBUG LogbackTest [main] Current thread: main 1
2021-02-18 13:52:05,932 DEBUG LogbackTest [main] Current thread: main 1
2021-02-18 13:52:05,932 DEBUG LogbackTest [main] Current thread: main 1
2021-02-18 13:52:05,932 DEBUG LogbackTest [main] Current thread: main 1
2021-02-18 13:52:05,932 DEBUG LogbackTest [main] Current thread: main 1
2021-02-18 13:52:05,932 DEBUG LogbackTest [main] Current thread: main 1
2021-02-18 13:52:05,932 DEBUG LogbackTest [main] Current thread: main 1
2021-02-18 13:52:05,932 DEBUG LogbackTest [main] Current thread: main 1
2021-02-18 13:52:05,932 DEBUG LogbackTest [main] Current thread: main 1
2021-02-18 13:52:05,932 DEBUG LogbackTest [main] Current thread: main 1
2021-02-18 13:52:05,932 DEBUG LogbackTest [main] Current thread: main 1
2021-02-18 13:52:05,932 DEBUG LogbackTest [main] Current thread: main 1
2021-02-18 13:52:05,933 DEBUG LogbackTest [main] Current thread: main 1
2021-02-18 13:52:05,933 DEBUG LogbackTest [main] Current thread: main 1
2021-02-18 13:52:05,933 DEBUG LogbackTest [main] Current thread: main 1
2021-02-18 13:52:05,933 DEBUG LogbackTest [main] Current thread: main 1
2021-02-18 13:52:05,933 DEBUG LogbackTest [main] Current thread: main 1
2021-02-18 13:52:05,933 DEBUG LogbackTest [main] Current thread: main 1
2021-02-18 13:52:05,933 DEBUG LogbackTest [main] Current thread: main 1
2021-02-18 13:52:05,933 DEBUG LogbackTest [main] Current thread: main 1
2021-02-18 13:52:05,933 DEBUG LogbackTest [main] Current thread: main 1
2021-02-18 13:52:05,933 DEBUG LogbackTest [main] Current thread: main 1
2021-02-18 13:52:05,933 DEBUG LogbackTest [main] Current thread: main 1
2021-02-18 13:52:05,933 DEBUG LogbackTest [main] Current thread: main 1
2021-02-18 13:52:05,933 DEBUG LogbackTest [main] Current thread: main 1
2021-02-18 13:52:05,933 DEBUG LogbackTest [main] Current thread: main 1
2021-02-18 13:52:05,933 DEBUG LogbackTest [main] Current thread: main 1
2021-02-18 13:52:05,933 DEBUG LogbackTest [main] Current thread: main 1
2021-02-18 13:52:05,933 DEBUG LogbackTest [main] Current thread: main 1
2021-02-18 13:52:05,933 DEBUG LogbackTest [main] Current thread: main 1
2021-02-18 13:52:05,933 DEBUG LogbackTest [main] Current thread: main 1
2021-02-18 13:52:05,933 DEBUG LogbackTest [main] Current thread: main 1
2021-02-18 13:52:05,933 DEBUG LogbackTest [main] Current thread: main 1
2021-02-18 13:52:05,933 DEBUG LogbackTest [main] Current thread: main 1
2021-02-18 13:52:05,933 DEBUG LogbackTest [main] Current thread: main 1
2021-02-18 13:52:05,934 DEBUG LogbackTest [main] Current thread: main 1
2021-02-18 13:52:05,934 DEBUG LogbackTest [main] Current thread: main 1
2021-02-18 13:52:05,934 DEBUG LogbackTest [main] Current thread: main 1
2021-02-18 13:52:05,934 DEBUG LogbackTest [main] Current thread: main 1
2021-02-18 13:52:05,934 DEBUG LogbackTest [main] Current thread: main 1
2021-02-18 13:52:05,934 DEBUG LogbackTest [main] Current thread: main 1
2021-02-18 13:52:05,934 DEBUG LogbackTest [main] Current thread: main 1
2021-02-18 13:52:05,934 DEBUG LogbackTest [main] Current thread: main 1
2021-02-18 13:52:05,934 DEBUG LogbackTest [main] Current thread: main 1
2021-02-18 13:52:05,934 DEBUG LogbackTest [main] Current thread: main 1
2021-02-18 13:52:05,934 DEBUG LogbackTest [main] Current thread: main 1
2021-02-18 13:52:05,935 DEBUG LogbackTest [main] Current thread: main 1
2021-02-18 13:52:05,935 DEBUG LogbackTest [main] Current thread: main 1
2021-02-18 13:52:05,935 DEBUG LogbackTest [main] Current thread: main 1
2021-02-18 13:52:05,935 DEBUG LogbackTest [main] Current thread: main 1
2021-02-18 13:52:05,935 DEBUG LogbackTest [main] Current thread: main 1
2021-02-18 13:52:05,935 DEBUG LogbackTest [main] Current thread: main 1
2021-02-18 13:52:05,935 DEBUG LogbackTest [main] Current thread: main 1
2021-02-18 13:52:05,935 DEBUG LogbackTest [main] Current thread: main 1
2021-02-18 13:52:05,935 DEBUG LogbackTest [main] Current thread: main 1
2021-02-18 13:52:05,935 DEBUG LogbackTest [main] Current thread: main 1
2021-02-18 13:52:05,935 DEBUG LogbackTest [main] Current thread: main 1
2021-02-18 13:52:05,935 DEBUG LogbackTest [main] Current thread: main 1
2021-02-18 13:52:05,935 DEBUG LogbackTest [main] Current thread: main 1
2021-02-18 13:52:05,935 DEBUG LogbackTest [main] Current thread: main 1
2021-02-18 13:52:05,935 DEBUG LogbackTest [main] Current thread: main 1
2021-02-18 13:52:05,935 DEBUG LogbackTest [main] Current thread: main 1
2021-02-18 13:52:05,935 DEBUG LogbackTest [main] Current thread: main 1
2021-02-18 13:52:05,935 DEBUG LogbackTest [main] Current thread: main 1
2021-02-18 13:52:05,936 DEBUG LogbackTest [main] Current thread: main 1
2021-02-18 13:52:05,936 DEBUG LogbackTest [main] Current thread: main 1
2021-02-18 13:52:05,936 DEBUG LogbackTest [main] Current thread: main 1
2021-02-18 13:52:05,936 DEBUG LogbackTest [main] Current thread: main 1
2021-02-18 13:52:05,936 DEBUG LogbackTest [main] Current thread: main 1
2021-02-18 13:52:05,936 DEBUG LogbackTest [main] Current thread: main 1
2021-02-18 13:52:05,936 DEBUG LogbackTest [main] Current thread: main 1
2021-02-18 13:52:05,936 DEBUG LogbackTest [main] Current thread: main 1
2021-02-18 13:52:05,936 DEBUG LogbackTest [main] Current thread: main 1
2021-02-18 13:52:05,936 DEBUG LogbackTest [main] Current thread: main 1
2021-02-18 13:52:05,936 DEBUG LogbackTest [main] Current thread: main 1
2021-02-18 13:52:05,936 DEBUG LogbackTest [main] Current thread: main 1
2021-02-18 13:52:05,936 DEBUG LogbackTest [main] Current thread: main 1
2021-02-18 13:52:05,936 DEBUG LogbackTest [main] Current thread: main 1
2021-02-18 13:52:05,936 DEBUG LogbackTest [main] Current thread: main 1
2021-02-18 13:52:05,936 DEBUG LogbackTest [main] Current thread: main 1
2021-02-18 13:52:05,936 DEBUG LogbackTest [main] Current thread: main 1
2021-02-18 13:52:05,936 DEBUG LogbackTest [main] Current thread: main 1
2021-02-18 13:52:05,936 DEBUG LogbackTest [main] Current thread: main 1
2021-02-18 13:52:05,936 DEBUG LogbackTest [main] Current thread: main 1
2021-02-18 13:52:05,936 DEBUG LogbackTest [main] Current thread: main 1
2021-02-18 13:52:05,936 DEBUG LogbackTest [main] Current thread: main 1
2021-02-18 13:52:05,936 DEBUG LogbackTest [main] Current thread: main 1
2021-02-18 13:52:05,937 DEBUG LogbackTest [main] Current thread: main 1
2021-02-18 13:52:05,937 DEBUG LogbackTest [main] Current thread: main 1
2021-02-18 13:52:05,937 DEBUG LogbackTest [main] Current thread: main 1
2021-02-18 13:52:05,937 DEBUG LogbackTest [main] Current thread: main 1
2021-02-18 13:52:05,937 DEBUG LogbackTest [main] Current thread: main 1
2021-02-18 13:52:05,937 DEBUG LogbackTest [main] Current thread: main 1
2021-02-18 13:52:05,937 DEBUG LogbackTest [main] Current thread: main 1
2021-02-18 13:52:05,937 DEBUG LogbackTest [main] Current thread: main 1
2021-02-18 13:52:05,937 DEBUG LogbackTest [main] Current thread: main 1
2021-02-18 13:52:05,937 DEBUG LogbackTest [main] Current thread: main 1
2021-02-18 13:52:05,937 DEBUG LogbackTest [main] Current thread: main 1
2021-02-18 13:52:05,937 DEBUG LogbackTest [main] Current thread: main 1
2021-02-18 13:52:05,937 DEBUG LogbackTest [main] Current thread: main 1
2021-02-18 13:52:05,937 DEBUG LogbackTest [main] Current thread: main 1
2021-02-18 13:52:05,937 DEBUG LogbackTest [main] Current thread: main 1
2021-02-18 13:52:05,938 DEBUG LogbackTest [main] Current thread: main 1
2021-02-18 13:52:05,938 DEBUG LogbackTest [main] Current thread: main 1
2021-02-18 13:52:05,938 DEBUG LogbackTest [main] Current thread: main 1
2021-02-18 13:52:05,938 DEBUG LogbackTest [main] Current thread: main 1
2021-02-18 13:52:05,938 DEBUG LogbackTest [main] Current thread: main 1
2021-02-18 13:52:05,938 DEBUG LogbackTest [main] Current thread: main 1
2021-02-18 13:52:05,938 DEBUG LogbackTest [main] Current thread: main 1
2021-02-18 13:52:05,938 DEBUG LogbackTest [main] Current thread: main 1
2021-02-18 13:52:05,938 DEBUG LogbackTest [main] Current thread: main 1
2021-02-18 13:52:05,938 DEBUG LogbackTest [main] Current thread: main 1
2021-02-18 13:52:05,938 DEBUG LogbackTest [main] Current thread: main 1
2021-02-18 13:52:05,938 DEBUG LogbackTest [main] Current thread: main 1
2021-02-18 13:52:05,938 DEBUG LogbackTest [main] Current thread: main 1
2021-02-18 13:52:05,938 DEBUG LogbackTest [main] Current thread: main 1
2021-02-18 13:52:05,938 DEBUG LogbackTest [main] Current thread: main 1
2021-02-18 13:52:05,938 DEBUG LogbackTest [main] Current thread: main 1
2021-02-18 13:52:05,938 DEBUG LogbackTest [main] Current thread: main 1
2021-02-18 13:52:05,938 DEBUG LogbackTest [main] Current thread: main 1
2021-02-18 13:52:05,938 DEBUG LogbackTest [main] Current thread: main 1
2021-02-18 13:52:05,938 DEBUG LogbackTest [main] Current thread: main 1
2021-02-18 13:52:05,938 DEBUG LogbackTest [main] Current thread: main 1
2021-02-18 13:52:05,938 DEBUG LogbackTest [main] Current thread: main 1
2021-02-18 13:52:05,938 DEBUG LogbackTest [main] Current thread: main 1
2021-02-18 13:52:05,938 DEBUG LogbackTest [main] Current thread: main 1
2021-02-18 13:52:05,938 DEBUG LogbackTest [main] Current thread: main 1
2021-02-18 13:52:05,939 DEBUG LogbackTest [main] Current thread: main 1
2021-02-18 13:52:05,939 DEBUG LogbackTest [main] Current thread: main 1
2021-02-18 13:52:05,939 DEBUG LogbackTest [main] Current thread: main 1
2021-02-18 13:52:05,939 DEBUG LogbackTest [main] Current thread: main 1
2021-02-18 13:52:05,939 DEBUG LogbackTest [main] Current thread: main 1
2021-02-18 13:52:05,939 DEBUG LogbackTest [main] Current thread: main 1
2021-02-18 13:52:05,939 DEBUG LogbackTest [main] Current thread: main 1
2021-02-18 13:52:05,939 DEBUG LogbackTest [main] Current thread: main 1
2021-02-18 13:52:05,939 DEBUG LogbackTest [main] Current thread: main 1
2021-02-18 13:52:05,939 DEBUG LogbackTest [main] Current thread: main 1
2021-02-18 13:52:05,939 DEBUG LogbackTest [main] Current thread: main 1
2021-02-18 13:52:05,939 DEBUG LogbackTest [main] Current thread: main 1
2021-02-18 13:52:05,939 DEBUG LogbackTest [main] Current thread: main 1
2021-02-18 13:52:05,939 DEBUG LogbackTest [main] Current thread: main 1
2021-02-18 13:52:05,939 DEBUG LogbackTest [main] Current thread: main 1
2021-02-18 13:52:05,939 DEBUG LogbackTest [main] Current thread: main 1
2021-02-18 13:52:05,939 DEBUG LogbackTest [main] Current thread: main 1
2021-02-18 13:52:05,939 DEBUG LogbackTest [main] Current thread: main 1
2021-02-18 13:52:05,939 DEBUG LogbackTest [main] Current thread: main 1
2021-02-18 13:52:05,939 DEBUG LogbackTest [main] Current thread: main 1
2021-02-18 13:52:05,939 DEBUG LogbackTest [main] Current thread: main 1
2021-02-18 13:52:05,939 DEBUG LogbackTest [main] Current thread: main 1
2021-02-18 13:52:05,939 DEBUG LogbackTest [main] Current thread: main 1
2021-02-18 13:52:05,939 DEBUG LogbackTest [main] Current thread: main 1
2021-02-18 13:52:05,939 DEBUG LogbackTest [main] Current thread: main 1
2021-02-18 13:52:05,940 DEBUG LogbackTest [main] Current thread: main 1
2021-02-18 13:52:05,940 DEBUG LogbackTest [main] Current thread: main 1
2021-02-18 13:52:05,940 DEBUG LogbackTest [main] Current thread: main 1
2021-02-18 13:52:05,940 DEBUG LogbackTest [main] Current thread: main 1
2021-02-18 13:52:05,940 DEBUG LogbackTest [main] Current thread: main 1
2021-02-18 13:52:05,940 DEBUG LogbackTest [main] Current thread: main 1
2021-02-18 13:52:05,940 DEBUG LogbackTest [main] Current thread: main 1
2021-02-18 13:52:05,940 DEBUG LogbackTest [main] Current thread: main 1
2021-02-18 13:52:05,940 DEBUG LogbackTest [main] Current thread: main 1
2021-02-18 13:52:05,940 DEBUG LogbackTest [main] Current thread: main 1
2021-02-18 13:52:05,940 DEBUG LogbackTest [main] Current thread: main 1
2021-02-18 13:52:05,940 DEBUG LogbackTest [main] Current thread: main 1
2021-02-18 13:52:05,940 DEBUG LogbackTest [main] Current thread: main 1
2021-02-18 13:52:05,940 DEBUG LogbackTest [main] Current thread: main 1
2021-02-18 13:52:05,941 DEBUG LogbackTest [main] Current thread: main 1
2021-02-18 13:52:05,941 DEBUG LogbackTest [main] Current thread: main 1
2021-02-18 13:52:05,941 DEBUG LogbackTest [main] Current thread: main 1
2021-02-18 13:52:05,941 DEBUG LogbackTest [main] Current thread: main 1
2021-02-18 13:52:05,941 DEBUG LogbackTest [main] Current thread: main 1
2021-02-18 13:52:05,941 DEBUG LogbackTest [main] Current thread: main 1
2021-02-18 13:52:05,941 DEBUG LogbackTest [main] Current thread: main 1
2021-02-18 13:52:05,941 DEBUG LogbackTest [main] Current thread: main 1
2021-02-18 13:52:05,941 DEBUG LogbackTest [main] Current thread: main 1
2021-02-18 13:52:05,941 DEBUG LogbackTest [main] Current thread: main 1
2021-02-18 13:52:05,941 DEBUG LogbackTest [main] Current thread: main 1
2021-02-18 13:52:05,941 DEBUG LogbackTest [main] Current thread: main 1
2021-02-18 13:52:05,941 DEBUG LogbackTest [main] Current thread: main 1
2021-02-18 13:52:05,941 DEBUG LogbackTest [main] Current thread: main 1
2021-02-18 13:52:05,941 DEBUG LogbackTest [main] Current thread: main 1
2021-02-18 13:52:05,941 DEBUG LogbackTest [main] Current thread: main 1
2021-02-18 13:52:05,941 DEBUG LogbackTest [main] Current thread: main 1
2021-02-18 13:52:05,941 DEBUG LogbackTest [main] Current thread: main 1
2021-02-18 13:52:05,941 DEBUG LogbackTest [main] Current thread: main 1
2021-02-18 13:52:05,941 DEBUG LogbackTest [main] Current thread: main 1
2021-02-18 13:52:05,941 DEBUG LogbackTest [main] Current thread: main 1
2021-02-18 13:52:05,941 DEBUG LogbackTest [main] Current thread: main 1
2021-02-18 13:52:05,942 DEBUG LogbackTest [main] Current thread: main 1
2021-02-18 13:52:05,942 DEBUG LogbackTest [main] Current thread: main 1
2021-02-18 13:52:05,942 DEBUG LogbackTest [main] Current thread: main 1
2021-02-18 13:52:05,942 DEBUG LogbackTest [main] Current thread: main 1
2021-02-18 13:52:05,942 DEBUG LogbackTest [main] Current thread: main 1
2021-02-18 13:52:05,942 DEBUG LogbackTest [main] Current thread: main 1
2021-02-18 13:52:05,942 DEBUG LogbackTest [main] Current thread: main 1
2021-02-18 13:52:05,942 DEBUG LogbackTest [main] Current thread: main 1
2021-02-18 13:52:05,942 DEBUG LogbackTest [main] Current thread: main 1
2021-02-18 13:55:33,243 DEBUG LogbackTest [main] Logging Logback - DEBUG - lev.2
2021-02-18 13:55:33,244 INFO LogbackTest [main] Logging Logback - INFO - lev.3
2021-02-18 13:55:33,245 WARN LogbackTest [main] Logging Logback - WARN - lev.4
2021-02-18 13:55:33,245 ERROR LogbackTest [main] Logging Logback - ERROR - lev.5
2021-02-18 13:55:33,247 DEBUG LogbackTest [main] Is trace enabled: false
2021-02-18 13:55:33,247 DEBUG LogbackTest [main] Current thread: main 1
2021-02-18 13:55:33,248 DEBUG LogbackTest [main] Current thread: main 1
2021-02-18 13:55:33,249 DEBUG LogbackTest [main] Current thread: main 1
2021-02-18 13:55:33,249 DEBUG LogbackTest [main] Current thread: main 1
2021-02-18 13:55:33,249 DEBUG LogbackTest [main] Current thread: main 1
2021-02-18 13:55:33,249 DEBUG LogbackTest [main] Current thread: main 1
2021-02-18 13:55:33,249 DEBUG LogbackTest [main] Current thread: main 1
2021-02-18 13:55:33,249 DEBUG LogbackTest [main] Current thread: main 1
2021-02-18 13:55:33,249 DEBUG LogbackTest [main] Current thread: main 1
2021-02-18 13:55:33,249 DEBUG LogbackTest [main] Current thread: main 1
