2021-02-19 11:41:24,508 DEBUG LogbackTest [main] Current thread: main 1
2021-02-19 11:41:24,518 DEBUG LogbackTest [main] Current thread: main 1
2021-02-19 11:41:24,518 DEBUG LogbackTest [main] Current thread: main 1
2021-02-19 11:41:24,518 DEBUG LogbackTest [main] Current thread: main 1
2021-02-19 11:41:24,518 DEBUG LogbackTest [main] Current thread: main 1
2021-02-19 11:41:24,519 DEBUG LogbackTest [main] Current thread: main 1
2021-02-19 11:41:24,519 DEBUG LogbackTest [main] Current thread: main 1
2021-02-19 11:41:24,519 DEBUG LogbackTest [main] Current thread: main 1
2021-02-19 11:41:24,522 DEBUG LogbackTest [main] Current thread: main 1
2021-02-19 11:41:24,524 DEBUG LogbackTest [main] Current thread: main 1
2021-02-19 11:41:24,524 DEBUG LogbackTest [main] Current thread: main 1
2021-02-19 11:41:24,524 DEBUG LogbackTest [main] Current thread: main 1
2021-02-19 11:41:24,524 DEBUG LogbackTest [main] Current thread: main 1
2021-02-19 11:41:24,524 DEBUG LogbackTest [main] Current thread: main 1
2021-02-19 11:41:24,525 DEBUG LogbackTest [main] Current thread: main 1
2021-02-19 11:41:24,525 DEBUG LogbackTest [main] Current thread: main 1
2021-02-19 11:41:24,525 DEBUG LogbackTest [main] Current thread: main 1
2021-02-19 11:41:24,525 DEBUG LogbackTest [main] Current thread: main 1
2021-02-19 11:41:24,525 DEBUG LogbackTest [main] Current thread: main 1
2021-02-19 11:41:24,525 DEBUG LogbackTest [main] Current thread: main 1
2021-02-19 11:41:24,525 DEBUG LogbackTest [main] Current thread: main 1
2021-02-19 11:41:24,526 DEBUG LogbackTest [main] Current thread: main 1
2021-02-19 11:41:24,526 DEBUG LogbackTest [main] Current thread: main 1
2021-02-19 11:41:24,526 DEBUG LogbackTest [main] Current thread: main 1
2021-02-19 11:41:24,526 DEBUG LogbackTest [main] Current thread: main 1
2021-02-19 11:41:24,526 DEBUG LogbackTest [main] Current thread: main 1
2021-02-19 11:41:24,526 DEBUG LogbackTest [main] Current thread: main 1
2021-02-19 11:41:24,526 DEBUG LogbackTest [main] Current thread: main 1
2021-02-19 11:41:24,526 DEBUG LogbackTest [main] Current thread: main 1
2021-02-19 11:41:24,526 DEBUG LogbackTest [main] Current thread: main 1
2021-02-19 11:41:24,526 DEBUG LogbackTest [main] Current thread: main 1
2021-02-19 11:41:24,526 DEBUG LogbackTest [main] Current thread: main 1
2021-02-19 11:41:24,526 DEBUG LogbackTest [main] Current thread: main 1
2021-02-19 11:41:24,526 DEBUG LogbackTest [main] Current thread: main 1
2021-02-19 11:41:24,527 DEBUG LogbackTest [main] Current thread: main 1
2021-02-19 11:41:24,527 DEBUG LogbackTest [main] Current thread: main 1
2021-02-19 11:41:24,527 DEBUG LogbackTest [main] Current thread: main 1
2021-02-19 11:41:24,527 DEBUG LogbackTest [main] Current thread: main 1
2021-02-19 11:41:24,527 DEBUG LogbackTest [main] Current thread: main 1
2021-02-19 11:41:24,527 DEBUG LogbackTest [main] Current thread: main 1
2021-02-19 11:41:24,527 DEBUG LogbackTest [main] Current thread: main 1
2021-02-19 11:41:24,527 DEBUG LogbackTest [main] Current thread: main 1
2021-02-19 11:41:24,527 DEBUG LogbackTest [main] Current thread: main 1
2021-02-19 11:41:24,527 DEBUG LogbackTest [main] Current thread: main 1
2021-02-19 11:41:24,527 DEBUG LogbackTest [main] Current thread: main 1
2021-02-19 11:41:24,527 DEBUG LogbackTest [main] Current thread: main 1
2021-02-19 11:41:24,528 DEBUG LogbackTest [main] Current thread: main 1
2021-02-19 11:41:24,528 DEBUG LogbackTest [main] Current thread: main 1
2021-02-19 11:41:24,528 DEBUG LogbackTest [main] Current thread: main 1
2021-02-19 11:41:24,528 DEBUG LogbackTest [main] Current thread: main 1
2021-02-19 11:41:24,528 DEBUG LogbackTest [main] Current thread: main 1
2021-02-19 11:41:24,528 DEBUG LogbackTest [main] Current thread: main 1
2021-02-19 11:41:24,528 DEBUG LogbackTest [main] Current thread: main 1
2021-02-19 11:41:24,529 DEBUG LogbackTest [main] Current thread: main 1
2021-02-19 11:41:24,529 DEBUG LogbackTest [main] Current thread: main 1
2021-02-19 11:41:24,529 DEBUG LogbackTest [main] Current thread: main 1
2021-02-19 11:41:24,529 DEBUG LogbackTest [main] Current thread: main 1
2021-02-19 11:41:24,529 DEBUG LogbackTest [main] Current thread: main 1
2021-02-19 11:41:24,529 DEBUG LogbackTest [main] Current thread: main 1
2021-02-19 11:41:24,529 DEBUG LogbackTest [main] Current thread: main 1
2021-02-19 11:41:24,529 DEBUG LogbackTest [main] Current thread: main 1
2021-02-19 11:41:24,529 DEBUG LogbackTest [main] Current thread: main 1
2021-02-19 11:41:24,529 DEBUG LogbackTest [main] Current thread: main 1
2021-02-19 11:41:24,530 DEBUG LogbackTest [main] Current thread: main 1
2021-02-19 11:41:24,530 DEBUG LogbackTest [main] Current thread: main 1
2021-02-19 11:41:24,530 DEBUG LogbackTest [main] Current thread: main 1
2021-02-19 11:41:24,530 DEBUG LogbackTest [main] Current thread: main 1
2021-02-19 11:41:24,530 DEBUG LogbackTest [main] Current thread: main 1
2021-02-19 11:41:24,530 DEBUG LogbackTest [main] Current thread: main 1
2021-02-19 11:41:24,530 DEBUG LogbackTest [main] Current thread: main 1
2021-02-19 11:41:24,530 DEBUG LogbackTest [main] Current thread: main 1
2021-02-19 11:41:24,530 DEBUG LogbackTest [main] Current thread: main 1
2021-02-19 11:41:24,530 DEBUG LogbackTest [main] Current thread: main 1
2021-02-19 11:41:24,530 DEBUG LogbackTest [main] Current thread: main 1
2021-02-19 11:41:24,531 DEBUG LogbackTest [main] Current thread: main 1
2021-02-19 11:41:24,531 DEBUG LogbackTest [main] Current thread: main 1
2021-02-19 11:41:24,531 DEBUG LogbackTest [main] Current thread: main 1
2021-02-19 11:41:24,531 DEBUG LogbackTest [main] Current thread: main 1
2021-02-19 11:41:24,531 DEBUG LogbackTest [main] Current thread: main 1
2021-02-19 11:41:24,531 DEBUG LogbackTest [main] Current thread: main 1
2021-02-19 11:41:24,531 DEBUG LogbackTest [main] Current thread: main 1
2021-02-19 11:41:24,531 DEBUG LogbackTest [main] Current thread: main 1
2021-02-19 11:41:24,531 DEBUG LogbackTest [main] Current thread: main 1
2021-02-19 11:41:24,531 DEBUG LogbackTest [main] Current thread: main 1
2021-02-19 11:41:24,531 DEBUG LogbackTest [main] Current thread: main 1
2021-02-19 11:41:24,531 DEBUG LogbackTest [main] Current thread: main 1
2021-02-19 11:41:24,532 DEBUG LogbackTest [main] Current thread: main 1
2021-02-19 11:41:24,532 DEBUG LogbackTest [main] Current thread: main 1
2021-02-19 11:41:24,532 DEBUG LogbackTest [main] Current thread: main 1
2021-02-19 11:41:24,532 DEBUG LogbackTest [main] Current thread: main 1
2021-02-19 11:41:24,532 DEBUG LogbackTest [main] Current thread: main 1
2021-02-19 11:41:24,532 DEBUG LogbackTest [main] Current thread - logger2: main 1
2021-02-19 11:41:24,532 WARN LogbackTest [main] Message logged WARN == WARN.
2021-02-19 11:46:17,312 DEBUG LogbackTest [main] Logging Logback - DEBUG - lev.2
2021-02-19 11:46:17,312 INFO LogbackTest [main] Logging Logback - INFO - lev.3
2021-02-19 11:46:17,312 WARN LogbackTest [main] Logging Logback - WARN - lev.4
2021-02-19 11:46:17,312 ERROR LogbackTest [main] Logging Logback - ERROR - lev.5
2021-02-19 11:46:17,312 DEBUG LogbackTest [main] Is trace enabled: false
2021-02-19 11:46:17,312 DEBUG LogbackTest [main] Current thread: main 1
2021-02-19 11:46:17,312 DEBUG LogbackTest [main] Current thread: main 1
2021-02-19 11:46:17,312 DEBUG LogbackTest [main] Current thread: main 1
2021-02-19 11:46:17,312 DEBUG LogbackTest [main] Current thread: main 1
2021-02-19 11:46:17,312 DEBUG LogbackTest [main] Current thread: main 1
2021-02-19 11:46:17,312 DEBUG LogbackTest [main] Current thread: main 1
2021-02-19 11:46:17,312 DEBUG LogbackTest [main] Current thread: main 1
2021-02-19 11:46:17,312 DEBUG LogbackTest [main] Current thread: main 1
2021-02-19 11:46:17,312 DEBUG LogbackTest [main] Current thread: main 1
2021-02-19 11:46:17,312 DEBUG LogbackTest [main] Current thread: main 1
