2021-02-19 11:38:33,320 DEBUG LogbackTest [main] Current thread: main 1
2021-02-19 11:38:33,331 DEBUG LogbackTest [main] Current thread: main 1
2021-02-19 11:38:33,331 DEBUG LogbackTest [main] Current thread: main 1
2021-02-19 11:38:33,331 DEBUG LogbackTest [main] Current thread: main 1
2021-02-19 11:38:33,331 DEBUG LogbackTest [main] Current thread: main 1
2021-02-19 11:38:33,331 DEBUG LogbackTest [main] Current thread: main 1
2021-02-19 11:38:33,331 DEBUG LogbackTest [main] Current thread: main 1
2021-02-19 11:38:33,331 DEBUG LogbackTest [main] Current thread: main 1
2021-02-19 11:38:33,332 DEBUG LogbackTest [main] Current thread: main 1
2021-02-19 11:38:33,332 DEBUG LogbackTest [main] Current thread: main 1
2021-02-19 11:38:33,332 DEBUG LogbackTest [main] Current thread: main 1
2021-02-19 11:38:33,332 DEBUG LogbackTest [main] Current thread: main 1
2021-02-19 11:38:33,332 DEBUG LogbackTest [main] Current thread: main 1
2021-02-19 11:38:33,332 DEBUG LogbackTest [main] Current thread: main 1
2021-02-19 11:38:33,332 DEBUG LogbackTest [main] Current thread: main 1
2021-02-19 11:38:33,332 DEBUG LogbackTest [main] Current thread: main 1
2021-02-19 11:38:33,333 DEBUG LogbackTest [main] Current thread: main 1
2021-02-19 11:38:33,333 DEBUG LogbackTest [main] Current thread: main 1
2021-02-19 11:38:33,333 DEBUG LogbackTest [main] Current thread: main 1
2021-02-19 11:38:33,333 DEBUG LogbackTest [main] Current thread: main 1
2021-02-19 11:38:33,333 DEBUG LogbackTest [main] Current thread: main 1
2021-02-19 11:38:33,333 DEBUG LogbackTest [main] Current thread: main 1
2021-02-19 11:38:33,333 DEBUG LogbackTest [main] Current thread: main 1
2021-02-19 11:38:33,333 DEBUG LogbackTest [main] Current thread: main 1
2021-02-19 11:38:33,333 DEBUG LogbackTest [main] Current thread: main 1
2021-02-19 11:38:33,333 DEBUG LogbackTest [main] Current thread: main 1
2021-02-19 11:38:33,333 DEBUG LogbackTest [main] Current thread: main 1
2021-02-19 11:38:33,334 DEBUG LogbackTest [main] Current thread: main 1
2021-02-19 11:38:33,334 DEBUG LogbackTest [main] Current thread: main 1
2021-02-19 11:38:33,334 DEBUG LogbackTest [main] Current thread: main 1
2021-02-19 11:38:33,334 DEBUG LogbackTest [main] Current thread: main 1
2021-02-19 11:38:33,334 DEBUG LogbackTest [main] Current thread: main 1
2021-02-19 11:38:33,334 DEBUG LogbackTest [main] Current thread: main 1
2021-02-19 11:38:33,334 DEBUG LogbackTest [main] Current thread: main 1
2021-02-19 11:38:33,334 DEBUG LogbackTest [main] Current thread: main 1
2021-02-19 11:38:33,334 DEBUG LogbackTest [main] Current thread: main 1
2021-02-19 11:38:33,334 DEBUG LogbackTest [main] Current thread: main 1
2021-02-19 11:38:33,334 DEBUG LogbackTest [main] Current thread: main 1
2021-02-19 11:38:33,334 DEBUG LogbackTest [main] Current thread: main 1
2021-02-19 11:38:33,335 DEBUG LogbackTest [main] Current thread: main 1
2021-02-19 11:38:33,335 DEBUG LogbackTest [main] Current thread: main 1
2021-02-19 11:38:33,335 DEBUG LogbackTest [main] Current thread: main 1
2021-02-19 11:38:33,335 DEBUG LogbackTest [main] Current thread - logger2: main 1
2021-02-19 11:38:33,335 WARN LogbackTest [main] Message logged WARN == WARN.
2021-02-19 11:41:07,666 DEBUG LogbackTest [main] Logging Logback - DEBUG - lev.2
2021-02-19 11:41:07,667 INFO LogbackTest [main] Logging Logback - INFO - lev.3
2021-02-19 11:41:07,667 WARN LogbackTest [main] Logging Logback - WARN - lev.4
2021-02-19 11:41:07,668 ERROR LogbackTest [main] Logging Logback - ERROR - lev.5
2021-02-19 11:41:07,670 DEBUG LogbackTest [main] Is trace enabled: false
2021-02-19 11:41:07,670 DEBUG LogbackTest [main] Current thread: main 1
2021-02-19 11:41:07,672 DEBUG LogbackTest [main] Current thread: main 1
2021-02-19 11:41:07,672 DEBUG LogbackTest [main] Current thread: main 1
2021-02-19 11:41:07,672 DEBUG LogbackTest [main] Current thread: main 1
2021-02-19 11:41:07,672 DEBUG LogbackTest [main] Current thread: main 1
2021-02-19 11:41:07,672 DEBUG LogbackTest [main] Current thread: main 1
2021-02-19 11:41:07,672 DEBUG LogbackTest [main] Current thread: main 1
2021-02-19 11:41:07,672 DEBUG LogbackTest [main] Current thread: main 1
2021-02-19 11:41:07,672 DEBUG LogbackTest [main] Current thread: main 1
2021-02-19 11:41:07,672 DEBUG LogbackTest [main] Current thread: main 1
2021-02-19 11:41:07,672 DEBUG LogbackTest [main] Current thread: main 1
2021-02-19 11:41:07,673 DEBUG LogbackTest [main] Current thread: main 1
2021-02-19 11:41:07,673 DEBUG LogbackTest [main] Current thread: main 1
2021-02-19 11:41:07,673 DEBUG LogbackTest [main] Current thread: main 1
2021-02-19 11:41:07,673 DEBUG LogbackTest [main] Current thread: main 1
2021-02-19 11:41:07,673 DEBUG LogbackTest [main] Current thread: main 1
2021-02-19 11:41:07,673 DEBUG LogbackTest [main] Current thread: main 1
2021-02-19 11:41:07,673 DEBUG LogbackTest [main] Current thread: main 1
2021-02-19 11:41:07,674 DEBUG LogbackTest [main] Current thread: main 1
2021-02-19 11:41:07,674 DEBUG LogbackTest [main] Current thread: main 1
2021-02-19 11:41:07,674 DEBUG LogbackTest [main] Current thread: main 1
2021-02-19 11:41:07,674 DEBUG LogbackTest [main] Current thread: main 1
2021-02-19 11:41:07,677 DEBUG LogbackTest [main] Current thread: main 1
2021-02-19 11:41:07,677 DEBUG LogbackTest [main] Current thread: main 1
2021-02-19 11:41:07,677 DEBUG LogbackTest [main] Current thread: main 1
2021-02-19 11:41:07,678 DEBUG LogbackTest [main] Current thread: main 1
