2021-03-11 15:42:44,661 DEBUG com.aga.logging.LogbackTest [main] Current thread: main - 1
2021-03-11 15:42:44,677 DEBUG com.aga.logging.LogbackTest [main] Current thread: main - 1
2021-03-11 15:42:44,677 DEBUG com.aga.logging.LogbackTest [main] Current thread: main - 1
2021-03-11 15:42:44,677 DEBUG com.aga.logging.LogbackTest [main] Current thread: main - 1
2021-03-11 15:42:44,677 DEBUG com.aga.logging.LogbackTest [main] Current thread: main - 1
2021-03-11 15:42:44,677 DEBUG com.aga.logging.LogbackTest [main] Current thread: main - 1
2021-03-11 15:42:44,687 DEBUG com.aga.logging.LogbackTest [main] Current thread: main - 1
2021-03-11 15:42:44,687 DEBUG com.aga.logging.LogbackTest [main] Current thread: main - 1
2021-03-11 15:42:44,687 DEBUG com.aga.logging.LogbackTest [main] Current thread: main - 1
2021-03-11 15:42:44,687 DEBUG com.aga.logging.LogbackTest [main] Current thread: main - 1
2021-03-11 15:42:44,687 DEBUG com.aga.logging.LogbackTest [main] Current thread: main - 1
2021-03-11 15:42:44,687 DEBUG com.aga.logging.LogbackTest [main] Current thread: main - 1
2021-03-11 15:42:44,687 DEBUG com.aga.logging.LogbackTest [main] Current thread: main - 1
2021-03-11 15:42:44,687 DEBUG com.aga.logging.LogbackTest [main] Current thread: main - 1
2021-03-11 15:42:44,687 DEBUG com.aga.logging.LogbackTest [main] Current thread: main - 1
2021-03-11 15:42:44,687 DEBUG com.aga.logging.LogbackTest [main] Current thread: main - 1
2021-03-11 15:42:44,687 DEBUG com.aga.logging.LogbackTest [main] Current thread: main - 1
2021-03-11 15:42:44,687 DEBUG com.aga.logging.LogbackTest [main] Current thread: main - 1
2021-03-11 15:42:44,687 DEBUG com.aga.logging.LogbackTest [main] Current thread: main - 1
2021-03-11 15:42:44,687 DEBUG com.aga.logging.LogbackTest [main] Current thread: main - 1
2021-03-11 15:42:44,687 DEBUG com.aga.logging.LogbackTest [main] Current thread: main - 1
2021-03-11 15:42:44,687 DEBUG com.aga.logging.LogbackTest [main] Current thread: main - 1
2021-03-11 15:42:44,687 DEBUG com.aga.logging.LogbackTest [main] Current thread: main - 1
2021-03-11 15:42:44,687 DEBUG com.aga.logging.LogbackTest [main] Current thread: main - 1
2021-03-11 15:42:44,687 DEBUG com.aga.logging.LogbackTest [main] Current thread: main - 1
2021-03-11 15:42:44,687 DEBUG com.aga.logging.LogbackTest [main] Current thread: main - 1
2021-03-11 15:42:44,687 DEBUG com.aga.logging.LogbackTest [main] Current thread: main - 1
2021-03-11 15:42:44,687 DEBUG com.aga.logging.LogbackTest [main] Current thread: main - 1
2021-03-11 15:42:44,687 DEBUG com.aga.logging.LogbackTest [main] Current thread: main - 1
2021-03-11 15:42:44,687 DEBUG com.aga.logging.LogbackTest [main] Current thread: main - 1
2021-03-11 15:42:44,687 DEBUG com.aga.logging.LogbackTest [main] Current thread: main - 1
2021-03-11 15:42:44,687 DEBUG com.aga.logging.LogbackTest [main] Current thread: main - 1
2021-03-11 15:42:44,687 DEBUG com.aga.logging.LogbackTest [main] Current thread: main - 1
2021-03-11 15:42:44,687 DEBUG com.aga.logging.LogbackTest [main] Current thread: main - 1
2021-03-11 15:42:44,687 DEBUG com.aga.logging.LogbackTest [main] Current thread: main - 1
2021-03-11 15:42:44,687 DEBUG com.aga.logging.LogbackTest [main] Current thread: main - 1
2021-03-11 15:42:44,687 DEBUG com.aga.logging.LogbackTest [main] Current thread: main - 1
2021-03-11 15:42:44,687 DEBUG com.aga.logging.LogbackTest [main] Current thread: main - 1
2021-03-11 15:42:44,687 DEBUG com.aga.logging.LogbackTest [main] Current thread: main - 1
2021-03-11 15:42:44,687 DEBUG com.aga.logging.LogbackTest [main] Current thread: main - 1
2021-03-11 15:42:44,687 DEBUG com.aga.logging.LogbackTest [main] Current thread: main - 1
2021-03-11 15:42:44,687 DEBUG com.aga.logging.LogbackTest [main] Current thread: main - 1
2021-03-11 15:42:44,687 DEBUG com.aga.logging.LogbackTest [main] Current thread: main - 1
2021-03-11 15:42:44,687 DEBUG com.aga.logging.LogbackTest [main] Current thread: main - 1
2021-03-11 15:42:44,687 DEBUG com.aga.logging.LogbackTest [main] Current thread: main - 1
2021-03-11 15:42:44,687 DEBUG com.aga.logging.LogbackTest [main] Current thread: main - 1
2021-03-11 15:42:44,687 DEBUG com.aga.logging.LogbackTest [main] Current thread: main - 1
2021-03-11 15:42:44,687 DEBUG com.aga.logging.LogbackTest [main] Current thread: main - 1
2021-03-11 15:42:44,687 DEBUG com.aga.logging.LogbackTest [main] Current thread: main - 1
2021-03-11 15:42:44,687 DEBUG com.aga.logging.LogbackTest [main] Current thread: main - 1
2021-03-11 15:42:44,687 DEBUG com.aga.logging.LogbackTest [main] Current thread: main - 1
2021-03-11 15:42:44,687 DEBUG com.aga.logging.LogbackTest [main] Current thread: main - 1
2021-03-11 15:42:44,687 DEBUG com.aga.logging.LogbackTest [main] Current thread: main - 1
2021-03-11 15:42:44,687 DEBUG com.aga.logging.LogbackTest [main] Current thread: main - 1
2021-03-11 15:42:44,687 DEBUG com.aga.logging.LogbackTest [main] Current thread: main - 1
2021-03-11 15:42:44,687 DEBUG com.aga.logging.LogbackTest [main] Current thread: main - 1
2021-03-11 15:42:44,687 DEBUG com.aga.logging.LogbackTest [main] Current thread: main - 1
2021-03-11 15:42:44,687 DEBUG com.aga.logging.LogbackTest [main] Current thread: main - 1
2021-03-11 15:42:44,687 DEBUG com.aga.logging.LogbackTest [main] Current thread: main - 1
2021-03-11 15:42:44,687 DEBUG com.aga.logging.LogbackTest [main] Current thread: main - 1
2021-03-11 15:42:44,687 DEBUG com.aga.logging.LogbackTest [main] Current thread: main - 1
2021-03-11 15:42:44,687 DEBUG com.aga.logging.LogbackTest [main] Current thread: main - 1
2021-03-11 15:42:44,687 DEBUG com.aga.logging.LogbackTest [main] Current thread: main - 1
2021-03-11 15:42:44,687 DEBUG com.aga.logging.LogbackTest [main] Current thread: main - 1
2021-03-11 15:42:44,687 DEBUG com.aga.logging.LogbackTest [main] Current thread: main - 1
2021-03-11 15:42:44,687 DEBUG com.aga.logging.LogbackTest [main] Current thread: main - 1
2021-03-11 15:42:44,687 DEBUG com.aga.logging.LogbackTest [main] Current thread: main - 1
2021-03-11 15:42:44,687 DEBUG com.aga.logging.LogbackTest [main] Current thread: main - 1
2021-03-11 15:42:44,687 DEBUG com.aga.logging.LogbackTest [main] Current thread: main - 1
2021-03-11 15:42:44,687 DEBUG com.aga.logging.LogbackTest [main] Current thread: main - 1
2021-03-11 15:42:44,687 DEBUG com.aga.logging.LogbackTest [main] Current thread: main - 1
2021-03-11 15:42:44,687 DEBUG com.aga.logging.LogbackTest [main] Current thread: main - 1
2021-03-11 15:42:44,687 DEBUG com.aga.logging.LogbackTest [main] Current thread: main - 1
2021-03-11 15:42:44,687 DEBUG com.aga.logging.LogbackTest [main] Current thread: main - 1
2021-03-11 15:42:44,687 DEBUG com.aga.logging.LogbackTest [main] Current thread: main - 1
2021-03-11 15:42:44,687 DEBUG com.aga.logging.LogbackTest [main] Current thread: main - 1
2021-03-11 15:42:44,687 DEBUG com.aga.logging.LogbackTest [main] Current thread: main - 1
2021-03-11 15:42:44,687 DEBUG com.aga.logging.LogbackTest [main] Current thread: main - 1
2021-03-11 15:42:44,687 DEBUG com.aga.logging.LogbackTest [main] Current thread: main - 1
2021-03-11 15:42:44,687 DEBUG com.aga.logging.LogbackTest [main] Current thread: main - 1
2021-03-11 15:42:44,687 DEBUG com.aga.logging.LogbackTest [main] Current thread: main - 1
2021-03-11 15:42:44,687 DEBUG com.aga.logging.LogbackTest [main] Current thread: main - 1
2021-03-11 15:42:44,687 DEBUG com.aga.logging.LogbackTest [main] Current thread: main - 1
2021-03-11 15:42:44,687 DEBUG com.aga.logging.LogbackTest [main] Current thread: main - 1
2021-03-11 15:42:44,687 DEBUG com.aga.logging.LogbackTest [main] Current thread: main - 1
2021-03-11 15:42:44,687 DEBUG com.aga.logging.LogbackTest [main] Current thread: main - 1
2021-03-11 15:42:44,687 DEBUG com.aga.logging.LogbackTest [main] Current thread: main - 1
2021-03-11 15:42:44,687 DEBUG com.aga.logging.LogbackTest [main] Current thread: main - 1
2021-03-11 15:42:44,687 DEBUG com.aga.logging.LogbackTest [main] Current thread: main - 1
2021-03-11 15:42:44,687 DEBUG com.aga.logging.LogbackTest [main] Current thread: main - 1
2021-03-11 15:42:44,687 DEBUG com.aga.logging.LogbackTest [main] Message logged DEBUG = DEBUG
2021-03-11 15:42:44,687 DEBUG com.aga.logging.LogbackTest [main] Message logged DEBUG == DEBUG
2021-03-11 15:42:44,687 WARN com.aga.logging.LogbackTest [main] Message logged WARN == WARN
2021-03-11 15:42:44,687 WARN com.aga.logging.LogbackTest [main] Message logged WARN == WARN
2021-03-11 15:42:44,687 ERROR com.aga.logging.LogbackTest [main] Message logged ERROR = ERROR
2021-03-11 15:42:44,687 ERROR com.aga.logging.LogbackTest [main] Message logged ERROR = ERROR
2021-03-11 15:46:55,829 DEBUG com.aga.logging.LogbackTest [main] Logging Logback - DEBUG - lev.2
2021-03-11 15:46:55,829 INFO com.aga.logging.LogbackTest [main] Logging Logback - INFO - lev.3
2021-03-11 15:46:55,829 WARN com.aga.logging.LogbackTest [main] Logging Logback - WARN - lev.4
2021-03-11 15:46:55,829 ERROR com.aga.logging.LogbackTest [main] Logging Logback - ERROR - lev.5
2021-03-11 15:46:55,829 DEBUG com.aga.logging.LogbackTest [main] Is trace enabled: false
2021-03-11 15:46:55,829 DEBUG com.aga.logging.LogbackTest [main] Current thread: main - 1
2021-03-11 15:46:55,829 DEBUG com.aga.logging.LogbackTest [main] Current thread: main - 1
2021-03-11 15:46:55,829 DEBUG com.aga.logging.LogbackTest [main] Current thread: main - 1
2021-03-11 15:46:55,829 DEBUG com.aga.logging.LogbackTest [main] Current thread: main - 1
2021-03-11 15:46:55,829 DEBUG com.aga.logging.LogbackTest [main] Current thread: main - 1
2021-03-11 15:46:55,829 DEBUG com.aga.logging.LogbackTest [main] Current thread: main - 1
2021-03-11 15:46:55,829 DEBUG com.aga.logging.LogbackTest [main] Current thread: main - 1
2021-03-11 15:46:55,829 DEBUG com.aga.logging.LogbackTest [main] Current thread: main - 1
2021-03-11 15:46:55,829 DEBUG com.aga.logging.LogbackTest [main] Current thread: main - 1
2021-03-11 15:46:55,829 DEBUG com.aga.logging.LogbackTest [main] Current thread: main - 1
