2021-02-18 17:31:45,812 DEBUG LogbackTest [main] Current thread: main 1
2021-02-18 17:31:45,812 DEBUG LogbackTest [main] Current thread: main 1
2021-02-18 17:31:45,812 DEBUG LogbackTest [main] Current thread: main 1
2021-02-18 17:31:45,812 DEBUG LogbackTest [main] Current thread: main 1
2021-02-18 17:31:45,812 DEBUG LogbackTest [main] Current thread: main 1
2021-02-18 17:31:45,812 DEBUG LogbackTest [main] Current thread: main 1
2021-02-18 17:31:45,812 DEBUG LogbackTest [main] Current thread: main 1
2021-02-18 17:31:45,812 DEBUG LogbackTest [main] Current thread: main 1
2021-02-18 17:31:45,827 DEBUG LogbackTest [main] Current thread: main 1
2021-02-18 17:31:45,827 DEBUG LogbackTest [main] Current thread: main 1
2021-02-18 17:31:45,827 DEBUG LogbackTest [main] Current thread: main 1
2021-02-18 17:31:45,827 DEBUG LogbackTest [main] Current thread: main 1
2021-02-18 17:31:45,827 DEBUG LogbackTest [main] Current thread: main 1
2021-02-18 17:31:45,827 DEBUG LogbackTest [main] Current thread: main 1
2021-02-18 17:31:45,827 DEBUG LogbackTest [main] Current thread: main 1
2021-02-18 17:31:45,827 DEBUG LogbackTest [main] Current thread: main 1
2021-02-18 17:31:45,827 DEBUG LogbackTest [main] Current thread: main 1
2021-02-18 17:31:45,827 DEBUG LogbackTest [main] Current thread: main 1
2021-02-18 17:31:45,827 DEBUG LogbackTest [main] Current thread: main 1
2021-02-18 17:31:45,827 DEBUG LogbackTest [main] Current thread: main 1
2021-02-18 17:31:45,827 DEBUG LogbackTest [main] Current thread: main 1
2021-02-18 17:31:45,827 DEBUG LogbackTest [main] Current thread: main 1
2021-02-18 17:31:45,827 DEBUG LogbackTest [main] Current thread: main 1
2021-02-18 17:31:45,827 DEBUG LogbackTest [main] Current thread: main 1
2021-02-18 17:31:45,827 DEBUG LogbackTest [main] Current thread: main 1
2021-02-18 17:31:45,827 DEBUG LogbackTest [main] Current thread: main 1
2021-02-18 17:31:45,827 DEBUG LogbackTest [main] Current thread: main 1
2021-02-18 17:31:45,827 DEBUG LogbackTest [main] Current thread: main 1
2021-02-18 17:31:45,827 DEBUG LogbackTest [main] Current thread: main 1
2021-02-18 17:31:45,827 DEBUG LogbackTest [main] Current thread: main 1
2021-02-18 17:31:45,827 DEBUG LogbackTest [main] Current thread: main 1
2021-02-18 17:31:45,827 DEBUG LogbackTest [main] Current thread: main 1
2021-02-18 17:31:45,827 DEBUG LogbackTest [main] Current thread: main 1
2021-02-18 17:31:45,827 DEBUG LogbackTest [main] Current thread: main 1
2021-02-18 17:31:45,827 DEBUG LogbackTest [main] Current thread: main 1
2021-02-18 17:31:45,827 DEBUG LogbackTest [main] Current thread: main 1
2021-02-18 17:31:45,827 DEBUG LogbackTest [main] Current thread: main 1
2021-02-18 17:31:45,827 DEBUG LogbackTest [main] Current thread: main 1
2021-02-18 17:31:45,827 DEBUG LogbackTest [main] Current thread: main 1
2021-02-18 17:31:45,827 DEBUG LogbackTest [main] Current thread: main 1
2021-02-18 17:31:45,827 DEBUG LogbackTest [main] Current thread: main 1
2021-02-18 17:31:45,827 DEBUG LogbackTest [main] Current thread: main 1
2021-02-18 17:31:45,827 DEBUG LogbackTest [main] Current thread: main 1
2021-02-18 17:31:45,827 DEBUG LogbackTest [main] Current thread: main 1
2021-02-18 17:31:45,827 DEBUG LogbackTest [main] Current thread: main 1
2021-02-18 17:31:45,827 DEBUG LogbackTest [main] Current thread: main 1
2021-02-18 17:31:45,827 DEBUG LogbackTest [main] Current thread: main 1
2021-02-18 17:31:45,827 DEBUG LogbackTest [main] Current thread: main 1
2021-02-18 17:31:45,827 DEBUG LogbackTest [main] Current thread: main 1
2021-02-18 17:31:45,827 DEBUG LogbackTest [main] Current thread: main 1
2021-02-18 17:31:45,827 DEBUG LogbackTest [main] Current thread: main 1
2021-02-18 17:31:45,827 DEBUG LogbackTest [main] Current thread: main 1
2021-02-18 17:31:45,827 DEBUG LogbackTest [main] Current thread: main 1
2021-02-18 17:31:45,827 DEBUG LogbackTest [main] Current thread: main 1
2021-02-18 17:31:45,827 DEBUG LogbackTest [main] Current thread: main 1
2021-02-18 17:31:45,827 DEBUG LogbackTest [main] Current thread: main 1
2021-02-18 17:31:45,827 DEBUG LogbackTest [main] Current thread: main 1
2021-02-18 17:31:45,827 DEBUG LogbackTest [main] Current thread: main 1
2021-02-18 17:31:45,827 DEBUG LogbackTest [main] Current thread: main 1
2021-02-18 17:31:45,827 DEBUG LogbackTest [main] Current thread: main 1
2021-02-18 17:31:45,827 DEBUG LogbackTest [main] Current thread: main 1
2021-02-18 17:31:45,827 DEBUG LogbackTest [main] Current thread: main 1
2021-02-18 17:31:45,827 DEBUG LogbackTest [main] Current thread: main 1
2021-02-18 17:31:45,827 DEBUG LogbackTest [main] Current thread: main 1
2021-02-18 17:31:45,827 DEBUG LogbackTest [main] Current thread: main 1
2021-02-18 17:31:45,827 DEBUG LogbackTest [main] Current thread: main 1
2021-02-18 17:31:45,827 DEBUG LogbackTest [main] Current thread: main 1
2021-02-18 17:31:45,827 DEBUG LogbackTest [main] Current thread: main 1
2021-02-18 17:31:45,827 DEBUG LogbackTest [main] Current thread: main 1
2021-02-18 17:31:45,827 DEBUG LogbackTest [main] Current thread: main 1
2021-02-18 17:31:45,827 DEBUG LogbackTest [main] Current thread: main 1
2021-02-18 17:31:45,827 DEBUG LogbackTest [main] Current thread: main 1
2021-02-18 17:31:45,827 DEBUG LogbackTest [main] Current thread: main 1
2021-02-18 17:31:45,827 DEBUG LogbackTest [main] Current thread: main 1
2021-02-18 17:31:45,827 DEBUG LogbackTest [main] Current thread: main 1
2021-02-18 17:31:45,827 DEBUG LogbackTest [main] Current thread: main 1
2021-02-18 17:31:45,827 DEBUG LogbackTest [main] Current thread: main 1
2021-02-18 17:31:45,827 DEBUG LogbackTest [main] Current thread: main 1
2021-02-18 17:31:45,827 DEBUG LogbackTest [main] Current thread: main 1
2021-02-18 17:31:45,827 DEBUG LogbackTest [main] Current thread: main 1
2021-02-18 17:31:45,827 DEBUG LogbackTest [main] Current thread: main 1
2021-02-18 17:31:45,827 DEBUG LogbackTest [main] Current thread: main 1
2021-02-18 17:31:45,827 DEBUG LogbackTest [main] Current thread: main 1
2021-02-18 17:31:45,827 DEBUG LogbackTest [main] Current thread: main 1
2021-02-18 17:31:45,827 DEBUG LogbackTest [main] Current thread: main 1
2021-02-18 17:31:45,827 DEBUG LogbackTest [main] Current thread: main 1
2021-02-18 17:31:45,827 DEBUG LogbackTest [main] Current thread: main 1
2021-02-18 17:31:45,827 DEBUG LogbackTest [main] Current thread: main 1
2021-02-18 17:31:45,827 DEBUG LogbackTest [main] Current thread: main 1
2021-02-18 17:31:45,827 DEBUG LogbackTest [main] Current thread: main 1
2021-02-18 17:31:45,827 DEBUG LogbackTest [main] Current thread: main 1
2021-02-18 17:31:53,935 DEBUG LogbackTest [main] Logging Logback - DEBUG - lev.2
2021-02-18 17:31:53,935 INFO LogbackTest [main] Logging Logback - INFO - lev.3
2021-02-18 17:31:53,935 WARN LogbackTest [main] Logging Logback - WARN - lev.4
2021-02-18 17:31:53,935 ERROR LogbackTest [main] Logging Logback - ERROR - lev.5
2021-02-18 17:31:53,935 DEBUG LogbackTest [main] Is trace enabled: false
2021-02-18 17:31:53,935 DEBUG LogbackTest [main] Current thread: main 1
2021-02-18 17:31:53,935 DEBUG LogbackTest [main] Current thread: main 1
2021-02-18 17:31:53,935 DEBUG LogbackTest [main] Current thread: main 1
2021-02-18 17:31:53,935 DEBUG LogbackTest [main] Current thread: main 1
2021-02-18 17:31:53,935 DEBUG LogbackTest [main] Current thread: main 1
2021-02-18 17:31:53,935 DEBUG LogbackTest [main] Current thread: main 1
2021-02-18 17:31:53,935 DEBUG LogbackTest [main] Current thread: main 1
2021-02-18 17:31:53,935 DEBUG LogbackTest [main] Current thread: main 1
2021-02-18 17:31:53,935 DEBUG LogbackTest [main] Current thread: main 1
2021-02-18 17:31:53,935 DEBUG LogbackTest [main] Current thread: main 1
