2021-02-18 13:55:33,249 DEBUG LogbackTest [main] Current thread: main 1
2021-02-18 13:55:33,262 DEBUG LogbackTest [main] Current thread: main 1
2021-02-18 13:55:33,262 DEBUG LogbackTest [main] Current thread: main 1
2021-02-18 13:55:33,263 DEBUG LogbackTest [main] Current thread: main 1
2021-02-18 13:55:33,263 DEBUG LogbackTest [main] Current thread: main 1
2021-02-18 13:55:33,263 DEBUG LogbackTest [main] Current thread: main 1
2021-02-18 13:55:33,263 DEBUG LogbackTest [main] Current thread: main 1
2021-02-18 13:55:33,263 DEBUG LogbackTest [main] Current thread: main 1
2021-02-18 13:55:33,263 DEBUG LogbackTest [main] Current thread: main 1
2021-02-18 13:55:33,263 DEBUG LogbackTest [main] Current thread: main 1
2021-02-18 13:55:33,264 DEBUG LogbackTest [main] Current thread: main 1
2021-02-18 13:55:33,264 DEBUG LogbackTest [main] Current thread: main 1
2021-02-18 13:55:33,264 DEBUG LogbackTest [main] Current thread: main 1
2021-02-18 13:55:33,264 DEBUG LogbackTest [main] Current thread: main 1
2021-02-18 13:55:33,264 DEBUG LogbackTest [main] Current thread: main 1
2021-02-18 13:55:33,264 DEBUG LogbackTest [main] Current thread: main 1
2021-02-18 13:55:33,264 DEBUG LogbackTest [main] Current thread: main 1
2021-02-18 13:55:33,264 DEBUG LogbackTest [main] Current thread: main 1
2021-02-18 13:55:33,264 DEBUG LogbackTest [main] Current thread: main 1
2021-02-18 13:55:33,265 DEBUG LogbackTest [main] Current thread: main 1
2021-02-18 13:55:33,265 DEBUG LogbackTest [main] Current thread: main 1
2021-02-18 13:55:33,265 DEBUG LogbackTest [main] Current thread: main 1
2021-02-18 13:55:33,265 DEBUG LogbackTest [main] Current thread: main 1
2021-02-18 13:55:33,265 DEBUG LogbackTest [main] Current thread: main 1
2021-02-18 13:55:33,265 DEBUG LogbackTest [main] Current thread: main 1
2021-02-18 13:55:33,265 DEBUG LogbackTest [main] Current thread: main 1
2021-02-18 13:55:33,265 DEBUG LogbackTest [main] Current thread: main 1
2021-02-18 13:55:33,265 DEBUG LogbackTest [main] Current thread: main 1
2021-02-18 13:55:33,265 DEBUG LogbackTest [main] Current thread: main 1
2021-02-18 13:55:33,265 DEBUG LogbackTest [main] Current thread: main 1
2021-02-18 13:55:33,265 DEBUG LogbackTest [main] Current thread: main 1
2021-02-18 13:55:33,265 DEBUG LogbackTest [main] Current thread: main 1
2021-02-18 13:55:33,266 DEBUG LogbackTest [main] Current thread: main 1
2021-02-18 13:55:33,266 DEBUG LogbackTest [main] Current thread: main 1
2021-02-18 13:55:33,266 DEBUG LogbackTest [main] Current thread: main 1
2021-02-18 13:55:33,266 DEBUG LogbackTest [main] Current thread: main 1
2021-02-18 13:55:33,266 DEBUG LogbackTest [main] Current thread: main 1
2021-02-18 13:55:33,266 DEBUG LogbackTest [main] Current thread: main 1
2021-02-18 13:55:33,266 DEBUG LogbackTest [main] Current thread: main 1
2021-02-18 13:55:33,266 DEBUG LogbackTest [main] Current thread: main 1
2021-02-18 13:55:33,266 DEBUG LogbackTest [main] Current thread: main 1
2021-02-18 13:55:33,266 DEBUG LogbackTest [main] Current thread: main 1
2021-02-18 13:55:33,266 DEBUG LogbackTest [main] Current thread: main 1
2021-02-18 13:55:33,266 DEBUG LogbackTest [main] Current thread: main 1
2021-02-18 13:55:33,266 DEBUG LogbackTest [main] Current thread: main 1
2021-02-18 13:55:33,266 DEBUG LogbackTest [main] Current thread: main 1
2021-02-18 13:55:33,266 DEBUG LogbackTest [main] Current thread: main 1
2021-02-18 13:55:33,267 DEBUG LogbackTest [main] Current thread: main 1
2021-02-18 13:55:33,267 DEBUG LogbackTest [main] Current thread: main 1
2021-02-18 13:55:33,267 DEBUG LogbackTest [main] Current thread: main 1
2021-02-18 13:55:33,267 DEBUG LogbackTest [main] Current thread: main 1
2021-02-18 13:55:33,267 DEBUG LogbackTest [main] Current thread: main 1
2021-02-18 13:55:33,267 DEBUG LogbackTest [main] Current thread: main 1
2021-02-18 13:55:33,267 DEBUG LogbackTest [main] Current thread: main 1
2021-02-18 13:55:33,267 DEBUG LogbackTest [main] Current thread: main 1
2021-02-18 13:55:33,268 DEBUG LogbackTest [main] Current thread: main 1
2021-02-18 13:55:33,268 DEBUG LogbackTest [main] Current thread: main 1
2021-02-18 13:55:33,268 DEBUG LogbackTest [main] Current thread: main 1
2021-02-18 13:55:33,268 DEBUG LogbackTest [main] Current thread: main 1
2021-02-18 13:55:33,268 DEBUG LogbackTest [main] Current thread: main 1
2021-02-18 13:55:33,268 DEBUG LogbackTest [main] Current thread: main 1
2021-02-18 13:55:33,268 DEBUG LogbackTest [main] Current thread: main 1
2021-02-18 13:55:33,268 DEBUG LogbackTest [main] Current thread: main 1
2021-02-18 13:55:33,268 DEBUG LogbackTest [main] Current thread: main 1
2021-02-18 13:55:33,268 DEBUG LogbackTest [main] Current thread: main 1
2021-02-18 13:55:33,268 DEBUG LogbackTest [main] Current thread: main 1
2021-02-18 13:55:33,269 DEBUG LogbackTest [main] Current thread: main 1
2021-02-18 13:55:33,269 DEBUG LogbackTest [main] Current thread: main 1
2021-02-18 13:55:33,269 DEBUG LogbackTest [main] Current thread: main 1
2021-02-18 13:55:33,269 DEBUG LogbackTest [main] Current thread: main 1
2021-02-18 13:55:33,269 DEBUG LogbackTest [main] Current thread: main 1
2021-02-18 13:55:33,269 DEBUG LogbackTest [main] Current thread: main 1
2021-02-18 13:55:33,269 DEBUG LogbackTest [main] Current thread: main 1
2021-02-18 13:55:33,269 DEBUG LogbackTest [main] Current thread: main 1
2021-02-18 13:55:33,269 DEBUG LogbackTest [main] Current thread: main 1
2021-02-18 13:55:33,269 DEBUG LogbackTest [main] Current thread: main 1
2021-02-18 13:55:33,269 DEBUG LogbackTest [main] Current thread: main 1
2021-02-18 13:55:33,269 DEBUG LogbackTest [main] Current thread: main 1
2021-02-18 13:55:33,269 DEBUG LogbackTest [main] Current thread: main 1
2021-02-18 13:55:33,269 DEBUG LogbackTest [main] Current thread: main 1
2021-02-18 13:55:33,269 DEBUG LogbackTest [main] Current thread: main 1
2021-02-18 13:55:33,269 DEBUG LogbackTest [main] Current thread: main 1
2021-02-18 13:55:33,269 DEBUG LogbackTest [main] Current thread: main 1
2021-02-18 13:55:33,270 DEBUG LogbackTest [main] Current thread: main 1
2021-02-18 13:55:33,270 DEBUG LogbackTest [main] Current thread: main 1
2021-02-18 13:55:33,270 DEBUG LogbackTest [main] Current thread: main 1
2021-02-18 13:55:33,270 DEBUG LogbackTest [main] Current thread: main 1
2021-02-18 13:55:33,270 DEBUG LogbackTest [main] Current thread: main 1
2021-02-18 13:55:33,270 DEBUG LogbackTest [main] Current thread: main 1
2021-02-18 13:55:33,270 DEBUG LogbackTest [main] Current thread: main 1
2021-02-18 13:55:33,270 DEBUG LogbackTest [main] Current thread: main 1
2021-02-18 17:05:57,305 DEBUG LogbackTest [main] Logging Logback - DEBUG - lev.2
2021-02-18 17:05:57,305 INFO LogbackTest [main] Logging Logback - INFO - lev.3
2021-02-18 17:05:57,305 WARN LogbackTest [main] Logging Logback - WARN - lev.4
2021-02-18 17:05:57,305 ERROR LogbackTest [main] Logging Logback - ERROR - lev.5
2021-02-18 17:05:57,305 DEBUG LogbackTest [main] Is trace enabled: false
2021-02-18 17:05:57,305 DEBUG LogbackTest [main] Current thread: main 1
2021-02-18 17:05:57,305 DEBUG LogbackTest [main] Current thread: main 1
2021-02-18 17:05:57,305 DEBUG LogbackTest [main] Current thread: main 1
2021-02-18 17:05:57,305 DEBUG LogbackTest [main] Current thread: main 1
2021-02-18 17:05:57,305 DEBUG LogbackTest [main] Current thread: main 1
2021-02-18 17:05:57,305 DEBUG LogbackTest [main] Current thread: main 1
2021-02-18 17:05:57,305 DEBUG LogbackTest [main] Current thread: main 1
2021-02-18 17:05:57,305 DEBUG LogbackTest [main] Current thread: main 1
2021-02-18 17:05:57,305 DEBUG LogbackTest [main] Current thread: main 1
2021-02-18 17:05:57,305 DEBUG LogbackTest [main] Current thread: main 1
