2021-02-19 11:46:17,312 DEBUG LogbackTest [main] Current thread: main 1
2021-02-19 11:46:17,328 DEBUG LogbackTest [main] Current thread: main 1
2021-02-19 11:46:17,328 DEBUG LogbackTest [main] Current thread: main 1
2021-02-19 11:46:17,328 DEBUG LogbackTest [main] Current thread: main 1
2021-02-19 11:46:17,328 DEBUG LogbackTest [main] Current thread: main 1
2021-02-19 11:46:17,328 DEBUG LogbackTest [main] Current thread: main 1
2021-02-19 11:46:17,328 DEBUG LogbackTest [main] Current thread: main 1
2021-02-19 11:46:17,328 DEBUG LogbackTest [main] Current thread: main 1
2021-02-19 11:46:17,334 DEBUG LogbackTest [main] Current thread: main 1
2021-02-19 11:46:17,334 DEBUG LogbackTest [main] Current thread: main 1
2021-02-19 11:46:17,334 DEBUG LogbackTest [main] Current thread: main 1
2021-02-19 11:46:17,334 DEBUG LogbackTest [main] Current thread: main 1
2021-02-19 11:46:17,334 DEBUG LogbackTest [main] Current thread: main 1
2021-02-19 11:46:17,334 DEBUG LogbackTest [main] Current thread: main 1
2021-02-19 11:46:17,334 DEBUG LogbackTest [main] Current thread: main 1
2021-02-19 11:46:17,334 DEBUG LogbackTest [main] Current thread: main 1
2021-02-19 11:46:17,334 DEBUG LogbackTest [main] Current thread: main 1
2021-02-19 11:46:17,334 DEBUG LogbackTest [main] Current thread: main 1
2021-02-19 11:46:17,334 DEBUG LogbackTest [main] Current thread: main 1
2021-02-19 11:46:17,334 DEBUG LogbackTest [main] Current thread: main 1
2021-02-19 11:46:17,334 DEBUG LogbackTest [main] Current thread: main 1
2021-02-19 11:46:17,334 DEBUG LogbackTest [main] Current thread: main 1
2021-02-19 11:46:17,334 DEBUG LogbackTest [main] Current thread: main 1
2021-02-19 11:46:17,334 DEBUG LogbackTest [main] Current thread: main 1
2021-02-19 11:46:17,334 DEBUG LogbackTest [main] Current thread: main 1
2021-02-19 11:46:17,334 DEBUG LogbackTest [main] Current thread: main 1
2021-02-19 11:46:17,334 DEBUG LogbackTest [main] Current thread: main 1
2021-02-19 11:46:17,334 DEBUG LogbackTest [main] Current thread: main 1
2021-02-19 11:46:17,334 DEBUG LogbackTest [main] Current thread: main 1
2021-02-19 11:46:17,334 DEBUG LogbackTest [main] Current thread: main 1
2021-02-19 11:46:17,334 DEBUG LogbackTest [main] Current thread: main 1
2021-02-19 11:46:17,334 DEBUG LogbackTest [main] Current thread: main 1
2021-02-19 11:46:17,334 DEBUG LogbackTest [main] Current thread: main 1
2021-02-19 11:46:17,334 DEBUG LogbackTest [main] Current thread: main 1
2021-02-19 11:46:17,334 DEBUG LogbackTest [main] Current thread: main 1
2021-02-19 11:46:17,334 DEBUG LogbackTest [main] Current thread: main 1
2021-02-19 11:46:17,334 DEBUG LogbackTest [main] Current thread: main 1
2021-02-19 11:46:17,334 DEBUG LogbackTest [main] Current thread: main 1
2021-02-19 11:46:17,334 DEBUG LogbackTest [main] Current thread: main 1
2021-02-19 11:46:17,334 DEBUG LogbackTest [main] Current thread: main 1
2021-02-19 11:46:17,334 DEBUG LogbackTest [main] Current thread: main 1
2021-02-19 11:46:17,334 DEBUG LogbackTest [main] Current thread: main 1
2021-02-19 11:46:17,334 DEBUG LogbackTest [main] Current thread: main 1
2021-02-19 11:46:17,334 DEBUG LogbackTest [main] Current thread: main 1
2021-02-19 11:46:17,334 DEBUG LogbackTest [main] Current thread: main 1
2021-02-19 11:46:17,334 DEBUG LogbackTest [main] Current thread: main 1
2021-02-19 11:46:17,334 DEBUG LogbackTest [main] Current thread: main 1
2021-02-19 11:46:17,334 DEBUG LogbackTest [main] Current thread: main 1
2021-02-19 11:46:17,334 DEBUG LogbackTest [main] Current thread: main 1
2021-02-19 11:46:17,334 DEBUG LogbackTest [main] Current thread: main 1
2021-02-19 11:46:17,334 DEBUG LogbackTest [main] Current thread: main 1
2021-02-19 11:46:17,334 DEBUG LogbackTest [main] Current thread: main 1
2021-02-19 11:46:17,334 DEBUG LogbackTest [main] Current thread: main 1
2021-02-19 11:46:17,334 DEBUG LogbackTest [main] Current thread: main 1
2021-02-19 11:46:17,334 DEBUG LogbackTest [main] Current thread: main 1
2021-02-19 11:46:17,334 DEBUG LogbackTest [main] Current thread: main 1
2021-02-19 11:46:17,334 DEBUG LogbackTest [main] Current thread: main 1
2021-02-19 11:46:17,334 DEBUG LogbackTest [main] Current thread: main 1
2021-02-19 11:46:17,334 DEBUG LogbackTest [main] Current thread: main 1
2021-02-19 11:46:17,334 DEBUG LogbackTest [main] Current thread: main 1
2021-02-19 11:46:17,334 DEBUG LogbackTest [main] Current thread: main 1
2021-02-19 11:46:17,334 DEBUG LogbackTest [main] Current thread: main 1
2021-02-19 11:46:17,334 DEBUG LogbackTest [main] Current thread: main 1
2021-02-19 11:46:17,334 DEBUG LogbackTest [main] Current thread: main 1
2021-02-19 11:46:17,334 DEBUG LogbackTest [main] Current thread: main 1
2021-02-19 11:46:17,334 DEBUG LogbackTest [main] Current thread: main 1
2021-02-19 11:46:17,334 DEBUG LogbackTest [main] Current thread: main 1
2021-02-19 11:46:17,334 DEBUG LogbackTest [main] Current thread: main 1
2021-02-19 11:46:17,334 DEBUG LogbackTest [main] Current thread: main 1
2021-02-19 11:46:17,334 DEBUG LogbackTest [main] Current thread: main 1
2021-02-19 11:46:17,334 DEBUG LogbackTest [main] Current thread: main 1
2021-02-19 11:46:17,334 DEBUG LogbackTest [main] Current thread: main 1
2021-02-19 11:46:17,334 DEBUG LogbackTest [main] Current thread: main 1
2021-02-19 11:46:17,334 DEBUG LogbackTest [main] Current thread: main 1
2021-02-19 11:46:17,334 DEBUG LogbackTest [main] Current thread: main 1
2021-02-19 11:46:17,334 DEBUG LogbackTest [main] Current thread: main 1
2021-02-19 11:46:17,334 DEBUG LogbackTest [main] Current thread: main 1
2021-02-19 11:46:17,334 DEBUG LogbackTest [main] Current thread: main 1
2021-02-19 11:46:17,334 DEBUG LogbackTest [main] Current thread: main 1
2021-02-19 11:46:17,334 DEBUG LogbackTest [main] Current thread: main 1
2021-02-19 11:46:17,334 DEBUG LogbackTest [main] Current thread: main 1
2021-02-19 11:46:17,334 DEBUG LogbackTest [main] Current thread: main 1
2021-02-19 11:46:17,334 DEBUG LogbackTest [main] Current thread: main 1
2021-02-19 11:46:17,334 DEBUG LogbackTest [main] Current thread: main 1
2021-02-19 11:46:17,334 DEBUG LogbackTest [main] Current thread: main 1
2021-02-19 11:46:17,334 DEBUG LogbackTest [main] Current thread: main 1
2021-02-19 11:46:17,334 DEBUG LogbackTest [main] Current thread: main 1
2021-02-19 11:46:17,334 DEBUG LogbackTest [main] Current thread: main 1
2021-02-19 11:46:17,334 DEBUG LogbackTest [main] Current thread: main 1
2021-02-19 11:46:17,334 DEBUG LogbackTest [main] Current thread: main 1
2021-02-19 11:46:17,334 DEBUG LogbackTest [main] Current thread: main 1
2021-02-19 11:46:17,334 DEBUG LogbackTest [main] Current thread - logger2: main 1
2021-02-19 11:46:17,334 DEBUG LogbackTest [main] Message logged DEBUG = DEBUG
2021-02-19 11:46:17,334 DEBUG LogbackTest [main] Message logged DEBUG == DEBUG.
2021-02-19 11:46:17,334 WARN LogbackTest [main] Message logged WARN == WARN.
2021-02-19 11:50:06,204 DEBUG LogbackTest [main] Logging Logback - DEBUG - lev.2
2021-02-19 11:50:06,204 INFO LogbackTest [main] Logging Logback - INFO - lev.3
2021-02-19 11:50:06,204 WARN LogbackTest [main] Logging Logback - WARN - lev.4
2021-02-19 11:50:06,204 ERROR LogbackTest [main] Logging Logback - ERROR - lev.5
2021-02-19 11:50:06,204 DEBUG LogbackTest [main] Is trace enabled: false
2021-02-19 11:50:06,204 DEBUG LogbackTest [main] Current thread: main 1
2021-02-19 11:50:06,204 DEBUG LogbackTest [main] Current thread: main 1
2021-02-19 11:50:06,204 DEBUG LogbackTest [main] Current thread: main 1
2021-02-19 11:50:06,204 DEBUG LogbackTest [main] Current thread: main 1
2021-02-19 11:50:06,204 DEBUG LogbackTest [main] Current thread: main 1
2021-02-19 11:50:06,204 DEBUG LogbackTest [main] Current thread: main 1
2021-02-19 11:50:06,204 DEBUG LogbackTest [main] Current thread: main 1
2021-02-19 11:50:06,204 DEBUG LogbackTest [main] Current thread: main 1
2021-02-19 11:50:06,204 DEBUG LogbackTest [main] Current thread: main 1
2021-02-19 11:50:06,204 DEBUG LogbackTest [main] Current thread: main 1
