2021-02-19 11:50:06,204 DEBUG LogbackTest [main] Current thread: main 1
2021-02-19 11:50:06,219 DEBUG LogbackTest [main] Current thread: main 1
2021-02-19 11:50:06,219 DEBUG LogbackTest [main] Current thread: main 1
2021-02-19 11:50:06,219 DEBUG LogbackTest [main] Current thread: main 1
2021-02-19 11:50:06,219 DEBUG LogbackTest [main] Current thread: main 1
2021-02-19 11:50:06,219 DEBUG LogbackTest [main] Current thread: main 1
2021-02-19 11:50:06,219 DEBUG LogbackTest [main] Current thread: main 1
2021-02-19 11:50:06,219 DEBUG LogbackTest [main] Current thread: main 1
2021-02-19 11:50:06,219 DEBUG LogbackTest [main] Current thread: main 1
2021-02-19 11:50:06,219 DEBUG LogbackTest [main] Current thread: main 1
2021-02-19 11:50:06,219 DEBUG LogbackTest [main] Current thread: main 1
2021-02-19 11:50:06,219 DEBUG LogbackTest [main] Current thread: main 1
2021-02-19 11:50:06,219 DEBUG LogbackTest [main] Current thread: main 1
2021-02-19 11:50:06,219 DEBUG LogbackTest [main] Current thread: main 1
2021-02-19 11:50:06,219 DEBUG LogbackTest [main] Current thread: main 1
2021-02-19 11:50:06,219 DEBUG LogbackTest [main] Current thread: main 1
2021-02-19 11:50:06,219 DEBUG LogbackTest [main] Current thread: main 1
2021-02-19 11:50:06,219 DEBUG LogbackTest [main] Current thread: main 1
2021-02-19 11:50:06,219 DEBUG LogbackTest [main] Current thread: main 1
2021-02-19 11:50:06,219 DEBUG LogbackTest [main] Current thread: main 1
2021-02-19 11:50:06,219 DEBUG LogbackTest [main] Current thread: main 1
2021-02-19 11:50:06,219 DEBUG LogbackTest [main] Current thread: main 1
2021-02-19 11:50:06,219 DEBUG LogbackTest [main] Current thread: main 1
2021-02-19 11:50:06,219 DEBUG LogbackTest [main] Current thread: main 1
2021-02-19 11:50:06,219 DEBUG LogbackTest [main] Current thread: main 1
2021-02-19 11:50:06,219 DEBUG LogbackTest [main] Current thread: main 1
2021-02-19 11:50:06,219 DEBUG LogbackTest [main] Current thread: main 1
2021-02-19 11:50:06,219 DEBUG LogbackTest [main] Current thread: main 1
2021-02-19 11:50:06,219 DEBUG LogbackTest [main] Current thread: main 1
2021-02-19 11:50:06,219 DEBUG LogbackTest [main] Current thread: main 1
2021-02-19 11:50:06,219 DEBUG LogbackTest [main] Current thread: main 1
2021-02-19 11:50:06,219 DEBUG LogbackTest [main] Current thread: main 1
2021-02-19 11:50:06,219 DEBUG LogbackTest [main] Current thread: main 1
2021-02-19 11:50:06,219 DEBUG LogbackTest [main] Current thread: main 1
2021-02-19 11:50:06,219 DEBUG LogbackTest [main] Current thread: main 1
2021-02-19 11:50:06,219 DEBUG LogbackTest [main] Current thread: main 1
2021-02-19 11:50:06,219 DEBUG LogbackTest [main] Current thread: main 1
2021-02-19 11:50:06,219 DEBUG LogbackTest [main] Current thread: main 1
2021-02-19 11:50:06,219 DEBUG LogbackTest [main] Current thread: main 1
2021-02-19 11:50:06,219 DEBUG LogbackTest [main] Current thread: main 1
2021-02-19 11:50:06,219 DEBUG LogbackTest [main] Current thread: main 1
2021-02-19 11:50:06,219 DEBUG LogbackTest [main] Current thread: main 1
2021-02-19 11:50:06,219 DEBUG LogbackTest [main] Current thread: main 1
2021-02-19 11:50:06,219 DEBUG LogbackTest [main] Current thread: main 1
2021-02-19 11:50:06,219 DEBUG LogbackTest [main] Current thread: main 1
2021-02-19 11:50:06,219 DEBUG LogbackTest [main] Current thread: main 1
2021-02-19 11:50:06,219 DEBUG LogbackTest [main] Current thread: main 1
2021-02-19 11:50:06,219 DEBUG LogbackTest [main] Current thread: main 1
2021-02-19 11:50:06,219 DEBUG LogbackTest [main] Current thread: main 1
2021-02-19 11:50:06,219 DEBUG LogbackTest [main] Current thread: main 1
2021-02-19 11:50:06,219 DEBUG LogbackTest [main] Current thread: main 1
2021-02-19 11:50:06,219 DEBUG LogbackTest [main] Current thread: main 1
2021-02-19 11:50:06,219 DEBUG LogbackTest [main] Current thread: main 1
2021-02-19 11:50:06,219 DEBUG LogbackTest [main] Current thread: main 1
2021-02-19 11:50:06,219 DEBUG LogbackTest [main] Current thread: main 1
2021-02-19 11:50:06,219 DEBUG LogbackTest [main] Current thread: main 1
2021-02-19 11:50:06,219 DEBUG LogbackTest [main] Current thread: main 1
2021-02-19 11:50:06,219 DEBUG LogbackTest [main] Current thread: main 1
2021-02-19 11:50:06,219 DEBUG LogbackTest [main] Current thread: main 1
2021-02-19 11:50:06,219 DEBUG LogbackTest [main] Current thread: main 1
2021-02-19 11:50:06,219 DEBUG LogbackTest [main] Current thread: main 1
2021-02-19 11:50:06,219 DEBUG LogbackTest [main] Current thread: main 1
2021-02-19 11:50:06,219 DEBUG LogbackTest [main] Current thread: main 1
2021-02-19 11:50:06,219 DEBUG LogbackTest [main] Current thread: main 1
2021-02-19 11:50:06,219 DEBUG LogbackTest [main] Current thread: main 1
2021-02-19 11:50:06,219 DEBUG LogbackTest [main] Current thread: main 1
2021-02-19 11:50:06,219 DEBUG LogbackTest [main] Current thread: main 1
2021-02-19 11:50:06,219 DEBUG LogbackTest [main] Current thread: main 1
2021-02-19 11:50:06,219 DEBUG LogbackTest [main] Current thread: main 1
2021-02-19 11:50:06,219 DEBUG LogbackTest [main] Current thread: main 1
2021-02-19 11:50:06,219 DEBUG LogbackTest [main] Current thread: main 1
2021-02-19 11:50:06,219 DEBUG LogbackTest [main] Current thread: main 1
2021-02-19 11:50:06,219 DEBUG LogbackTest [main] Current thread: main 1
2021-02-19 11:50:06,219 DEBUG LogbackTest [main] Current thread: main 1
2021-02-19 11:50:06,219 DEBUG LogbackTest [main] Current thread: main 1
2021-02-19 11:50:06,219 DEBUG LogbackTest [main] Current thread: main 1
2021-02-19 11:50:06,219 DEBUG LogbackTest [main] Current thread: main 1
2021-02-19 11:50:06,219 DEBUG LogbackTest [main] Current thread: main 1
2021-02-19 11:50:06,219 DEBUG LogbackTest [main] Current thread: main 1
2021-02-19 11:50:06,219 DEBUG LogbackTest [main] Current thread: main 1
2021-02-19 11:50:06,219 DEBUG LogbackTest [main] Current thread: main 1
2021-02-19 11:50:06,219 DEBUG LogbackTest [main] Current thread: main 1
2021-02-19 11:50:06,219 DEBUG LogbackTest [main] Current thread: main 1
2021-02-19 11:50:06,219 DEBUG LogbackTest [main] Current thread: main 1
2021-02-19 11:50:06,219 DEBUG LogbackTest [main] Current thread: main 1
2021-02-19 11:50:06,219 DEBUG LogbackTest [main] Current thread: main 1
2021-02-19 11:50:06,219 DEBUG LogbackTest [main] Current thread: main 1
2021-02-19 11:50:06,219 DEBUG LogbackTest [main] Current thread: main 1
2021-02-19 11:50:06,219 DEBUG LogbackTest [main] Current thread: main 1
2021-02-19 11:50:06,219 DEBUG LogbackTest [main] Current thread: main 1
2021-02-19 11:50:06,219 DEBUG LogbackTest [main] Message logged DEBUG = DEBUG
2021-02-19 11:50:06,219 DEBUG LogbackTest [main] Message logged DEBUG == DEBUG.
2021-02-19 11:50:06,219 WARN LogbackTest [main] Message logged WARN == WARN.
2021-02-19 11:50:06,219 WARN LogbackTest [main] Message logged WARN == WARN.
2021-02-19 11:50:06,219 ERROR LogbackTest [main] Message logged ERROR = ERROR
2021-02-19 11:50:06,219 ERROR LogbackTest [main] Message logged ERROR = ERROR
2021-02-19 11:50:44,330 DEBUG LogbackTest [main] Logging Logback - DEBUG - lev.2
2021-02-19 11:50:44,330 INFO LogbackTest [main] Logging Logback - INFO - lev.3
2021-02-19 11:50:44,331 WARN LogbackTest [main] Logging Logback - WARN - lev.4
2021-02-19 11:50:44,331 ERROR LogbackTest [main] Logging Logback - ERROR - lev.5
2021-02-19 11:50:44,333 DEBUG LogbackTest [main] Is trace enabled: false
2021-02-19 11:50:44,333 DEBUG LogbackTest [main] Current thread: main 1
2021-02-19 11:50:44,335 DEBUG LogbackTest [main] Current thread: main 1
2021-02-19 11:50:44,335 DEBUG LogbackTest [main] Current thread: main 1
2021-02-19 11:50:44,335 DEBUG LogbackTest [main] Current thread: main 1
2021-02-19 11:50:44,335 DEBUG LogbackTest [main] Current thread: main 1
2021-02-19 11:50:44,336 DEBUG LogbackTest [main] Current thread: main 1
2021-02-19 11:50:44,336 DEBUG LogbackTest [main] Current thread: main 1
2021-02-19 11:50:44,336 DEBUG LogbackTest [main] Current thread: main 1
2021-02-19 11:50:44,336 DEBUG LogbackTest [main] Current thread: main 1
2021-02-19 11:50:44,336 DEBUG LogbackTest [main] Current thread: main 1
