2021-03-11 15:46:55,829 DEBUG com.aga.logging.LogbackTest [main] Current thread: main - 1
2021-03-11 15:46:55,844 DEBUG com.aga.logging.LogbackTest [main] Current thread: main - 1
2021-03-11 15:46:55,844 DEBUG com.aga.logging.LogbackTest [main] Current thread: main - 1
2021-03-11 15:46:55,844 DEBUG com.aga.logging.LogbackTest [main] Current thread: main - 1
2021-03-11 15:46:55,844 DEBUG com.aga.logging.LogbackTest [main] Current thread: main - 1
2021-03-11 15:46:55,844 DEBUG com.aga.logging.LogbackTest [main] Current thread: main - 1
2021-03-11 15:46:55,849 DEBUG com.aga.logging.LogbackTest [main] Current thread: main - 1
2021-03-11 15:46:55,849 DEBUG com.aga.logging.LogbackTest [main] Current thread: main - 1
2021-03-11 15:46:55,849 DEBUG com.aga.logging.LogbackTest [main] Current thread: main - 1
2021-03-11 15:46:55,849 DEBUG com.aga.logging.LogbackTest [main] Current thread: main - 1
2021-03-11 15:46:55,849 DEBUG com.aga.logging.LogbackTest [main] Current thread: main - 1
2021-03-11 15:46:55,849 DEBUG com.aga.logging.LogbackTest [main] Current thread: main - 1
2021-03-11 15:46:55,849 DEBUG com.aga.logging.LogbackTest [main] Current thread: main - 1
2021-03-11 15:46:55,849 DEBUG com.aga.logging.LogbackTest [main] Current thread: main - 1
2021-03-11 15:46:55,849 DEBUG com.aga.logging.LogbackTest [main] Current thread: main - 1
2021-03-11 15:46:55,849 DEBUG com.aga.logging.LogbackTest [main] Current thread: main - 1
2021-03-11 15:46:55,849 DEBUG com.aga.logging.LogbackTest [main] Current thread: main - 1
2021-03-11 15:46:55,849 DEBUG com.aga.logging.LogbackTest [main] Current thread: main - 1
2021-03-11 15:46:55,849 DEBUG com.aga.logging.LogbackTest [main] Current thread: main - 1
2021-03-11 15:46:55,849 DEBUG com.aga.logging.LogbackTest [main] Current thread: main - 1
2021-03-11 15:46:55,849 DEBUG com.aga.logging.LogbackTest [main] Current thread: main - 1
2021-03-11 15:46:55,849 DEBUG com.aga.logging.LogbackTest [main] Current thread: main - 1
2021-03-11 15:46:55,849 DEBUG com.aga.logging.LogbackTest [main] Current thread: main - 1
2021-03-11 15:46:55,849 DEBUG com.aga.logging.LogbackTest [main] Current thread: main - 1
2021-03-11 15:46:55,849 DEBUG com.aga.logging.LogbackTest [main] Current thread: main - 1
2021-03-11 15:46:55,849 DEBUG com.aga.logging.LogbackTest [main] Current thread: main - 1
2021-03-11 15:46:55,849 DEBUG com.aga.logging.LogbackTest [main] Current thread: main - 1
2021-03-11 15:46:55,849 DEBUG com.aga.logging.LogbackTest [main] Current thread: main - 1
2021-03-11 15:46:55,849 DEBUG com.aga.logging.LogbackTest [main] Current thread: main - 1
2021-03-11 15:46:55,849 DEBUG com.aga.logging.LogbackTest [main] Current thread: main - 1
2021-03-11 15:46:55,849 DEBUG com.aga.logging.LogbackTest [main] Current thread: main - 1
2021-03-11 15:46:55,849 DEBUG com.aga.logging.LogbackTest [main] Current thread: main - 1
2021-03-11 15:46:55,849 DEBUG com.aga.logging.LogbackTest [main] Current thread: main - 1
2021-03-11 15:46:55,849 DEBUG com.aga.logging.LogbackTest [main] Current thread: main - 1
2021-03-11 15:46:55,849 DEBUG com.aga.logging.LogbackTest [main] Current thread: main - 1
2021-03-11 15:46:55,849 DEBUG com.aga.logging.LogbackTest [main] Current thread: main - 1
2021-03-11 15:46:55,849 DEBUG com.aga.logging.LogbackTest [main] Current thread: main - 1
2021-03-11 15:46:55,849 DEBUG com.aga.logging.LogbackTest [main] Current thread: main - 1
2021-03-11 15:46:55,849 DEBUG com.aga.logging.LogbackTest [main] Current thread: main - 1
2021-03-11 15:46:55,849 DEBUG com.aga.logging.LogbackTest [main] Current thread: main - 1
2021-03-11 15:46:55,849 DEBUG com.aga.logging.LogbackTest [main] Current thread: main - 1
2021-03-11 15:46:55,849 DEBUG com.aga.logging.LogbackTest [main] Current thread: main - 1
2021-03-11 15:46:55,849 DEBUG com.aga.logging.LogbackTest [main] Current thread: main - 1
2021-03-11 15:46:55,849 DEBUG com.aga.logging.LogbackTest [main] Current thread: main - 1
2021-03-11 15:46:55,849 DEBUG com.aga.logging.LogbackTest [main] Current thread: main - 1
2021-03-11 15:46:55,849 DEBUG com.aga.logging.LogbackTest [main] Current thread: main - 1
2021-03-11 15:46:55,849 DEBUG com.aga.logging.LogbackTest [main] Current thread: main - 1
2021-03-11 15:46:55,849 DEBUG com.aga.logging.LogbackTest [main] Current thread: main - 1
2021-03-11 15:46:55,849 DEBUG com.aga.logging.LogbackTest [main] Current thread: main - 1
2021-03-11 15:46:55,849 DEBUG com.aga.logging.LogbackTest [main] Current thread: main - 1
2021-03-11 15:46:55,849 DEBUG com.aga.logging.LogbackTest [main] Current thread: main - 1
2021-03-11 15:46:55,849 DEBUG com.aga.logging.LogbackTest [main] Current thread: main - 1
2021-03-11 15:46:55,849 DEBUG com.aga.logging.LogbackTest [main] Current thread: main - 1
2021-03-11 15:46:55,849 DEBUG com.aga.logging.LogbackTest [main] Current thread: main - 1
2021-03-11 15:46:55,849 DEBUG com.aga.logging.LogbackTest [main] Current thread: main - 1
2021-03-11 15:46:55,849 DEBUG com.aga.logging.LogbackTest [main] Current thread: main - 1
2021-03-11 15:46:55,849 DEBUG com.aga.logging.LogbackTest [main] Current thread: main - 1
2021-03-11 15:46:55,849 DEBUG com.aga.logging.LogbackTest [main] Current thread: main - 1
2021-03-11 15:46:55,849 DEBUG com.aga.logging.LogbackTest [main] Current thread: main - 1
2021-03-11 15:46:55,849 DEBUG com.aga.logging.LogbackTest [main] Current thread: main - 1
2021-03-11 15:46:55,849 DEBUG com.aga.logging.LogbackTest [main] Current thread: main - 1
2021-03-11 15:46:55,849 DEBUG com.aga.logging.LogbackTest [main] Current thread: main - 1
2021-03-11 15:46:55,849 DEBUG com.aga.logging.LogbackTest [main] Current thread: main - 1
2021-03-11 15:46:55,849 DEBUG com.aga.logging.LogbackTest [main] Current thread: main - 1
2021-03-11 15:46:55,849 DEBUG com.aga.logging.LogbackTest [main] Current thread: main - 1
2021-03-11 15:46:55,849 DEBUG com.aga.logging.LogbackTest [main] Current thread: main - 1
2021-03-11 15:46:55,849 DEBUG com.aga.logging.LogbackTest [main] Current thread: main - 1
2021-03-11 15:46:55,849 DEBUG com.aga.logging.LogbackTest [main] Current thread: main - 1
2021-03-11 15:46:55,849 DEBUG com.aga.logging.LogbackTest [main] Current thread: main - 1
2021-03-11 15:46:55,849 DEBUG com.aga.logging.LogbackTest [main] Current thread: main - 1
2021-03-11 15:46:55,849 DEBUG com.aga.logging.LogbackTest [main] Current thread: main - 1
2021-03-11 15:46:55,849 DEBUG com.aga.logging.LogbackTest [main] Current thread: main - 1
2021-03-11 15:46:55,849 DEBUG com.aga.logging.LogbackTest [main] Current thread: main - 1
2021-03-11 15:46:55,849 DEBUG com.aga.logging.LogbackTest [main] Current thread: main - 1
2021-03-11 15:46:55,849 DEBUG com.aga.logging.LogbackTest [main] Current thread: main - 1
2021-03-11 15:46:55,849 DEBUG com.aga.logging.LogbackTest [main] Current thread: main - 1
2021-03-11 15:46:55,849 DEBUG com.aga.logging.LogbackTest [main] Current thread: main - 1
2021-03-11 15:46:55,849 DEBUG com.aga.logging.LogbackTest [main] Current thread: main - 1
2021-03-11 15:46:55,849 DEBUG com.aga.logging.LogbackTest [main] Current thread: main - 1
2021-03-11 15:46:55,849 DEBUG com.aga.logging.LogbackTest [main] Current thread: main - 1
2021-03-11 15:46:55,849 DEBUG com.aga.logging.LogbackTest [main] Current thread: main - 1
2021-03-11 15:46:55,849 DEBUG com.aga.logging.LogbackTest [main] Current thread: main - 1
2021-03-11 15:46:55,849 DEBUG com.aga.logging.LogbackTest [main] Current thread: main - 1
2021-03-11 15:46:55,849 DEBUG com.aga.logging.LogbackTest [main] Current thread: main - 1
2021-03-11 15:46:55,849 DEBUG com.aga.logging.LogbackTest [main] Current thread: main - 1
2021-03-11 15:46:55,849 DEBUG com.aga.logging.LogbackTest [main] Current thread: main - 1
2021-03-11 15:46:55,849 DEBUG com.aga.logging.LogbackTest [main] Current thread: main - 1
2021-03-11 15:46:55,849 DEBUG com.aga.logging.LogbackTest [main] Current thread: main - 1
2021-03-11 15:46:55,849 DEBUG com.aga.logging.LogbackTest [main] Current thread: main - 1
2021-03-11 15:46:55,849 DEBUG com.aga.logging.LogbackTest [main] Current thread: main - 1
2021-03-11 15:46:55,859 DEBUG com.aga.logging.LogbackTest [main] Message logged DEBUG = DEBUG
2021-03-11 15:46:55,859 DEBUG com.aga.logging.LogbackTest [main] Message logged DEBUG == DEBUG
2021-03-11 15:46:55,859 WARN com.aga.logging.LogbackTest [main] Message logged WARN == WARN
2021-03-11 15:46:55,859 WARN com.aga.logging.LogbackTest [main] Message logged WARN == WARN
2021-03-11 15:46:55,859 ERROR com.aga.logging.LogbackTest [main] Message logged ERROR = ERROR
2021-03-11 15:46:55,859 ERROR com.aga.logging.LogbackTest [main] Message logged ERROR = ERROR
2021-03-11 15:57:35,570 DEBUG com.aga.logging.LogbackTest [main] Logging Logback - DEBUG - lev.2
2021-03-11 15:57:35,570 INFO com.aga.logging.LogbackTest [main] Logging Logback - INFO - lev.3
2021-03-11 15:57:35,570 WARN com.aga.logging.LogbackTest [main] Logging Logback - WARN - lev.4
2021-03-11 15:57:35,570 ERROR com.aga.logging.LogbackTest [main] Logging Logback - ERROR - lev.5
2021-03-11 15:57:35,570 DEBUG com.aga.logging.LogbackTest [main] Is trace enabled: false
2021-03-11 15:57:35,570 DEBUG com.aga.logging.LogbackTest [main] Current thread: main - 1
2021-03-11 15:57:35,570 DEBUG com.aga.logging.LogbackTest [main] Current thread: main - 1
2021-03-11 15:57:35,570 DEBUG com.aga.logging.LogbackTest [main] Current thread: main - 1
2021-03-11 15:57:35,570 DEBUG com.aga.logging.LogbackTest [main] Current thread: main - 1
2021-03-11 15:57:35,570 DEBUG com.aga.logging.LogbackTest [main] Current thread: main - 1
2021-03-11 15:57:35,570 DEBUG com.aga.logging.LogbackTest [main] Current thread: main - 1
2021-03-11 15:57:35,570 DEBUG com.aga.logging.LogbackTest [main] Current thread: main - 1
2021-03-11 15:57:35,570 DEBUG com.aga.logging.LogbackTest [main] Current thread: main - 1
2021-03-11 15:57:35,570 DEBUG com.aga.logging.LogbackTest [main] Current thread: main - 1
2021-03-11 15:57:35,570 DEBUG com.aga.logging.LogbackTest [main] Current thread: main - 1
