2021-02-19 11:41:07,678 DEBUG LogbackTest [main] Current thread: main 1
2021-02-19 11:41:07,691 DEBUG LogbackTest [main] Current thread: main 1
2021-02-19 11:41:07,692 DEBUG LogbackTest [main] Current thread: main 1
2021-02-19 11:41:07,692 DEBUG LogbackTest [main] Current thread: main 1
2021-02-19 11:41:07,692 DEBUG LogbackTest [main] Current thread: main 1
2021-02-19 11:41:07,692 DEBUG LogbackTest [main] Current thread: main 1
2021-02-19 11:41:07,692 DEBUG LogbackTest [main] Current thread: main 1
2021-02-19 11:41:07,692 DEBUG LogbackTest [main] Current thread: main 1
2021-02-19 11:41:07,692 DEBUG LogbackTest [main] Current thread: main 1
2021-02-19 11:41:07,695 DEBUG LogbackTest [main] Current thread: main 1
2021-02-19 11:41:07,695 DEBUG LogbackTest [main] Current thread: main 1
2021-02-19 11:41:07,695 DEBUG LogbackTest [main] Current thread: main 1
2021-02-19 11:41:07,695 DEBUG LogbackTest [main] Current thread: main 1
2021-02-19 11:41:07,695 DEBUG LogbackTest [main] Current thread: main 1
2021-02-19 11:41:07,695 DEBUG LogbackTest [main] Current thread: main 1
2021-02-19 11:41:07,695 DEBUG LogbackTest [main] Current thread: main 1
2021-02-19 11:41:07,695 DEBUG LogbackTest [main] Current thread: main 1
2021-02-19 11:41:07,695 DEBUG LogbackTest [main] Current thread: main 1
2021-02-19 11:41:07,695 DEBUG LogbackTest [main] Current thread: main 1
2021-02-19 11:41:07,695 DEBUG LogbackTest [main] Current thread: main 1
2021-02-19 11:41:07,696 DEBUG LogbackTest [main] Current thread: main 1
2021-02-19 11:41:07,696 DEBUG LogbackTest [main] Current thread: main 1
2021-02-19 11:41:07,696 DEBUG LogbackTest [main] Current thread: main 1
2021-02-19 11:41:07,696 DEBUG LogbackTest [main] Current thread: main 1
2021-02-19 11:41:07,696 DEBUG LogbackTest [main] Current thread: main 1
2021-02-19 11:41:07,696 DEBUG LogbackTest [main] Current thread: main 1
2021-02-19 11:41:07,696 DEBUG LogbackTest [main] Current thread: main 1
2021-02-19 11:41:07,696 DEBUG LogbackTest [main] Current thread: main 1
2021-02-19 11:41:07,696 DEBUG LogbackTest [main] Current thread: main 1
2021-02-19 11:41:07,696 DEBUG LogbackTest [main] Current thread: main 1
2021-02-19 11:41:07,696 DEBUG LogbackTest [main] Current thread: main 1
2021-02-19 11:41:07,696 DEBUG LogbackTest [main] Current thread: main 1
2021-02-19 11:41:07,696 DEBUG LogbackTest [main] Current thread: main 1
2021-02-19 11:41:07,697 DEBUG LogbackTest [main] Current thread: main 1
2021-02-19 11:41:07,697 DEBUG LogbackTest [main] Current thread: main 1
2021-02-19 11:41:07,697 DEBUG LogbackTest [main] Current thread: main 1
2021-02-19 11:41:07,697 DEBUG LogbackTest [main] Current thread: main 1
2021-02-19 11:41:07,697 DEBUG LogbackTest [main] Current thread: main 1
2021-02-19 11:41:07,697 DEBUG LogbackTest [main] Current thread: main 1
2021-02-19 11:41:07,697 DEBUG LogbackTest [main] Current thread: main 1
2021-02-19 11:41:07,697 DEBUG LogbackTest [main] Current thread: main 1
2021-02-19 11:41:07,697 DEBUG LogbackTest [main] Current thread: main 1
2021-02-19 11:41:07,697 DEBUG LogbackTest [main] Current thread: main 1
2021-02-19 11:41:07,697 DEBUG LogbackTest [main] Current thread: main 1
2021-02-19 11:41:07,697 DEBUG LogbackTest [main] Current thread: main 1
2021-02-19 11:41:07,697 DEBUG LogbackTest [main] Current thread: main 1
2021-02-19 11:41:07,697 DEBUG LogbackTest [main] Current thread: main 1
2021-02-19 11:41:07,698 DEBUG LogbackTest [main] Current thread: main 1
2021-02-19 11:41:07,698 DEBUG LogbackTest [main] Current thread: main 1
2021-02-19 11:41:07,698 DEBUG LogbackTest [main] Current thread: main 1
2021-02-19 11:41:07,698 DEBUG LogbackTest [main] Current thread: main 1
2021-02-19 11:41:07,698 DEBUG LogbackTest [main] Current thread: main 1
2021-02-19 11:41:07,698 DEBUG LogbackTest [main] Current thread: main 1
2021-02-19 11:41:07,698 DEBUG LogbackTest [main] Current thread: main 1
2021-02-19 11:41:07,698 DEBUG LogbackTest [main] Current thread: main 1
2021-02-19 11:41:07,698 DEBUG LogbackTest [main] Current thread: main 1
2021-02-19 11:41:07,698 DEBUG LogbackTest [main] Current thread: main 1
2021-02-19 11:41:07,698 DEBUG LogbackTest [main] Current thread: main 1
2021-02-19 11:41:07,698 DEBUG LogbackTest [main] Current thread: main 1
2021-02-19 11:41:07,698 DEBUG LogbackTest [main] Current thread: main 1
2021-02-19 11:41:07,699 DEBUG LogbackTest [main] Current thread: main 1
2021-02-19 11:41:07,699 DEBUG LogbackTest [main] Current thread: main 1
2021-02-19 11:41:07,699 DEBUG LogbackTest [main] Current thread: main 1
2021-02-19 11:41:07,699 DEBUG LogbackTest [main] Current thread: main 1
2021-02-19 11:41:07,699 DEBUG LogbackTest [main] Current thread: main 1
2021-02-19 11:41:07,699 DEBUG LogbackTest [main] Current thread: main 1
2021-02-19 11:41:07,699 DEBUG LogbackTest [main] Current thread: main 1
2021-02-19 11:41:07,699 DEBUG LogbackTest [main] Current thread: main 1
2021-02-19 11:41:07,699 DEBUG LogbackTest [main] Current thread: main 1
2021-02-19 11:41:07,699 DEBUG LogbackTest [main] Current thread: main 1
2021-02-19 11:41:07,699 DEBUG LogbackTest [main] Current thread: main 1
2021-02-19 11:41:07,699 DEBUG LogbackTest [main] Current thread: main 1
2021-02-19 11:41:07,699 DEBUG LogbackTest [main] Current thread: main 1
2021-02-19 11:41:07,699 DEBUG LogbackTest [main] Current thread: main 1
2021-02-19 11:41:07,699 DEBUG LogbackTest [main] Current thread: main 1
2021-02-19 11:41:07,700 DEBUG LogbackTest [main] Current thread - logger2: main 1
2021-02-19 11:41:07,700 WARN LogbackTest [main] Message logged WARN == WARN.
2021-02-19 11:41:24,501 DEBUG LogbackTest [main] Logging Logback - DEBUG - lev.2
2021-02-19 11:41:24,502 INFO LogbackTest [main] Logging Logback - INFO - lev.3
2021-02-19 11:41:24,503 WARN LogbackTest [main] Logging Logback - WARN - lev.4
2021-02-19 11:41:24,503 ERROR LogbackTest [main] Logging Logback - ERROR - lev.5
2021-02-19 11:41:24,505 DEBUG LogbackTest [main] Is trace enabled: false
2021-02-19 11:41:24,505 DEBUG LogbackTest [main] Current thread: main 1
2021-02-19 11:41:24,507 DEBUG LogbackTest [main] Current thread: main 1
2021-02-19 11:41:24,507 DEBUG LogbackTest [main] Current thread: main 1
2021-02-19 11:41:24,507 DEBUG LogbackTest [main] Current thread: main 1
2021-02-19 11:41:24,507 DEBUG LogbackTest [main] Current thread: main 1
2021-02-19 11:41:24,507 DEBUG LogbackTest [main] Current thread: main 1
2021-02-19 11:41:24,507 DEBUG LogbackTest [main] Current thread: main 1
2021-02-19 11:41:24,507 DEBUG LogbackTest [main] Current thread: main 1
2021-02-19 11:41:24,507 DEBUG LogbackTest [main] Current thread: main 1
2021-02-19 11:41:24,508 DEBUG LogbackTest [main] Current thread: main 1
