2021-02-18 13:50:45,619 DEBUG LogbackTest [main] Current thread: main 1
2021-02-18 13:50:45,634 DEBUG LogbackTest [main] Current thread: main 1
2021-02-18 13:50:45,635 DEBUG LogbackTest [main] Current thread: main 1
2021-02-18 13:50:45,635 DEBUG LogbackTest [main] Current thread: main 1
2021-02-18 13:50:45,635 DEBUG LogbackTest [main] Current thread: main 1
2021-02-18 13:50:45,635 DEBUG LogbackTest [main] Current thread: main 1
2021-02-18 13:50:45,635 DEBUG LogbackTest [main] Current thread: main 1
2021-02-18 13:50:45,635 DEBUG LogbackTest [main] Current thread: main 1
2021-02-18 13:50:45,635 DEBUG LogbackTest [main] Current thread: main 1
2021-02-18 13:50:45,636 DEBUG LogbackTest [main] Current thread: main 1
2021-02-18 13:50:45,636 DEBUG LogbackTest [main] Current thread: main 1
2021-02-18 13:50:45,636 DEBUG LogbackTest [main] Current thread: main 1
2021-02-18 13:50:45,636 DEBUG LogbackTest [main] Current thread: main 1
2021-02-18 13:50:45,636 DEBUG LogbackTest [main] Current thread: main 1
2021-02-18 13:50:45,636 DEBUG LogbackTest [main] Current thread: main 1
2021-02-18 13:50:45,636 DEBUG LogbackTest [main] Current thread: main 1
2021-02-18 13:50:45,636 DEBUG LogbackTest [main] Current thread: main 1
2021-02-18 13:50:45,636 DEBUG LogbackTest [main] Current thread: main 1
2021-02-18 13:50:45,636 DEBUG LogbackTest [main] Current thread: main 1
2021-02-18 13:50:45,636 DEBUG LogbackTest [main] Current thread: main 1
2021-02-18 13:50:45,636 DEBUG LogbackTest [main] Current thread: main 1
2021-02-18 13:50:45,636 DEBUG LogbackTest [main] Current thread: main 1
2021-02-18 13:50:45,636 DEBUG LogbackTest [main] Current thread: main 1
2021-02-18 13:50:45,636 DEBUG LogbackTest [main] Current thread: main 1
2021-02-18 13:50:45,636 DEBUG LogbackTest [main] Current thread: main 1
2021-02-18 13:50:45,636 DEBUG LogbackTest [main] Current thread: main 1
2021-02-18 13:50:45,636 DEBUG LogbackTest [main] Current thread: main 1
2021-02-18 13:50:45,637 DEBUG LogbackTest [main] Current thread: main 1
2021-02-18 13:50:45,637 DEBUG LogbackTest [main] Current thread: main 1
2021-02-18 13:50:45,637 DEBUG LogbackTest [main] Current thread: main 1
2021-02-18 13:50:45,637 DEBUG LogbackTest [main] Current thread: main 1
2021-02-18 13:50:45,637 DEBUG LogbackTest [main] Current thread: main 1
2021-02-18 13:50:45,637 DEBUG LogbackTest [main] Current thread: main 1
2021-02-18 13:50:45,637 DEBUG LogbackTest [main] Current thread: main 1
2021-02-18 13:50:45,637 DEBUG LogbackTest [main] Current thread: main 1
2021-02-18 13:50:45,637 DEBUG LogbackTest [main] Current thread: main 1
2021-02-18 13:50:45,637 DEBUG LogbackTest [main] Current thread: main 1
2021-02-18 13:50:45,637 DEBUG LogbackTest [main] Current thread: main 1
2021-02-18 13:50:45,637 DEBUG LogbackTest [main] Current thread: main 1
2021-02-18 13:50:45,637 DEBUG LogbackTest [main] Current thread: main 1
2021-02-18 13:50:45,637 DEBUG LogbackTest [main] Current thread: main 1
2021-02-18 13:50:45,637 DEBUG LogbackTest [main] Current thread: main 1
2021-02-18 13:50:45,637 DEBUG LogbackTest [main] Current thread: main 1
2021-02-18 13:50:45,637 DEBUG LogbackTest [main] Current thread: main 1
2021-02-18 13:50:45,637 DEBUG LogbackTest [main] Current thread: main 1
2021-02-18 13:50:45,637 DEBUG LogbackTest [main] Current thread: main 1
2021-02-18 13:50:45,637 DEBUG LogbackTest [main] Current thread: main 1
2021-02-18 13:50:45,637 DEBUG LogbackTest [main] Current thread: main 1
2021-02-18 13:50:45,638 DEBUG LogbackTest [main] Current thread: main 1
2021-02-18 13:50:45,638 DEBUG LogbackTest [main] Current thread: main 1
2021-02-18 13:50:45,638 DEBUG LogbackTest [main] Current thread: main 1
2021-02-18 13:50:45,638 DEBUG LogbackTest [main] Current thread: main 1
2021-02-18 13:50:45,638 DEBUG LogbackTest [main] Current thread: main 1
2021-02-18 13:50:45,638 DEBUG LogbackTest [main] Current thread: main 1
2021-02-18 13:50:45,638 DEBUG LogbackTest [main] Current thread: main 1
2021-02-18 13:50:45,638 DEBUG LogbackTest [main] Current thread: main 1
2021-02-18 13:50:45,638 DEBUG LogbackTest [main] Current thread: main 1
2021-02-18 13:50:45,638 DEBUG LogbackTest [main] Current thread: main 1
2021-02-18 13:50:45,638 DEBUG LogbackTest [main] Current thread: main 1
2021-02-18 13:50:45,638 DEBUG LogbackTest [main] Current thread: main 1
2021-02-18 13:50:45,638 DEBUG LogbackTest [main] Current thread: main 1
2021-02-18 13:50:45,638 DEBUG LogbackTest [main] Current thread: main 1
2021-02-18 13:50:45,638 DEBUG LogbackTest [main] Current thread: main 1
2021-02-18 13:50:45,638 DEBUG LogbackTest [main] Current thread: main 1
2021-02-18 13:50:45,638 DEBUG LogbackTest [main] Current thread: main 1
2021-02-18 13:50:45,639 DEBUG LogbackTest [main] Current thread: main 1
2021-02-18 13:50:45,639 DEBUG LogbackTest [main] Current thread: main 1
2021-02-18 13:50:45,639 DEBUG LogbackTest [main] Current thread: main 1
2021-02-18 13:50:45,639 DEBUG LogbackTest [main] Current thread: main 1
2021-02-18 13:50:45,639 DEBUG LogbackTest [main] Current thread: main 1
2021-02-18 13:50:45,639 DEBUG LogbackTest [main] Current thread: main 1
2021-02-18 13:50:45,639 DEBUG LogbackTest [main] Current thread: main 1
2021-02-18 13:50:45,639 DEBUG LogbackTest [main] Current thread: main 1
2021-02-18 13:50:45,639 DEBUG LogbackTest [main] Current thread: main 1
2021-02-18 13:50:45,639 DEBUG LogbackTest [main] Current thread: main 1
2021-02-18 13:50:45,639 DEBUG LogbackTest [main] Current thread: main 1
2021-02-18 13:50:45,639 DEBUG LogbackTest [main] Current thread: main 1
2021-02-18 13:50:45,639 DEBUG LogbackTest [main] Current thread: main 1
2021-02-18 13:50:45,639 DEBUG LogbackTest [main] Current thread: main 1
2021-02-18 13:50:45,639 DEBUG LogbackTest [main] Current thread: main 1
2021-02-18 13:50:45,639 DEBUG LogbackTest [main] Current thread: main 1
2021-02-18 13:50:45,639 DEBUG LogbackTest [main] Current thread: main 1
2021-02-18 13:50:45,639 DEBUG LogbackTest [main] Current thread: main 1
2021-02-18 13:50:45,639 DEBUG LogbackTest [main] Current thread: main 1
2021-02-18 13:50:45,639 DEBUG LogbackTest [main] Current thread: main 1
2021-02-18 13:50:45,639 DEBUG LogbackTest [main] Current thread: main 1
2021-02-18 13:50:45,639 DEBUG LogbackTest [main] Current thread: main 1
2021-02-18 13:50:45,639 DEBUG LogbackTest [main] Current thread: main 1
2021-02-18 13:50:45,639 DEBUG LogbackTest [main] Current thread: main 1
2021-02-18 13:50:45,639 DEBUG LogbackTest [main] Current thread: main 1
2021-02-18 13:50:45,640 DEBUG LogbackTest [main] Current thread: main 1
2021-02-18 13:50:45,640 DEBUG LogbackTest [main] Current thread: main 1
2021-02-18 13:50:45,640 DEBUG LogbackTest [main] Current thread: main 1
2021-02-18 13:50:45,640 DEBUG LogbackTest [main] Current thread: main 1
2021-02-18 13:50:45,640 DEBUG LogbackTest [main] Current thread: main 1
2021-02-18 13:50:45,640 DEBUG LogbackTest [main] Current thread: main 1
2021-02-18 13:50:45,640 DEBUG LogbackTest [main] Current thread: main 1
2021-02-18 13:50:45,640 DEBUG LogbackTest [main] Current thread: main 1
2021-02-18 13:50:45,640 DEBUG LogbackTest [main] Current thread: main 1
2021-02-18 13:50:45,640 DEBUG LogbackTest [main] Current thread: main 1
2021-02-18 13:50:45,640 DEBUG LogbackTest [main] Current thread: main 1
2021-02-18 13:50:45,640 DEBUG LogbackTest [main] Current thread: main 1
2021-02-18 13:50:45,640 DEBUG LogbackTest [main] Current thread: main 1
2021-02-18 13:50:45,640 DEBUG LogbackTest [main] Current thread: main 1
2021-02-18 13:50:45,640 DEBUG LogbackTest [main] Current thread: main 1
2021-02-18 13:50:45,640 DEBUG LogbackTest [main] Current thread: main 1
2021-02-18 13:50:45,640 DEBUG LogbackTest [main] Current thread: main 1
2021-02-18 13:50:45,640 DEBUG LogbackTest [main] Current thread: main 1
2021-02-18 13:50:45,640 DEBUG LogbackTest [main] Current thread: main 1
2021-02-18 13:50:45,640 DEBUG LogbackTest [main] Current thread: main 1
2021-02-18 13:50:45,640 DEBUG LogbackTest [main] Current thread: main 1
2021-02-18 13:50:45,640 DEBUG LogbackTest [main] Current thread: main 1
2021-02-18 13:50:45,640 DEBUG LogbackTest [main] Current thread: main 1
2021-02-18 13:50:45,641 DEBUG LogbackTest [main] Current thread: main 1
2021-02-18 13:50:45,641 DEBUG LogbackTest [main] Current thread: main 1
2021-02-18 13:50:45,641 DEBUG LogbackTest [main] Current thread: main 1
2021-02-18 13:50:45,641 DEBUG LogbackTest [main] Current thread: main 1
2021-02-18 13:50:45,641 DEBUG LogbackTest [main] Current thread: main 1
2021-02-18 13:50:45,641 DEBUG LogbackTest [main] Current thread: main 1
2021-02-18 13:50:45,641 DEBUG LogbackTest [main] Current thread: main 1
2021-02-18 13:50:45,641 DEBUG LogbackTest [main] Current thread: main 1
2021-02-18 13:50:45,641 DEBUG LogbackTest [main] Current thread: main 1
2021-02-18 13:50:45,641 DEBUG LogbackTest [main] Current thread: main 1
2021-02-18 13:50:45,641 DEBUG LogbackTest [main] Current thread: main 1
2021-02-18 13:50:45,641 DEBUG LogbackTest [main] Current thread: main 1
2021-02-18 13:50:45,641 DEBUG LogbackTest [main] Current thread: main 1
2021-02-18 13:50:45,641 DEBUG LogbackTest [main] Current thread: main 1
2021-02-18 13:50:45,641 DEBUG LogbackTest [main] Current thread: main 1
2021-02-18 13:50:45,641 DEBUG LogbackTest [main] Current thread: main 1
2021-02-18 13:50:45,641 DEBUG LogbackTest [main] Current thread: main 1
2021-02-18 13:50:45,641 DEBUG LogbackTest [main] Current thread: main 1
2021-02-18 13:50:45,641 DEBUG LogbackTest [main] Current thread: main 1
2021-02-18 13:50:45,642 DEBUG LogbackTest [main] Current thread: main 1
2021-02-18 13:50:45,642 DEBUG LogbackTest [main] Current thread: main 1
2021-02-18 13:50:45,642 DEBUG LogbackTest [main] Current thread: main 1
2021-02-18 13:50:45,642 DEBUG LogbackTest [main] Current thread: main 1
2021-02-18 13:50:45,642 DEBUG LogbackTest [main] Current thread: main 1
2021-02-18 13:50:45,642 DEBUG LogbackTest [main] Current thread: main 1
2021-02-18 13:50:45,642 DEBUG LogbackTest [main] Current thread: main 1
2021-02-18 13:50:45,642 DEBUG LogbackTest [main] Current thread: main 1
2021-02-18 13:50:45,642 DEBUG LogbackTest [main] Current thread: main 1
2021-02-18 13:50:45,642 DEBUG LogbackTest [main] Current thread: main 1
2021-02-18 13:50:45,642 DEBUG LogbackTest [main] Current thread: main 1
2021-02-18 13:50:45,642 DEBUG LogbackTest [main] Current thread: main 1
2021-02-18 13:50:45,642 DEBUG LogbackTest [main] Current thread: main 1
2021-02-18 13:50:45,642 DEBUG LogbackTest [main] Current thread: main 1
2021-02-18 13:50:45,642 DEBUG LogbackTest [main] Current thread: main 1
2021-02-18 13:50:45,642 DEBUG LogbackTest [main] Current thread: main 1
2021-02-18 13:50:45,642 DEBUG LogbackTest [main] Current thread: main 1
2021-02-18 13:50:45,642 DEBUG LogbackTest [main] Current thread: main 1
2021-02-18 13:50:45,642 DEBUG LogbackTest [main] Current thread: main 1
2021-02-18 13:50:45,642 DEBUG LogbackTest [main] Current thread: main 1
2021-02-18 13:50:45,642 DEBUG LogbackTest [main] Current thread: main 1
2021-02-18 13:50:45,642 DEBUG LogbackTest [main] Current thread: main 1
2021-02-18 13:50:45,642 DEBUG LogbackTest [main] Current thread: main 1
2021-02-18 13:50:45,642 DEBUG LogbackTest [main] Current thread: main 1
2021-02-18 13:50:45,642 DEBUG LogbackTest [main] Current thread: main 1
2021-02-18 13:50:45,643 DEBUG LogbackTest [main] Current thread: main 1
2021-02-18 13:50:45,643 DEBUG LogbackTest [main] Current thread: main 1
2021-02-18 13:50:45,643 DEBUG LogbackTest [main] Current thread: main 1
2021-02-18 13:50:45,643 DEBUG LogbackTest [main] Current thread: main 1
2021-02-18 13:50:45,643 DEBUG LogbackTest [main] Current thread: main 1
2021-02-18 13:50:45,643 DEBUG LogbackTest [main] Current thread: main 1
2021-02-18 13:50:45,643 DEBUG LogbackTest [main] Current thread: main 1
2021-02-18 13:50:45,643 DEBUG LogbackTest [main] Current thread: main 1
2021-02-18 13:50:45,643 DEBUG LogbackTest [main] Current thread: main 1
2021-02-18 13:50:45,643 DEBUG LogbackTest [main] Current thread: main 1
2021-02-18 13:50:45,643 DEBUG LogbackTest [main] Current thread: main 1
2021-02-18 13:50:45,643 DEBUG LogbackTest [main] Current thread: main 1
2021-02-18 13:50:45,643 DEBUG LogbackTest [main] Current thread: main 1
2021-02-18 13:50:45,643 DEBUG LogbackTest [main] Current thread: main 1
2021-02-18 13:50:45,643 DEBUG LogbackTest [main] Current thread: main 1
2021-02-18 13:50:45,643 DEBUG LogbackTest [main] Current thread: main 1
2021-02-18 13:50:45,643 DEBUG LogbackTest [main] Current thread: main 1
2021-02-18 13:50:45,644 DEBUG LogbackTest [main] Current thread: main 1
2021-02-18 13:50:45,644 DEBUG LogbackTest [main] Current thread: main 1
2021-02-18 13:50:45,644 DEBUG LogbackTest [main] Current thread: main 1
2021-02-18 13:50:45,644 DEBUG LogbackTest [main] Current thread: main 1
2021-02-18 13:50:45,644 DEBUG LogbackTest [main] Current thread: main 1
2021-02-18 13:50:45,644 DEBUG LogbackTest [main] Current thread: main 1
2021-02-18 13:50:45,644 DEBUG LogbackTest [main] Current thread: main 1
2021-02-18 13:50:45,644 DEBUG LogbackTest [main] Current thread: main 1
2021-02-18 13:50:45,644 DEBUG LogbackTest [main] Current thread: main 1
2021-02-18 13:50:45,644 DEBUG LogbackTest [main] Current thread: main 1
2021-02-18 13:50:45,644 DEBUG LogbackTest [main] Current thread: main 1
2021-02-18 13:50:45,644 DEBUG LogbackTest [main] Current thread: main 1
2021-02-18 13:50:45,644 DEBUG LogbackTest [main] Current thread: main 1
2021-02-18 13:50:45,644 DEBUG LogbackTest [main] Current thread: main 1
2021-02-18 13:50:45,644 DEBUG LogbackTest [main] Current thread: main 1
2021-02-18 13:50:45,644 DEBUG LogbackTest [main] Current thread: main 1
2021-02-18 13:50:45,644 DEBUG LogbackTest [main] Current thread: main 1
2021-02-18 13:50:45,644 DEBUG LogbackTest [main] Current thread: main 1
2021-02-18 13:50:45,644 DEBUG LogbackTest [main] Current thread: main 1
2021-02-18 13:50:45,644 DEBUG LogbackTest [main] Current thread: main 1
2021-02-18 13:50:45,644 DEBUG LogbackTest [main] Current thread: main 1
2021-02-18 13:50:45,644 DEBUG LogbackTest [main] Current thread: main 1
2021-02-18 13:50:45,644 DEBUG LogbackTest [main] Current thread: main 1
2021-02-18 13:50:45,645 DEBUG LogbackTest [main] Current thread: main 1
2021-02-18 13:50:45,645 DEBUG LogbackTest [main] Current thread: main 1
2021-02-18 13:50:45,645 DEBUG LogbackTest [main] Current thread: main 1
2021-02-18 13:50:45,645 DEBUG LogbackTest [main] Current thread: main 1
2021-02-18 13:50:45,645 DEBUG LogbackTest [main] Current thread: main 1
2021-02-18 13:50:45,645 DEBUG LogbackTest [main] Current thread: main 1
2021-02-18 13:50:45,645 DEBUG LogbackTest [main] Current thread: main 1
2021-02-18 13:50:45,645 DEBUG LogbackTest [main] Current thread: main 1
2021-02-18 13:50:45,645 DEBUG LogbackTest [main] Current thread: main 1
2021-02-18 13:50:45,645 DEBUG LogbackTest [main] Current thread: main 1
2021-02-18 13:50:45,645 DEBUG LogbackTest [main] Current thread: main 1
2021-02-18 13:50:45,645 DEBUG LogbackTest [main] Current thread: main 1
2021-02-18 13:50:45,645 DEBUG LogbackTest [main] Current thread: main 1
2021-02-18 13:50:45,645 DEBUG LogbackTest [main] Current thread: main 1
2021-02-18 13:50:45,645 DEBUG LogbackTest [main] Current thread: main 1
2021-02-18 13:50:45,645 DEBUG LogbackTest [main] Current thread: main 1
2021-02-18 13:50:45,645 DEBUG LogbackTest [main] Current thread: main 1
2021-02-18 13:50:45,646 DEBUG LogbackTest [main] Current thread: main 1
2021-02-18 13:50:45,646 DEBUG LogbackTest [main] Current thread: main 1
2021-02-18 13:50:45,646 DEBUG LogbackTest [main] Current thread: main 1
2021-02-18 13:50:45,646 DEBUG LogbackTest [main] Current thread: main 1
2021-02-18 13:50:45,646 DEBUG LogbackTest [main] Current thread: main 1
2021-02-18 13:50:45,646 DEBUG LogbackTest [main] Current thread: main 1
2021-02-18 13:50:45,646 DEBUG LogbackTest [main] Current thread: main 1
2021-02-18 13:50:45,646 DEBUG LogbackTest [main] Current thread: main 1
2021-02-18 13:50:45,646 DEBUG LogbackTest [main] Current thread: main 1
2021-02-18 13:50:45,646 DEBUG LogbackTest [main] Current thread: main 1
2021-02-18 13:50:45,646 DEBUG LogbackTest [main] Current thread: main 1
2021-02-18 13:50:45,646 DEBUG LogbackTest [main] Current thread: main 1
2021-02-18 13:50:45,646 DEBUG LogbackTest [main] Current thread: main 1
2021-02-18 13:50:45,646 DEBUG LogbackTest [main] Current thread: main 1
2021-02-18 13:50:45,646 DEBUG LogbackTest [main] Current thread: main 1
2021-02-18 13:50:45,646 DEBUG LogbackTest [main] Current thread: main 1
2021-02-18 13:50:45,646 DEBUG LogbackTest [main] Current thread: main 1
2021-02-18 13:50:45,646 DEBUG LogbackTest [main] Current thread: main 1
2021-02-18 13:50:45,646 DEBUG LogbackTest [main] Current thread: main 1
2021-02-18 13:50:45,646 DEBUG LogbackTest [main] Current thread: main 1
2021-02-18 13:50:45,646 DEBUG LogbackTest [main] Current thread: main 1
2021-02-18 13:50:45,646 DEBUG LogbackTest [main] Current thread: main 1
2021-02-18 13:50:45,647 DEBUG LogbackTest [main] Current thread: main 1
2021-02-18 13:50:45,647 DEBUG LogbackTest [main] Current thread: main 1
2021-02-18 13:50:45,647 DEBUG LogbackTest [main] Current thread: main 1
2021-02-18 13:50:45,647 DEBUG LogbackTest [main] Current thread: main 1
2021-02-18 13:50:45,647 DEBUG LogbackTest [main] Current thread: main 1
2021-02-18 13:50:45,647 DEBUG LogbackTest [main] Current thread: main 1
2021-02-18 13:50:45,647 DEBUG LogbackTest [main] Current thread: main 1
2021-02-18 13:50:45,647 DEBUG LogbackTest [main] Current thread: main 1
2021-02-18 13:50:45,647 DEBUG LogbackTest [main] Current thread: main 1
2021-02-18 13:50:45,647 DEBUG LogbackTest [main] Current thread: main 1
2021-02-18 13:50:45,647 DEBUG LogbackTest [main] Current thread: main 1
2021-02-18 13:50:45,647 DEBUG LogbackTest [main] Current thread: main 1
2021-02-18 13:50:45,647 DEBUG LogbackTest [main] Current thread: main 1
2021-02-18 13:50:45,647 DEBUG LogbackTest [main] Current thread: main 1
2021-02-18 13:50:45,647 DEBUG LogbackTest [main] Current thread: main 1
2021-02-18 13:50:45,647 DEBUG LogbackTest [main] Current thread: main 1
2021-02-18 13:50:45,647 DEBUG LogbackTest [main] Current thread: main 1
2021-02-18 13:50:45,647 DEBUG LogbackTest [main] Current thread: main 1
2021-02-18 13:50:45,647 DEBUG LogbackTest [main] Current thread: main 1
2021-02-18 13:50:45,647 DEBUG LogbackTest [main] Current thread: main 1
2021-02-18 13:50:45,647 DEBUG LogbackTest [main] Current thread: main 1
2021-02-18 13:50:45,647 DEBUG LogbackTest [main] Current thread: main 1
2021-02-18 13:50:45,647 DEBUG LogbackTest [main] Current thread: main 1
2021-02-18 13:50:45,647 DEBUG LogbackTest [main] Current thread: main 1
2021-02-18 13:50:45,648 DEBUG LogbackTest [main] Current thread: main 1
2021-02-18 13:50:45,648 DEBUG LogbackTest [main] Current thread: main 1
2021-02-18 13:50:45,648 DEBUG LogbackTest [main] Current thread: main 1
2021-02-18 13:50:45,648 DEBUG LogbackTest [main] Current thread: main 1
2021-02-18 13:50:45,648 DEBUG LogbackTest [main] Current thread: main 1
2021-02-18 13:50:45,648 DEBUG LogbackTest [main] Current thread: main 1
2021-02-18 13:50:45,648 DEBUG LogbackTest [main] Current thread: main 1
2021-02-18 13:50:45,648 DEBUG LogbackTest [main] Current thread: main 1
2021-02-18 13:50:45,648 DEBUG LogbackTest [main] Current thread: main 1
2021-02-18 13:50:45,648 DEBUG LogbackTest [main] Current thread: main 1
2021-02-18 13:50:45,648 DEBUG LogbackTest [main] Current thread: main 1
2021-02-18 13:50:45,648 DEBUG LogbackTest [main] Current thread: main 1
2021-02-18 13:50:45,648 DEBUG LogbackTest [main] Current thread: main 1
2021-02-18 13:50:45,648 DEBUG LogbackTest [main] Current thread: main 1
2021-02-18 13:50:45,648 DEBUG LogbackTest [main] Current thread: main 1
2021-02-18 13:50:45,648 DEBUG LogbackTest [main] Current thread: main 1
2021-02-18 13:50:45,648 DEBUG LogbackTest [main] Current thread: main 1
2021-02-18 13:50:45,648 DEBUG LogbackTest [main] Current thread: main 1
2021-02-18 13:50:45,648 DEBUG LogbackTest [main] Current thread: main 1
2021-02-18 13:50:45,648 DEBUG LogbackTest [main] Current thread: main 1
2021-02-18 13:50:45,648 DEBUG LogbackTest [main] Current thread: main 1
2021-02-18 13:50:45,648 DEBUG LogbackTest [main] Current thread: main 1
2021-02-18 13:50:45,648 DEBUG LogbackTest [main] Current thread: main 1
2021-02-18 13:50:45,648 DEBUG LogbackTest [main] Current thread: main 1
2021-02-18 13:50:45,649 DEBUG LogbackTest [main] Current thread: main 1
2021-02-18 13:50:45,649 DEBUG LogbackTest [main] Current thread: main 1
2021-02-18 13:50:45,649 DEBUG LogbackTest [main] Current thread: main 1
2021-02-18 13:50:45,649 DEBUG LogbackTest [main] Current thread: main 1
2021-02-18 13:50:45,649 DEBUG LogbackTest [main] Current thread: main 1
2021-02-18 13:50:45,649 DEBUG LogbackTest [main] Current thread: main 1
2021-02-18 13:50:45,649 DEBUG LogbackTest [main] Current thread: main 1
2021-02-18 13:50:45,649 DEBUG LogbackTest [main] Current thread: main 1
2021-02-18 13:50:45,649 DEBUG LogbackTest [main] Current thread: main 1
2021-02-18 13:50:45,649 DEBUG LogbackTest [main] Current thread: main 1
2021-02-18 13:50:45,649 DEBUG LogbackTest [main] Current thread: main 1
2021-02-18 13:50:45,649 DEBUG LogbackTest [main] Current thread: main 1
2021-02-18 13:50:45,649 DEBUG LogbackTest [main] Current thread: main 1
2021-02-18 13:50:45,649 DEBUG LogbackTest [main] Current thread: main 1
2021-02-18 13:50:45,649 DEBUG LogbackTest [main] Current thread: main 1
2021-02-18 13:50:45,649 DEBUG LogbackTest [main] Current thread: main 1
2021-02-18 13:50:45,649 DEBUG LogbackTest [main] Current thread: main 1
2021-02-18 13:50:45,649 DEBUG LogbackTest [main] Current thread: main 1
2021-02-18 13:50:45,649 DEBUG LogbackTest [main] Current thread: main 1
2021-02-18 13:50:45,649 DEBUG LogbackTest [main] Current thread: main 1
2021-02-18 13:50:45,649 DEBUG LogbackTest [main] Current thread: main 1
2021-02-18 13:50:45,649 DEBUG LogbackTest [main] Current thread: main 1
2021-02-18 13:50:45,649 DEBUG LogbackTest [main] Current thread: main 1
2021-02-18 13:50:45,649 DEBUG LogbackTest [main] Current thread: main 1
2021-02-18 13:50:45,649 DEBUG LogbackTest [main] Current thread: main 1
2021-02-18 13:50:45,649 DEBUG LogbackTest [main] Current thread: main 1
2021-02-18 13:50:45,649 DEBUG LogbackTest [main] Current thread: main 1
2021-02-18 13:50:45,650 DEBUG LogbackTest [main] Current thread: main 1
2021-02-18 13:50:45,650 DEBUG LogbackTest [main] Current thread: main 1
2021-02-18 13:50:45,650 DEBUG LogbackTest [main] Current thread: main 1
2021-02-18 13:50:45,650 DEBUG LogbackTest [main] Current thread: main 1
2021-02-18 13:50:45,650 DEBUG LogbackTest [main] Current thread: main 1
2021-02-18 13:50:45,650 DEBUG LogbackTest [main] Current thread: main 1
2021-02-18 13:50:45,650 DEBUG LogbackTest [main] Current thread: main 1
2021-02-18 13:50:45,650 DEBUG LogbackTest [main] Current thread: main 1
2021-02-18 13:50:45,650 DEBUG LogbackTest [main] Current thread: main 1
2021-02-18 13:50:45,650 DEBUG LogbackTest [main] Current thread: main 1
2021-02-18 13:50:45,650 DEBUG LogbackTest [main] Current thread: main 1
2021-02-18 13:50:45,650 DEBUG LogbackTest [main] Current thread: main 1
2021-02-18 13:50:45,650 DEBUG LogbackTest [main] Current thread: main 1
2021-02-18 13:50:45,650 DEBUG LogbackTest [main] Current thread: main 1
2021-02-18 13:50:45,650 DEBUG LogbackTest [main] Current thread: main 1
2021-02-18 13:50:45,650 DEBUG LogbackTest [main] Current thread: main 1
2021-02-18 13:50:45,650 DEBUG LogbackTest [main] Current thread: main 1
2021-02-18 13:50:45,650 DEBUG LogbackTest [main] Current thread: main 1
2021-02-18 13:50:45,650 DEBUG LogbackTest [main] Current thread: main 1
2021-02-18 13:50:45,650 DEBUG LogbackTest [main] Current thread: main 1
2021-02-18 13:50:45,650 DEBUG LogbackTest [main] Current thread: main 1
2021-02-18 13:50:45,650 DEBUG LogbackTest [main] Current thread: main 1
2021-02-18 13:50:45,650 DEBUG LogbackTest [main] Current thread: main 1
2021-02-18 13:50:45,650 DEBUG LogbackTest [main] Current thread: main 1
2021-02-18 13:50:45,651 DEBUG LogbackTest [main] Current thread: main 1
2021-02-18 13:50:45,651 DEBUG LogbackTest [main] Current thread: main 1
2021-02-18 13:50:45,651 DEBUG LogbackTest [main] Current thread: main 1
2021-02-18 13:50:45,651 DEBUG LogbackTest [main] Current thread: main 1
2021-02-18 13:50:45,651 DEBUG LogbackTest [main] Current thread: main 1
2021-02-18 13:50:45,651 DEBUG LogbackTest [main] Current thread: main 1
2021-02-18 13:50:45,651 DEBUG LogbackTest [main] Current thread: main 1
2021-02-18 13:50:45,651 DEBUG LogbackTest [main] Current thread: main 1
2021-02-18 13:50:45,651 DEBUG LogbackTest [main] Current thread: main 1
2021-02-18 13:50:45,651 DEBUG LogbackTest [main] Current thread: main 1
2021-02-18 13:50:45,651 DEBUG LogbackTest [main] Current thread: main 1
2021-02-18 13:50:45,651 DEBUG LogbackTest [main] Current thread: main 1
2021-02-18 13:50:45,651 DEBUG LogbackTest [main] Current thread: main 1
2021-02-18 13:50:45,651 DEBUG LogbackTest [main] Current thread: main 1
2021-02-18 13:50:45,651 DEBUG LogbackTest [main] Current thread: main 1
2021-02-18 13:50:45,652 DEBUG LogbackTest [main] Current thread: main 1
2021-02-18 13:50:45,652 DEBUG LogbackTest [main] Current thread: main 1
2021-02-18 13:50:45,652 DEBUG LogbackTest [main] Current thread: main 1
2021-02-18 13:50:45,652 DEBUG LogbackTest [main] Current thread: main 1
2021-02-18 13:50:45,652 DEBUG LogbackTest [main] Current thread: main 1
2021-02-18 13:50:45,652 DEBUG LogbackTest [main] Current thread: main 1
2021-02-18 13:50:45,652 DEBUG LogbackTest [main] Current thread: main 1
2021-02-18 13:50:45,652 DEBUG LogbackTest [main] Current thread: main 1
2021-02-18 13:50:45,652 DEBUG LogbackTest [main] Current thread: main 1
2021-02-18 13:50:45,652 DEBUG LogbackTest [main] Current thread: main 1
2021-02-18 13:50:45,652 DEBUG LogbackTest [main] Current thread: main 1
2021-02-18 13:50:45,652 DEBUG LogbackTest [main] Current thread: main 1
2021-02-18 13:50:45,652 DEBUG LogbackTest [main] Current thread: main 1
2021-02-18 13:50:45,652 DEBUG LogbackTest [main] Current thread: main 1
2021-02-18 13:50:45,652 DEBUG LogbackTest [main] Current thread: main 1
2021-02-18 13:50:45,652 DEBUG LogbackTest [main] Current thread: main 1
2021-02-18 13:50:45,652 DEBUG LogbackTest [main] Current thread: main 1
2021-02-18 13:50:45,652 DEBUG LogbackTest [main] Current thread: main 1
2021-02-18 13:50:45,652 DEBUG LogbackTest [main] Current thread: main 1
2021-02-18 13:50:45,652 DEBUG LogbackTest [main] Current thread: main 1
2021-02-18 13:50:45,653 DEBUG LogbackTest [main] Current thread: main 1
2021-02-18 13:50:45,653 DEBUG LogbackTest [main] Current thread: main 1
2021-02-18 13:50:45,653 DEBUG LogbackTest [main] Current thread: main 1
2021-02-18 13:50:45,653 DEBUG LogbackTest [main] Current thread: main 1
2021-02-18 13:50:45,653 DEBUG LogbackTest [main] Current thread: main 1
2021-02-18 13:50:45,653 DEBUG LogbackTest [main] Current thread: main 1
2021-02-18 13:50:45,653 DEBUG LogbackTest [main] Current thread: main 1
2021-02-18 13:50:45,653 DEBUG LogbackTest [main] Current thread: main 1
2021-02-18 13:50:45,653 DEBUG LogbackTest [main] Current thread: main 1
2021-02-18 13:50:45,653 DEBUG LogbackTest [main] Current thread: main 1
2021-02-18 13:50:45,653 DEBUG LogbackTest [main] Current thread: main 1
2021-02-18 13:50:45,653 DEBUG LogbackTest [main] Current thread: main 1
2021-02-18 13:50:45,653 DEBUG LogbackTest [main] Current thread: main 1
2021-02-18 13:50:45,653 DEBUG LogbackTest [main] Current thread: main 1
2021-02-18 13:50:45,653 DEBUG LogbackTest [main] Current thread: main 1
2021-02-18 13:50:45,653 DEBUG LogbackTest [main] Current thread: main 1
2021-02-18 13:50:45,653 DEBUG LogbackTest [main] Current thread: main 1
2021-02-18 13:50:45,653 DEBUG LogbackTest [main] Current thread: main 1
2021-02-18 13:50:45,653 DEBUG LogbackTest [main] Current thread: main 1
2021-02-18 13:50:45,653 DEBUG LogbackTest [main] Current thread: main 1
2021-02-18 13:50:45,654 DEBUG LogbackTest [main] Current thread: main 1
2021-02-18 13:50:45,654 DEBUG LogbackTest [main] Current thread: main 1
2021-02-18 13:50:45,654 DEBUG LogbackTest [main] Current thread: main 1
2021-02-18 13:50:45,654 DEBUG LogbackTest [main] Current thread: main 1
2021-02-18 13:50:45,654 DEBUG LogbackTest [main] Current thread: main 1
2021-02-18 13:50:45,654 DEBUG LogbackTest [main] Current thread: main 1
2021-02-18 13:50:45,654 DEBUG LogbackTest [main] Current thread: main 1
2021-02-18 13:50:45,654 DEBUG LogbackTest [main] Current thread: main 1
2021-02-18 13:50:45,654 DEBUG LogbackTest [main] Current thread: main 1
2021-02-18 13:50:45,654 DEBUG LogbackTest [main] Current thread: main 1
2021-02-18 13:50:45,654 DEBUG LogbackTest [main] Current thread: main 1
2021-02-18 13:50:45,654 DEBUG LogbackTest [main] Current thread: main 1
2021-02-18 13:50:45,654 DEBUG LogbackTest [main] Current thread: main 1
2021-02-18 13:50:45,654 DEBUG LogbackTest [main] Current thread: main 1
2021-02-18 13:50:45,655 DEBUG LogbackTest [main] Current thread: main 1
2021-02-18 13:50:45,655 DEBUG LogbackTest [main] Current thread: main 1
2021-02-18 13:50:45,655 DEBUG LogbackTest [main] Current thread: main 1
2021-02-18 13:50:45,655 DEBUG LogbackTest [main] Current thread: main 1
2021-02-18 13:50:45,655 DEBUG LogbackTest [main] Current thread: main 1
2021-02-18 13:50:45,655 DEBUG LogbackTest [main] Current thread: main 1
2021-02-18 13:50:45,655 DEBUG LogbackTest [main] Current thread: main 1
2021-02-18 13:50:45,655 DEBUG LogbackTest [main] Current thread: main 1
2021-02-18 13:50:45,655 DEBUG LogbackTest [main] Current thread: main 1
2021-02-18 13:50:45,655 DEBUG LogbackTest [main] Current thread: main 1
2021-02-18 13:50:45,655 DEBUG LogbackTest [main] Current thread: main 1
2021-02-18 13:50:45,655 DEBUG LogbackTest [main] Current thread: main 1
2021-02-18 13:50:45,655 DEBUG LogbackTest [main] Current thread: main 1
2021-02-18 13:50:45,655 DEBUG LogbackTest [main] Current thread: main 1
2021-02-18 13:50:45,655 DEBUG LogbackTest [main] Current thread: main 1
2021-02-18 13:50:45,655 DEBUG LogbackTest [main] Current thread: main 1
2021-02-18 13:50:45,655 DEBUG LogbackTest [main] Current thread: main 1
2021-02-18 13:50:45,655 DEBUG LogbackTest [main] Current thread: main 1
2021-02-18 13:50:45,655 DEBUG LogbackTest [main] Current thread: main 1
2021-02-18 13:50:45,655 DEBUG LogbackTest [main] Current thread: main 1
2021-02-18 13:50:45,655 DEBUG LogbackTest [main] Current thread: main 1
2021-02-18 13:50:45,656 DEBUG LogbackTest [main] Current thread: main 1
2021-02-18 13:50:45,656 DEBUG LogbackTest [main] Current thread: main 1
2021-02-18 13:50:45,656 DEBUG LogbackTest [main] Current thread: main 1
2021-02-18 13:50:45,656 DEBUG LogbackTest [main] Current thread: main 1
2021-02-18 13:50:45,656 DEBUG LogbackTest [main] Current thread: main 1
2021-02-18 13:50:45,656 DEBUG LogbackTest [main] Current thread: main 1
2021-02-18 13:50:45,656 DEBUG LogbackTest [main] Current thread: main 1
2021-02-18 13:50:45,656 DEBUG LogbackTest [main] Current thread: main 1
2021-02-18 13:50:45,656 DEBUG LogbackTest [main] Current thread: main 1
2021-02-18 13:50:45,656 DEBUG LogbackTest [main] Current thread: main 1
2021-02-18 13:50:45,656 DEBUG LogbackTest [main] Current thread: main 1
2021-02-18 13:50:45,656 DEBUG LogbackTest [main] Current thread: main 1
2021-02-18 13:50:45,656 DEBUG LogbackTest [main] Current thread: main 1
2021-02-18 13:50:45,656 DEBUG LogbackTest [main] Current thread: main 1
2021-02-18 13:50:45,656 DEBUG LogbackTest [main] Current thread: main 1
2021-02-18 13:50:45,656 DEBUG LogbackTest [main] Current thread: main 1
2021-02-18 13:50:45,656 DEBUG LogbackTest [main] Current thread: main 1
2021-02-18 13:50:45,656 DEBUG LogbackTest [main] Current thread: main 1
2021-02-18 13:50:45,656 DEBUG LogbackTest [main] Current thread: main 1
2021-02-18 13:50:45,657 DEBUG LogbackTest [main] Current thread: main 1
2021-02-18 13:50:45,657 DEBUG LogbackTest [main] Current thread: main 1
2021-02-18 13:50:45,657 DEBUG LogbackTest [main] Current thread: main 1
2021-02-18 13:50:45,657 DEBUG LogbackTest [main] Current thread: main 1
2021-02-18 13:50:45,657 DEBUG LogbackTest [main] Current thread: main 1
2021-02-18 13:50:45,657 DEBUG LogbackTest [main] Current thread: main 1
2021-02-18 13:50:45,657 DEBUG LogbackTest [main] Current thread: main 1
2021-02-18 13:50:45,657 DEBUG LogbackTest [main] Current thread: main 1
2021-02-18 13:50:45,657 DEBUG LogbackTest [main] Current thread: main 1
2021-02-18 13:50:45,657 DEBUG LogbackTest [main] Current thread: main 1
2021-02-18 13:50:45,657 DEBUG LogbackTest [main] Current thread: main 1
2021-02-18 13:50:45,657 DEBUG LogbackTest [main] Current thread: main 1
2021-02-18 13:50:45,657 DEBUG LogbackTest [main] Current thread: main 1
2021-02-18 13:50:45,657 DEBUG LogbackTest [main] Current thread: main 1
2021-02-18 13:50:45,657 DEBUG LogbackTest [main] Current thread: main 1
2021-02-18 13:50:45,657 DEBUG LogbackTest [main] Current thread: main 1
2021-02-18 13:50:45,658 DEBUG LogbackTest [main] Current thread: main 1
2021-02-18 13:50:45,658 DEBUG LogbackTest [main] Current thread: main 1
2021-02-18 13:50:45,658 DEBUG LogbackTest [main] Current thread: main 1
2021-02-18 13:50:45,658 DEBUG LogbackTest [main] Current thread: main 1
2021-02-18 13:50:45,658 DEBUG LogbackTest [main] Current thread: main 1
2021-02-18 13:50:45,658 DEBUG LogbackTest [main] Current thread: main 1
2021-02-18 13:50:45,658 DEBUG LogbackTest [main] Current thread: main 1
2021-02-18 13:50:45,658 DEBUG LogbackTest [main] Current thread: main 1
2021-02-18 13:50:45,658 DEBUG LogbackTest [main] Current thread: main 1
2021-02-18 13:50:45,658 DEBUG LogbackTest [main] Current thread: main 1
2021-02-18 13:50:45,658 DEBUG LogbackTest [main] Current thread: main 1
2021-02-18 13:50:45,658 DEBUG LogbackTest [main] Current thread: main 1
2021-02-18 13:50:45,658 DEBUG LogbackTest [main] Current thread: main 1
2021-02-18 13:50:45,658 DEBUG LogbackTest [main] Current thread: main 1
2021-02-18 13:50:45,658 DEBUG LogbackTest [main] Current thread: main 1
2021-02-18 13:50:45,658 DEBUG LogbackTest [main] Current thread: main 1
2021-02-18 13:50:45,658 DEBUG LogbackTest [main] Current thread: main 1
2021-02-18 13:50:45,658 DEBUG LogbackTest [main] Current thread: main 1
2021-02-18 13:50:45,658 DEBUG LogbackTest [main] Current thread: main 1
2021-02-18 13:50:45,658 DEBUG LogbackTest [main] Current thread: main 1
2021-02-18 13:50:45,658 DEBUG LogbackTest [main] Current thread: main 1
2021-02-18 13:50:45,658 DEBUG LogbackTest [main] Current thread: main 1
2021-02-18 13:50:45,658 DEBUG LogbackTest [main] Current thread: main 1
2021-02-18 13:50:45,658 DEBUG LogbackTest [main] Current thread: main 1
2021-02-18 13:50:45,658 DEBUG LogbackTest [main] Current thread: main 1
2021-02-18 13:50:45,658 DEBUG LogbackTest [main] Current thread: main 1
2021-02-18 13:50:45,659 DEBUG LogbackTest [main] Current thread: main 1
2021-02-18 13:50:45,659 DEBUG LogbackTest [main] Current thread: main 1
2021-02-18 13:50:45,659 DEBUG LogbackTest [main] Current thread: main 1
2021-02-18 13:50:45,659 DEBUG LogbackTest [main] Current thread: main 1
2021-02-18 13:50:45,659 DEBUG LogbackTest [main] Current thread: main 1
2021-02-18 13:50:45,659 DEBUG LogbackTest [main] Current thread: main 1
2021-02-18 13:50:45,659 DEBUG LogbackTest [main] Current thread: main 1
2021-02-18 13:50:45,659 DEBUG LogbackTest [main] Current thread: main 1
2021-02-18 13:50:45,659 DEBUG LogbackTest [main] Current thread: main 1
2021-02-18 13:52:05,797 DEBUG LogbackTest [main] Logging Logback - DEBUG - lev.2
2021-02-18 13:52:05,797 INFO LogbackTest [main] Logging Logback - INFO - lev.3
2021-02-18 13:52:05,798 WARN LogbackTest [main] Logging Logback - WARN - lev.4
2021-02-18 13:52:05,798 ERROR LogbackTest [main] Logging Logback - ERROR - lev.5
2021-02-18 13:52:05,800 DEBUG LogbackTest [main] Is trace enabled: false
2021-02-18 13:52:05,801 DEBUG LogbackTest [main] Current thread: main 1
2021-02-18 13:52:05,803 DEBUG LogbackTest [main] Current thread: main 1
2021-02-18 13:52:05,803 DEBUG LogbackTest [main] Current thread: main 1
2021-02-18 13:52:05,803 DEBUG LogbackTest [main] Current thread: main 1
2021-02-18 13:52:05,803 DEBUG LogbackTest [main] Current thread: main 1
2021-02-18 13:52:05,803 DEBUG LogbackTest [main] Current thread: main 1
2021-02-18 13:52:05,803 DEBUG LogbackTest [main] Current thread: main 1
2021-02-18 13:52:05,803 DEBUG LogbackTest [main] Current thread: main 1
2021-02-18 13:52:05,803 DEBUG LogbackTest [main] Current thread: main 1
2021-02-18 13:52:05,803 DEBUG LogbackTest [main] Current thread: main 1
