2021-02-19 11:50:44,336 DEBUG LogbackTest [main] Current thread: main 1
2021-02-19 11:50:44,345 DEBUG LogbackTest [main] Current thread: main 1
2021-02-19 11:50:44,345 DEBUG LogbackTest [main] Current thread: main 1
2021-02-19 11:50:44,345 DEBUG LogbackTest [main] Current thread: main 1
2021-02-19 11:50:44,346 DEBUG LogbackTest [main] Current thread: main 1
2021-02-19 11:50:44,346 DEBUG LogbackTest [main] Current thread: main 1
2021-02-19 11:50:44,346 DEBUG LogbackTest [main] Current thread: main 1
2021-02-19 11:50:44,346 DEBUG LogbackTest [main] Current thread: main 1
2021-02-19 11:50:44,350 DEBUG LogbackTest [main] Current thread: main 1
2021-02-19 11:50:44,353 DEBUG LogbackTest [main] Current thread: main 1
2021-02-19 11:50:44,353 DEBUG LogbackTest [main] Current thread: main 1
2021-02-19 11:50:44,353 DEBUG LogbackTest [main] Current thread: main 1
2021-02-19 11:50:44,353 DEBUG LogbackTest [main] Current thread: main 1
2021-02-19 11:50:44,353 DEBUG LogbackTest [main] Current thread: main 1
2021-02-19 11:50:44,353 DEBUG LogbackTest [main] Current thread: main 1
2021-02-19 11:50:44,353 DEBUG LogbackTest [main] Current thread: main 1
2021-02-19 11:50:44,353 DEBUG LogbackTest [main] Current thread: main 1
2021-02-19 11:50:44,354 DEBUG LogbackTest [main] Current thread: main 1
2021-02-19 11:50:44,354 DEBUG LogbackTest [main] Current thread: main 1
2021-02-19 11:50:44,354 DEBUG LogbackTest [main] Current thread: main 1
2021-02-19 11:50:44,354 DEBUG LogbackTest [main] Current thread: main 1
2021-02-19 11:50:44,354 DEBUG LogbackTest [main] Current thread: main 1
2021-02-19 11:50:44,354 DEBUG LogbackTest [main] Current thread: main 1
2021-02-19 11:50:44,354 DEBUG LogbackTest [main] Current thread: main 1
2021-02-19 11:50:44,354 DEBUG LogbackTest [main] Current thread: main 1
2021-02-19 11:50:44,354 DEBUG LogbackTest [main] Current thread: main 1
2021-02-19 11:50:44,354 DEBUG LogbackTest [main] Current thread: main 1
2021-02-19 11:50:44,354 DEBUG LogbackTest [main] Current thread: main 1
2021-02-19 11:50:44,354 DEBUG LogbackTest [main] Current thread: main 1
2021-02-19 11:50:44,355 DEBUG LogbackTest [main] Current thread: main 1
2021-02-19 11:50:44,355 DEBUG LogbackTest [main] Current thread: main 1
2021-02-19 11:50:44,355 DEBUG LogbackTest [main] Current thread: main 1
2021-02-19 11:50:44,355 DEBUG LogbackTest [main] Current thread: main 1
2021-02-19 11:50:44,355 DEBUG LogbackTest [main] Current thread: main 1
2021-02-19 11:50:44,355 DEBUG LogbackTest [main] Current thread: main 1
2021-02-19 11:50:44,355 DEBUG LogbackTest [main] Current thread: main 1
2021-02-19 11:50:44,355 DEBUG LogbackTest [main] Current thread: main 1
2021-02-19 11:50:44,355 DEBUG LogbackTest [main] Current thread: main 1
2021-02-19 11:50:44,355 DEBUG LogbackTest [main] Current thread: main 1
2021-02-19 11:50:44,355 DEBUG LogbackTest [main] Current thread: main 1
2021-02-19 11:50:44,355 DEBUG LogbackTest [main] Current thread: main 1
2021-02-19 11:50:44,355 DEBUG LogbackTest [main] Current thread: main 1
2021-02-19 11:50:44,355 DEBUG LogbackTest [main] Current thread: main 1
2021-02-19 11:50:44,355 DEBUG LogbackTest [main] Current thread: main 1
2021-02-19 11:50:44,355 DEBUG LogbackTest [main] Current thread: main 1
2021-02-19 11:50:44,356 DEBUG LogbackTest [main] Current thread: main 1
2021-02-19 11:50:44,356 DEBUG LogbackTest [main] Current thread: main 1
2021-02-19 11:50:44,356 DEBUG LogbackTest [main] Current thread: main 1
2021-02-19 11:50:44,356 DEBUG LogbackTest [main] Current thread: main 1
2021-02-19 11:50:44,356 DEBUG LogbackTest [main] Current thread: main 1
2021-02-19 11:50:44,356 DEBUG LogbackTest [main] Current thread: main 1
2021-02-19 11:50:44,356 DEBUG LogbackTest [main] Current thread: main 1
2021-02-19 11:50:44,356 DEBUG LogbackTest [main] Current thread: main 1
2021-02-19 11:50:44,356 DEBUG LogbackTest [main] Current thread: main 1
2021-02-19 11:50:44,357 DEBUG LogbackTest [main] Current thread: main 1
2021-02-19 11:50:44,357 DEBUG LogbackTest [main] Current thread: main 1
2021-02-19 11:50:44,357 DEBUG LogbackTest [main] Current thread: main 1
2021-02-19 11:50:44,357 DEBUG LogbackTest [main] Current thread: main 1
2021-02-19 11:50:44,357 DEBUG LogbackTest [main] Current thread: main 1
2021-02-19 11:50:44,357 DEBUG LogbackTest [main] Current thread: main 1
2021-02-19 11:50:44,357 DEBUG LogbackTest [main] Current thread: main 1
2021-02-19 11:50:44,357 DEBUG LogbackTest [main] Current thread: main 1
2021-02-19 11:50:44,358 DEBUG LogbackTest [main] Current thread: main 1
2021-02-19 11:50:44,358 DEBUG LogbackTest [main] Current thread: main 1
2021-02-19 11:50:44,358 DEBUG LogbackTest [main] Current thread: main 1
2021-02-19 11:50:44,358 DEBUG LogbackTest [main] Current thread: main 1
2021-02-19 11:50:44,358 DEBUG LogbackTest [main] Current thread: main 1
2021-02-19 11:50:44,358 DEBUG LogbackTest [main] Current thread: main 1
2021-02-19 11:50:44,358 DEBUG LogbackTest [main] Current thread: main 1
2021-02-19 11:50:44,359 DEBUG LogbackTest [main] Current thread: main 1
2021-02-19 11:50:44,359 DEBUG LogbackTest [main] Current thread: main 1
2021-02-19 11:50:44,359 DEBUG LogbackTest [main] Current thread: main 1
2021-02-19 11:50:44,359 DEBUG LogbackTest [main] Current thread: main 1
2021-02-19 11:50:44,359 DEBUG LogbackTest [main] Current thread: main 1
2021-02-19 11:50:44,359 DEBUG LogbackTest [main] Current thread: main 1
2021-02-19 11:50:44,360 DEBUG LogbackTest [main] Current thread: main 1
2021-02-19 11:50:44,360 DEBUG LogbackTest [main] Current thread: main 1
2021-02-19 11:50:44,360 DEBUG LogbackTest [main] Current thread: main 1
2021-02-19 11:50:44,360 DEBUG LogbackTest [main] Current thread: main 1
2021-02-19 11:50:44,360 DEBUG LogbackTest [main] Current thread: main 1
2021-02-19 11:50:44,360 DEBUG LogbackTest [main] Current thread: main 1
2021-02-19 11:50:44,360 DEBUG LogbackTest [main] Current thread: main 1
2021-02-19 11:50:44,360 DEBUG LogbackTest [main] Current thread: main 1
2021-02-19 11:50:44,360 DEBUG LogbackTest [main] Current thread: main 1
2021-02-19 11:50:44,361 DEBUG LogbackTest [main] Current thread: main 1
2021-02-19 11:50:44,361 DEBUG LogbackTest [main] Current thread: main 1
2021-02-19 11:50:44,361 DEBUG LogbackTest [main] Current thread: main 1
2021-02-19 11:50:44,361 DEBUG LogbackTest [main] Current thread: main 1
2021-02-19 11:50:44,361 DEBUG LogbackTest [main] Current thread: main 1
2021-02-19 11:50:44,361 DEBUG LogbackTest [main] Current thread: main 1
2021-02-19 11:50:44,361 DEBUG LogbackTest [main] Message logged DEBUG = DEBUG
2021-02-19 11:50:44,361 DEBUG LogbackTest [main] Message logged DEBUG == DEBUG
2021-02-19 11:50:44,361 WARN LogbackTest [main] Message logged WARN == WARN.
2021-02-19 11:50:44,361 WARN LogbackTest [main] Message logged WARN == WARN
2021-02-19 11:50:44,362 ERROR LogbackTest [main] Message logged ERROR = ERROR
2021-02-19 11:50:44,362 ERROR LogbackTest [main] Message logged ERROR = ERROR
2021-02-19 11:53:13,764 DEBUG LogbackTest [main] Logging Logback - DEBUG - lev.2
2021-02-19 11:53:13,764 INFO LogbackTest [main] Logging Logback - INFO - lev.3
2021-02-19 11:53:13,765 WARN LogbackTest [main] Logging Logback - WARN - lev.4
2021-02-19 11:53:13,765 ERROR LogbackTest [main] Logging Logback - ERROR - lev.5
2021-02-19 11:53:13,765 DEBUG LogbackTest [main] Is trace enabled: false
2021-02-19 11:53:13,767 DEBUG LogbackTest [main] Current thread: main 1
2021-02-19 11:53:13,767 DEBUG LogbackTest [main] Current thread: main 1
2021-02-19 11:53:13,767 DEBUG LogbackTest [main] Current thread: main 1
2021-02-19 11:53:13,767 DEBUG LogbackTest [main] Current thread: main 1
2021-02-19 11:53:13,767 DEBUG LogbackTest [main] Current thread: main 1
2021-02-19 11:53:13,767 DEBUG LogbackTest [main] Current thread: main 1
2021-02-19 11:53:13,767 DEBUG LogbackTest [main] Current thread: main 1
2021-02-19 11:53:13,768 DEBUG LogbackTest [main] Current thread: main 1
2021-02-19 11:53:13,768 DEBUG LogbackTest [main] Current thread: main 1
2021-02-19 11:53:13,768 DEBUG LogbackTest [main] Current thread: main 1
